***********************************************************************************
***                        TCK bundle information                               ***
*** Name:       eclipse-jsonp-tck-1.1.0.zip                                     ***
*** Download URL:	http://download.eclipse.org/ee4j/jakartaee-tck/jakartaee8-eftl/promoted/eclipse-jsonp-tck-1.1.0.zip ***
*** Date and size: date: 2019-08-07 12:27:47.000000000 +0000, size(b): 8069058        ***
*** SHA256SUM: 6b0ee9bfba9c72f9a78d9c074f8c4014c8fccfb57e43302dc8ad64378fc9a29c ***
***                                                                             ***
***********************************************************************************
***                        TCK results summary                                  ***
[javatest.batch] Number of Tests Passed      = 169
[javatest.batch] Number of Tests Failed      = 0
[javatest.batch] Number of Tests with Errors = 0
[javatest.batch] ********************************************************************************
[javatest.batch] PASSED........com/sun/ts/tests/jsonp/api/collectortests/CollectorTests.java#jsonCollectorTest_from_standalone
[javatest.batch] PASSED........com/sun/ts/tests/jsonp/api/exceptiontests/Client.java#jsonExceptionConstructorTest1_from_standalone
[javatest.batch] PASSED........com/sun/ts/tests/jsonp/api/exceptiontests/Client.java#jsonExceptionConstructorTest2_from_standalone
[javatest.batch] PASSED........com/sun/ts/tests/jsonp/api/exceptiontests/Client.java#jsonGenerationExceptionConstructorTest1_from_standalone
[javatest.batch] PASSED........com/sun/ts/tests/jsonp/api/exceptiontests/Client.java#jsonGenerationExceptionConstructorTest2_from_standalone
[javatest.batch] PASSED........com/sun/ts/tests/jsonp/api/exceptiontests/Client.java#jsonParsingExceptionConstructorTest1_from_standalone
[javatest.batch] PASSED........com/sun/ts/tests/jsonp/api/exceptiontests/Client.java#jsonParsingExceptionConstructorTest2_from_standalone
[javatest.batch] PASSED........com/sun/ts/tests/jsonp/api/jsonarraytests/Client.java#jsonArrayBuilder11AddTest_from_standalone
[javatest.batch] PASSED........com/sun/ts/tests/jsonp/api/jsonarraytests/Client.java#jsonArrayBuilder11RemoveTest_from_standalone
[javatest.batch] PASSED........com/sun/ts/tests/jsonp/api/jsonarraytests/Client.java#jsonArrayBuilder11SetTest_from_standalone
[javatest.batch] PASSED........com/sun/ts/tests/jsonp/api/jsonarraytests/Client.java#jsonArrayExceptionTests_from_standalone
[javatest.batch] PASSED........com/sun/ts/tests/jsonp/api/jsonarraytests/Client.java#jsonArrayGetValuesAsTest_from_standalone
[javatest.batch] PASSED........com/sun/ts/tests/jsonp/api/jsonarraytests/Client.java#jsonArrayNullValueExceptionTests_from_standalone
[javatest.batch] PASSED........com/sun/ts/tests/jsonp/api/jsonarraytests/Client.java#jsonArrayTest1_from_standalone
[javatest.batch] PASSED........com/sun/ts/tests/jsonp/api/jsonarraytests/Client.java#jsonArrayTest2_from_standalone
[javatest.batch] PASSED........com/sun/ts/tests/jsonp/api/jsonarraytests/Client.java#jsonArrayTest3_from_standalone
[javatest.batch] PASSED........com/sun/ts/tests/jsonp/api/jsonarraytests/Client.java#jsonArrayTest4_from_standalone
[javatest.batch] PASSED........com/sun/ts/tests/jsonp/api/jsonarraytests/Client.java#jsonCreateArrayBuilder11Test_from_standalone
[javatest.batch] PASSED........com/sun/ts/tests/jsonp/api/jsonbuilderfactorytests/Client.java#jsonBuilderFactory11Test_from_standalone
[javatest.batch] PASSED........com/sun/ts/tests/jsonp/api/jsonbuilderfactorytests/Client.java#jsonBuilderFactoryTest1_from_standalone
[javatest.batch] PASSED........com/sun/ts/tests/jsonp/api/jsonbuilderfactorytests/Client.java#jsonBuilderFactoryTest2_from_standalone
[javatest.batch] PASSED........com/sun/ts/tests/jsonp/api/jsoncoding/Client.java#jsonEncodeTest_from_standalone
[javatest.batch] PASSED........com/sun/ts/tests/jsonp/api/jsongeneratorfactorytests/Client.java#jsonGeneratorFactoryTest1_from_standalone
[javatest.batch] PASSED........com/sun/ts/tests/jsonp/api/jsongeneratorfactorytests/Client.java#jsonGeneratorFactoryTest2_from_standalone
[javatest.batch] PASSED........com/sun/ts/tests/jsonp/api/jsongeneratorfactorytests/Client.java#jsonGeneratorFactoryTest3_from_standalone
[javatest.batch] PASSED........com/sun/ts/tests/jsonp/api/jsongeneratorfactorytests/Client.java#jsonGeneratorFactoryTest4_from_standalone
[javatest.batch] PASSED........com/sun/ts/tests/jsonp/api/jsongeneratortests/Client.java#flushTest_from_standalone
[javatest.batch] PASSED........com/sun/ts/tests/jsonp/api/jsongeneratortests/Client.java#jsonGeneratorArrayTest1_from_standalone
[javatest.batch] PASSED........com/sun/ts/tests/jsonp/api/jsongeneratortests/Client.java#jsonGeneratorArrayTest2_from_standalone
[javatest.batch] PASSED........com/sun/ts/tests/jsonp/api/jsongeneratortests/Client.java#jsonGeneratorArrayTest3_from_standalone
[javatest.batch] PASSED........com/sun/ts/tests/jsonp/api/jsongeneratortests/Client.java#jsonGeneratorArrayTest4_from_standalone
[javatest.batch] PASSED........com/sun/ts/tests/jsonp/api/jsongeneratortests/Client.java#jsonGeneratorArrayTest5_from_standalone
[javatest.batch] PASSED........com/sun/ts/tests/jsonp/api/jsongeneratortests/Client.java#jsonGeneratorDocumentRootTest_from_standalone
[javatest.batch] PASSED........com/sun/ts/tests/jsonp/api/jsongeneratortests/Client.java#jsonGeneratorExceptionTests_from_standalone
[javatest.batch] PASSED........com/sun/ts/tests/jsonp/api/jsongeneratortests/Client.java#jsonGeneratorIOErrorTests_from_standalone
[javatest.batch] PASSED........com/sun/ts/tests/jsonp/api/jsongeneratortests/Client.java#jsonGeneratorObjectConfigTest1_from_standalone
[javatest.batch] PASSED........com/sun/ts/tests/jsonp/api/jsongeneratortests/Client.java#jsonGeneratorObjectConfigTest2_from_standalone
[javatest.batch] PASSED........com/sun/ts/tests/jsonp/api/jsongeneratortests/Client.java#jsonGeneratorObjectEncodingTest1_from_standalone
[javatest.batch] PASSED........com/sun/ts/tests/jsonp/api/jsongeneratortests/Client.java#jsonGeneratorObjectEncodingTest2_from_standalone
[javatest.batch] PASSED........com/sun/ts/tests/jsonp/api/jsongeneratortests/Client.java#jsonGeneratorObjectTest1_from_standalone
[javatest.batch] PASSED........com/sun/ts/tests/jsonp/api/jsongeneratortests/Client.java#jsonGeneratorObjectTest2_from_standalone
[javatest.batch] PASSED........com/sun/ts/tests/jsonp/api/jsongeneratortests/Client.java#jsonGeneratorObjectTest3_from_standalone
[javatest.batch] PASSED........com/sun/ts/tests/jsonp/api/jsongeneratortests/Client.java#jsonGeneratorObjectTest4_from_standalone
[javatest.batch] PASSED........com/sun/ts/tests/jsonp/api/jsongeneratortests/Client.java#jsonGeneratorObjectTest5_from_standalone
[javatest.batch] PASSED........com/sun/ts/tests/jsonp/api/jsongeneratortests/Client.java#jsonGeneratorUTFEncodedTests_from_standalone
[javatest.batch] PASSED........com/sun/ts/tests/jsonp/api/jsonnumbertests/Client.java#jsonNumberEqualsTest_from_standalone
[javatest.batch] PASSED........com/sun/ts/tests/jsonp/api/jsonnumbertests/Client.java#jsonNumberHashCodeTest_from_standalone
[javatest.batch] PASSED........com/sun/ts/tests/jsonp/api/jsonnumbertests/Client.java#jsonNumberIsIntegralTest_from_standalone
[javatest.batch] PASSED........com/sun/ts/tests/jsonp/api/jsonobjecttests/Client.java#jsonCreateObjectBuilder11Test_from_standalone
[javatest.batch] PASSED........com/sun/ts/tests/jsonp/api/jsonobjecttests/Client.java#jsonObjectBuilder11Test_from_standalone
[javatest.batch] PASSED........com/sun/ts/tests/jsonp/api/jsonobjecttests/Client.java#jsonObjectExceptionTests_from_standalone
[javatest.batch] PASSED........com/sun/ts/tests/jsonp/api/jsonobjecttests/Client.java#jsonObjectNullNameValueExceptionTests_from_standalone
[javatest.batch] PASSED........com/sun/ts/tests/jsonp/api/jsonobjecttests/Client.java#jsonObjectTest1_from_standalone
[javatest.batch] PASSED........com/sun/ts/tests/jsonp/api/jsonobjecttests/Client.java#jsonObjectTest2_from_standalone
[javatest.batch] PASSED........com/sun/ts/tests/jsonp/api/jsonobjecttests/Client.java#jsonObjectTest3_from_standalone
[javatest.batch] PASSED........com/sun/ts/tests/jsonp/api/jsonobjecttests/Client.java#jsonObjectTest4_from_standalone
[javatest.batch] PASSED........com/sun/ts/tests/jsonp/api/jsonparsereventtests/Client.java#jsonValueOfTest_from_standalone
[javatest.batch] PASSED........com/sun/ts/tests/jsonp/api/jsonparsereventtests/Client.java#jsonValuesTest_from_standalone
[javatest.batch] PASSED........com/sun/ts/tests/jsonp/api/jsonparserfactorytests/Client.java#jsonParserFactoryExceptionTest_from_standalone
[javatest.batch] PASSED........com/sun/ts/tests/jsonp/api/jsonparserfactorytests/Client.java#jsonParserFactoryTest1_from_standalone
[javatest.batch] PASSED........com/sun/ts/tests/jsonp/api/jsonparserfactorytests/Client.java#jsonParserFactoryTest2_from_standalone
[javatest.batch] PASSED........com/sun/ts/tests/jsonp/api/jsonparserfactorytests/Client.java#jsonParserFactoryTest3_from_standalone
[javatest.batch] PASSED........com/sun/ts/tests/jsonp/api/jsonparserfactorytests/Client.java#jsonParserFactoryTest4_from_standalone
[javatest.batch] PASSED........com/sun/ts/tests/jsonp/api/jsonparserfactorytests/Client.java#jsonParserFactoryTest5_from_standalone
[javatest.batch] PASSED........com/sun/ts/tests/jsonp/api/jsonparserfactorytests/Client.java#jsonParserFactoryTest6_from_standalone
[javatest.batch] PASSED........com/sun/ts/tests/jsonp/api/jsonparsertests/Client.java#invalidLiteralNamesTest_from_standalone
[javatest.batch] PASSED........com/sun/ts/tests/jsonp/api/jsonparsertests/Client.java#jsonParser11Test_from_standalone
[javatest.batch] PASSED........com/sun/ts/tests/jsonp/api/jsonparsertests/Client.java#jsonParserExceptionTests_from_standalone
[javatest.batch] PASSED........com/sun/ts/tests/jsonp/api/jsonparsertests/Client.java#jsonParserIllegalExceptionTests_from_standalone
[javatest.batch] PASSED........com/sun/ts/tests/jsonp/api/jsonparsertests/Client.java#jsonParserIOErrorTests_from_standalone
[javatest.batch] PASSED........com/sun/ts/tests/jsonp/api/jsonparsertests/Client.java#jsonParserIsIntegralNumberTest_from_standalone
[javatest.batch] PASSED........com/sun/ts/tests/jsonp/api/jsonparsertests/Client.java#jsonParserTest1_from_standalone
[javatest.batch] PASSED........com/sun/ts/tests/jsonp/api/jsonparsertests/Client.java#jsonParserTest10_from_standalone
[javatest.batch] PASSED........com/sun/ts/tests/jsonp/api/jsonparsertests/Client.java#jsonParserTest11_from_standalone
[javatest.batch] PASSED........com/sun/ts/tests/jsonp/api/jsonparsertests/Client.java#jsonParserTest12_from_standalone
[javatest.batch] PASSED........com/sun/ts/tests/jsonp/api/jsonparsertests/Client.java#jsonParserTest13_from_standalone
[javatest.batch] PASSED........com/sun/ts/tests/jsonp/api/jsonparsertests/Client.java#jsonParserTest14_from_standalone
[javatest.batch] PASSED........com/sun/ts/tests/jsonp/api/jsonparsertests/Client.java#jsonParserTest2_from_standalone
[javatest.batch] PASSED........com/sun/ts/tests/jsonp/api/jsonparsertests/Client.java#jsonParserTest3_from_standalone
[javatest.batch] PASSED........com/sun/ts/tests/jsonp/api/jsonparsertests/Client.java#jsonParserTest4_from_standalone
[javatest.batch] PASSED........com/sun/ts/tests/jsonp/api/jsonparsertests/Client.java#jsonParserTest5_from_standalone
[javatest.batch] PASSED........com/sun/ts/tests/jsonp/api/jsonparsertests/Client.java#jsonParserTest6_from_standalone
[javatest.batch] PASSED........com/sun/ts/tests/jsonp/api/jsonparsertests/Client.java#jsonParserTest7_from_standalone
[javatest.batch] PASSED........com/sun/ts/tests/jsonp/api/jsonparsertests/Client.java#jsonParserTest8_from_standalone
[javatest.batch] PASSED........com/sun/ts/tests/jsonp/api/jsonparsertests/Client.java#jsonParserTest9_from_standalone
[javatest.batch] PASSED........com/sun/ts/tests/jsonp/api/jsonparsertests/Client.java#parseUTFEncodedTests_from_standalone
[javatest.batch] PASSED........com/sun/ts/tests/jsonp/api/jsonparsertests/Client.java#parseUTFEncodedTests2_from_standalone
[javatest.batch] PASSED........com/sun/ts/tests/jsonp/api/jsonreaderfactorytests/Client.java#jsonReaderFactoryTest1_from_standalone
[javatest.batch] PASSED........com/sun/ts/tests/jsonp/api/jsonreaderfactorytests/Client.java#jsonReaderFactoryTest2_from_standalone
[javatest.batch] PASSED........com/sun/ts/tests/jsonp/api/jsonreaderfactorytests/Client.java#jsonReaderFactoryTest3_from_standalone
[javatest.batch] PASSED........com/sun/ts/tests/jsonp/api/jsonreaderfactorytests/Client.java#jsonReaderFactoryTest4_from_standalone
[javatest.batch] PASSED........com/sun/ts/tests/jsonp/api/jsonreadertests/Client.java#illegalStateExceptionTests_from_standalone
[javatest.batch] PASSED........com/sun/ts/tests/jsonp/api/jsonreadertests/Client.java#invalidLiteralNamesTest_from_standalone
[javatest.batch] PASSED........com/sun/ts/tests/jsonp/api/jsonreadertests/Client.java#jsonReader11Test_from_standalone
[javatest.batch] PASSED........com/sun/ts/tests/jsonp/api/jsonreadertests/Client.java#jsonReaderIOErrorTests_from_standalone
[javatest.batch] PASSED........com/sun/ts/tests/jsonp/api/jsonreadertests/Client.java#negativeArrayTests_from_standalone
[javatest.batch] PASSED........com/sun/ts/tests/jsonp/api/jsonreadertests/Client.java#negativeJsonStructureTests_from_standalone
[javatest.batch] PASSED........com/sun/ts/tests/jsonp/api/jsonreadertests/Client.java#negativeObjectTests_from_standalone
[javatest.batch] PASSED........com/sun/ts/tests/jsonp/api/jsonreadertests/Client.java#readArrayEncodingTest_from_standalone
[javatest.batch] PASSED........com/sun/ts/tests/jsonp/api/jsonreadertests/Client.java#readArrayTest_from_standalone
[javatest.batch] PASSED........com/sun/ts/tests/jsonp/api/jsonreadertests/Client.java#readArrayTest2_from_standalone
[javatest.batch] PASSED........com/sun/ts/tests/jsonp/api/jsonreadertests/Client.java#readArrayTest3_from_standalone
[javatest.batch] PASSED........com/sun/ts/tests/jsonp/api/jsonreadertests/Client.java#readArrayTest4_from_standalone
[javatest.batch] PASSED........com/sun/ts/tests/jsonp/api/jsonreadertests/Client.java#readArrayTest5_from_standalone
[javatest.batch] PASSED........com/sun/ts/tests/jsonp/api/jsonreadertests/Client.java#readEmptyArrayTest_from_standalone
[javatest.batch] PASSED........com/sun/ts/tests/jsonp/api/jsonreadertests/Client.java#readEmptyObjectTest_from_standalone
[javatest.batch] PASSED........com/sun/ts/tests/jsonp/api/jsonreadertests/Client.java#readEscapeCharsInArrayTest_from_standalone
[javatest.batch] PASSED........com/sun/ts/tests/jsonp/api/jsonreadertests/Client.java#readEscapeCharsInObjectTest_from_standalone
[javatest.batch] PASSED........com/sun/ts/tests/jsonp/api/jsonreadertests/Client.java#readEscapeUnicodeCharsInArrayTest_from_standalone
[javatest.batch] PASSED........com/sun/ts/tests/jsonp/api/jsonreadertests/Client.java#readEscapeUnicodeCharsInObjectTest_from_standalone
[javatest.batch] PASSED........com/sun/ts/tests/jsonp/api/jsonreadertests/Client.java#readEscapeUnicodeControlCharsInArrayTest_from_standalone
[javatest.batch] PASSED........com/sun/ts/tests/jsonp/api/jsonreadertests/Client.java#readEscapeUnicodeControlCharsInObjectTest_from_standalone
[javatest.batch] PASSED........com/sun/ts/tests/jsonp/api/jsonreadertests/Client.java#readObjectEncodingTest_from_standalone
[javatest.batch] PASSED........com/sun/ts/tests/jsonp/api/jsonreadertests/Client.java#readObjectTest_from_standalone
[javatest.batch] PASSED........com/sun/ts/tests/jsonp/api/jsonreadertests/Client.java#readObjectTest2_from_standalone
[javatest.batch] PASSED........com/sun/ts/tests/jsonp/api/jsonreadertests/Client.java#readObjectTest3_from_standalone
[javatest.batch] PASSED........com/sun/ts/tests/jsonp/api/jsonreadertests/Client.java#readObjectTest4_from_standalone
[javatest.batch] PASSED........com/sun/ts/tests/jsonp/api/jsonreadertests/Client.java#readObjectTest5_from_standalone
[javatest.batch] PASSED........com/sun/ts/tests/jsonp/api/jsonreadertests/Client.java#readUTFEncodedTests_from_standalone
[javatest.batch] PASSED........com/sun/ts/tests/jsonp/api/jsonreadertests/Client.java#readUTFEncodedTests2_from_standalone
[javatest.batch] PASSED........com/sun/ts/tests/jsonp/api/jsonstreamingtests/Client.java#streamingTest1_from_standalone
[javatest.batch] PASSED........com/sun/ts/tests/jsonp/api/jsonstreamingtests/Client.java#streamingTest2_from_standalone
[javatest.batch] PASSED........com/sun/ts/tests/jsonp/api/jsonstreamingtests/Client.java#streamingTest3_from_standalone
[javatest.batch] PASSED........com/sun/ts/tests/jsonp/api/jsonstreamingtests/Client.java#streamingTest4_from_standalone
[javatest.batch] PASSED........com/sun/ts/tests/jsonp/api/jsonstringtests/Client.java#jsonStringEqualsTest_from_standalone
[javatest.batch] PASSED........com/sun/ts/tests/jsonp/api/jsonstringtests/Client.java#jsonStringGetCharsTest_from_standalone
[javatest.batch] PASSED........com/sun/ts/tests/jsonp/api/jsonstringtests/Client.java#jsonStringHashCodeTest_from_standalone
[javatest.batch] PASSED........com/sun/ts/tests/jsonp/api/jsonvaluetests/Client.java#jsonStructure11Test_from_standalone
[javatest.batch] PASSED........com/sun/ts/tests/jsonp/api/jsonvaluetests/Client.java#jsonValue11Test_from_standalone
[javatest.batch] PASSED........com/sun/ts/tests/jsonp/api/jsonvaluetests/Client.java#jsonValueOfTest_from_standalone
[javatest.batch] PASSED........com/sun/ts/tests/jsonp/api/jsonvaluetests/Client.java#jsonValuesTest_from_standalone
[javatest.batch] PASSED........com/sun/ts/tests/jsonp/api/jsonvaluetests/Client.java#jsonValueToStringTest_from_standalone
[javatest.batch] PASSED........com/sun/ts/tests/jsonp/api/jsonvaluetests/Client.java#jsonValueTypesTest_from_standalone
[javatest.batch] PASSED........com/sun/ts/tests/jsonp/api/jsonwriterfactorytests/Client.java#jsonWriterFactoryTest1_from_standalone
[javatest.batch] PASSED........com/sun/ts/tests/jsonp/api/jsonwriterfactorytests/Client.java#jsonWriterFactoryTest2_from_standalone
[javatest.batch] PASSED........com/sun/ts/tests/jsonp/api/jsonwriterfactorytests/Client.java#jsonWriterFactoryTest3_from_standalone
[javatest.batch] PASSED........com/sun/ts/tests/jsonp/api/jsonwriterfactorytests/Client.java#jsonWriterFactoryTest4_from_standalone
[javatest.batch] PASSED........com/sun/ts/tests/jsonp/api/jsonwritertests/Client.java#jsonWriter11Test_from_standalone
[javatest.batch] PASSED........com/sun/ts/tests/jsonp/api/jsonwritertests/Client.java#jsonWriterExceptionTests_from_standalone
[javatest.batch] PASSED........com/sun/ts/tests/jsonp/api/jsonwritertests/Client.java#jsonWriterIOErrorTests_from_standalone
[javatest.batch] PASSED........com/sun/ts/tests/jsonp/api/jsonwritertests/Client.java#jsonWriterTest1_from_standalone
[javatest.batch] PASSED........com/sun/ts/tests/jsonp/api/jsonwritertests/Client.java#jsonWriterTest2_from_standalone
[javatest.batch] PASSED........com/sun/ts/tests/jsonp/api/jsonwritertests/Client.java#jsonWriterTest3_from_standalone
[javatest.batch] PASSED........com/sun/ts/tests/jsonp/api/jsonwritertests/Client.java#jsonWriterTest4_from_standalone
[javatest.batch] PASSED........com/sun/ts/tests/jsonp/api/jsonwritertests/Client.java#jsonWriterTest5_from_standalone
[javatest.batch] PASSED........com/sun/ts/tests/jsonp/api/jsonwritertests/Client.java#jsonWriterTest6_from_standalone
[javatest.batch] PASSED........com/sun/ts/tests/jsonp/api/jsonwritertests/Client.java#jsonWriterTest7_from_standalone
[javatest.batch] PASSED........com/sun/ts/tests/jsonp/api/jsonwritertests/Client.java#jsonWriterTest8_from_standalone
[javatest.batch] PASSED........com/sun/ts/tests/jsonp/api/jsonwritertests/Client.java#jsonWriterUTFEncodedTests_from_standalone
[javatest.batch] PASSED........com/sun/ts/tests/jsonp/api/jsonwritertests/Client.java#jsonWriterWithConfigTest1_from_standalone
[javatest.batch] PASSED........com/sun/ts/tests/jsonp/api/jsonwritertests/Client.java#jsonWriterWithConfigTest2_from_standalone
[javatest.batch] PASSED........com/sun/ts/tests/jsonp/api/mergetests/MergeTests.java#jsonMergeAddValueTest_from_standalone
[javatest.batch] PASSED........com/sun/ts/tests/jsonp/api/mergetests/MergeTests.java#jsonMergeNonObjectTest_from_standalone
[javatest.batch] PASSED........com/sun/ts/tests/jsonp/api/mergetests/MergeTests.java#jsonMergeRemoveValueTest_from_standalone
[javatest.batch] PASSED........com/sun/ts/tests/jsonp/api/mergetests/MergeTests.java#jsonMergeReplaceValueTest_from_standalone
[javatest.batch] PASSED........com/sun/ts/tests/jsonp/api/mergetests/MergeTests.java#jsonMergeRFCSampleTest_from_standalone
[javatest.batch] PASSED........com/sun/ts/tests/jsonp/api/patchtests/PatchTests.java#jsonCreatePatch11Test_from_standalone
[javatest.batch] PASSED........com/sun/ts/tests/jsonp/api/patchtests/PatchTests.java#jsonJsonPatchOperation11Test_from_standalone
[javatest.batch] PASSED........com/sun/ts/tests/jsonp/api/patchtests/PatchTests.java#jsonPatchAddTest_from_standalone
[javatest.batch] PASSED........com/sun/ts/tests/jsonp/api/patchtests/PatchTests.java#jsonPatchCopyTest_from_standalone
[javatest.batch] PASSED........com/sun/ts/tests/jsonp/api/patchtests/PatchTests.java#jsonPatchMoveTest_from_standalone
[javatest.batch] PASSED........com/sun/ts/tests/jsonp/api/patchtests/PatchTests.java#jsonPatchRemoveTest_from_standalone
[javatest.batch] PASSED........com/sun/ts/tests/jsonp/api/patchtests/PatchTests.java#jsonPatchReplaceTest_from_standalone
[javatest.batch] PASSED........com/sun/ts/tests/jsonp/api/patchtests/PatchTests.java#jsonPatchTestTest_from_standalone
[javatest.batch] PASSED........com/sun/ts/tests/jsonp/api/pointertests/PointerTests.java#jsonPointerAddOperationTest_from_standalone
[javatest.batch] PASSED........com/sun/ts/tests/jsonp/api/pointertests/PointerTests.java#jsonPointerRemoveOperationTest_from_standalone
[javatest.batch] PASSED........com/sun/ts/tests/jsonp/api/pointertests/PointerTests.java#jsonPointerReplaceOperationTest_from_standalone
[javatest.batch] PASSED........com/sun/ts/tests/jsonp/api/pointertests/PointerTests.java#jsonPointerResolveTest_from_standalone
[javatest.batch] PASSED........com/sun/ts/tests/signaturetest/jsonp/JSONPSigTest.java#signatureTest_from_standalone
[javatest.batch] 
[javatest.batch] Nov 29, 2019 6:22:22 AM Finished executing all tests, wait for cleanup...
[javatest.batch] Nov 29, 2019 6:22:22 AM Harness done with cleanup from test run.
[javatest.batch] Total time = 247s
[javatest.batch] Setup time = 0s
[javatest.batch] Cleanup time = 0s
[javatest.batch] Test results: passed: 169
[javatest.batch] Results written to /home/jenkins/agent/workspace/TCK_JSONP_run/JTworkjsonp.
[javatest.batch] Report written to /home/jenkins/agent/workspace/TCK_JSONP_run/JTreportjsonp
     [echo] ts.home = /home/jenkins/agent/workspace/TCK_JSONP_run/jsonp-tck/bin/xml/../..
     [echo] In a bundle
     [echo] The deliverable currently in use is /home/jenkins/agent/workspace/TCK_JSONP_run/jsonp-tck/bin/xml/../../bin.

run.pluggability:
     [echo] Running pluggability tests to verify spi plugin mechanism to our own JsonProvider class ...
     [echo] ts.home = /home/jenkins/agent/workspace/TCK_JSONP_run/jsonp-tck/bin/xml/../..
     [echo] In a bundle
     [echo] The deliverable currently in use is /home/jenkins/agent/workspace/TCK_JSONP_run/jsonp-tck/bin/xml/../../bin.

translatepath:

enable.alternate.jsonp.provider:
     [echo] Enable our alternate JsonProvider class for the pluggability tests ...
     [echo] ts.home = /home/jenkins/agent/workspace/TCK_JSONP_run/jsonp-tck/bin/xml/../..
     [echo] In a bundle
     [echo] The deliverable currently in use is /home/jenkins/agent/workspace/TCK_JSONP_run/jsonp-tck/bin/xml/../../bin.

-check.for.deliverable.subset:

-check.for.test.dir.file:

runclient:
     [echo] ts.home = /home/jenkins/agent/workspace/TCK_JSONP_run/jsonp-tck/bin/xml/../..
     [echo] In a bundle
     [echo] The deliverable currently in use is /home/jenkins/agent/workspace/TCK_JSONP_run/jsonp-tck/bin/xml/../../bin.

-check.for.test.dir.file:

TestImport.runclient:
     [echo] ts.home = /home/jenkins/agent/workspace/TCK_JSONP_run/jsonp-tck/bin/xml/../..
     [echo] In a bundle
     [echo] The deliverable currently in use is /home/jenkins/agent/workspace/TCK_JSONP_run/jsonp-tck/bin/xml/../../bin.

init:

set.keywords:
     [echo] keywords are set to:  all

set.prior.status:

prior.status:

check.results.mode:
     [echo] prior.status = pass,fail,error,notRun
     [echo] Results Mode is append

check.existing.dirs:

delete.existing.dirs:

backup.work.dir:

backup.report.dir:

set.report.arg:

prepare.work.report.dirs:

get.client:

check.selected.test:

no.selected.test:

check.java.options:

no.java.options:

translatepath:

runclient:
[translatepath] tests.string=com/sun/ts/tests/jsonp/pluggability, does not contain '/src/'
[javatest.batch] Picked up JAVA_TOOL_OPTIONS: -XX:+IgnoreUnrecognizedVMOptions -XX:+UseContainerSupport -XX:+UnlockExperimentalVMOptions -XX:+UseCGroupMemoryLimitForHeap
[javatest.batch] Picked up _JAVA_OPTIONS: -XX:MaxRAMPercentage=64.0
[javatest.batch] ************************************************************
[javatest.batch] * props file set to "/tmp/default-cts-props.txt"
[javatest.batch] ************************************************************
[javatest.batch] 11-29-2019 06:22:22:  Harness - Use BinaryTestFinder...
[javatest.batch] Nov 29, 2019 6:22:23 AM Harness starting test run with configuration "ts_unix"...
[javatest.batch] Starting tests
[javatest.batch] 11-29-2019 06:22:23:  Harness - startingTestRun - keywords set to:  all
[javatest.batch] 11-29-2019 06:22:23:  Harness - harness.executeMode is set to "2"
[javatest.batch] ********************************************************************************
[javatest.batch] Beginning Test:  com/sun/ts/tests/jsonp/pluggability/jsonprovidertests/Client.java#jsonProviderTest1_from_standalone
[javatest.batch] ********************************************************************************
[javatest.batch] 
[javatest.batch] 11-29-2019 06:22:23:  Harness - harness.executeMode is set to "2"
[javatest.batch] 11-29-2019 06:22:23:  Harness - harness.executeMode is set to "2"
[javatest.batch] 11-29-2019 06:22:23:  Harness - keywords (to be passed to tests) set to:  all
[javatest.batch] 11-29-2019 06:22:23:  Harness - sClassPathFromExecProps = 
[javatest.batch] command: com.sun.ts.lib.harness.ExecTSTestCmd CLASSPATH=:/home/jenkins/agent/workspace/TCK_JSONP_run/jsonp-tck/bin/xml/../../lib/tsharness.jar:/home/jenkins/agent/workspace/TCK_JSONP_run/jsonp-tck/bin/xml/../../lib/sigtest.jar:/home/jenkins/agent/workspace/TCK_JSONP_run/jsonp-tck/bin/xml/../../lib/jsonptck.jar:/home/jenkins/agent/workspace/TCK_JSONP_run/jsonp-tck/bin/xml/../../classes:/home/jenkins/agent/workspace/TCK_JSONP_run/jsonp-tck/bin/xml/../../bin:/home/jenkins/agent/workspace/TCK_JSONP_run/jsonp-tck/bin/xml/../../lib/jsonp_alternate_provider.jar:/home/jenkins/agent/workspace/TCK_JSONP_run/jsonp-tck/bin/xml/../../src/com/sun/ts/tests/jsonp/resources:/home/jenkins/agent/workspace/TCK_JSONP_run/jsonp-tck/bin/xml/../../../glassfish5/glassfish/modules/cdi-api.jar:/home/jenkins/agent/workspace/TCK_JSONP_run/jsonp-tck/bin/xml/../../../glassfish5/glassfish/modules/jakarta.ejb-api.jar:/home/jenkins/agent/workspace/TCK_JSONP_run/jsonp-tck/bin/xml/../../../glassfish5/glassfish/modules/jakarta.inject.jar:/home/jenkins/agent/workspace/TCK_JSONP_run/jsonp-tck/bin/xml/../../../glassfish5/glassfish/modules/jakarta.json.jar:/home/jenkins/agent/workspace/TCK_JSONP_run/jsonp-tck/bin/xml/../../../glassfish5/glassfish/modules/jakarta.json-api.jar:/home/jenkins/agent/workspace/TCK_JSONP_run/jsonp-tck/bin/xml/../../../glassfish5/glassfish/modules/jakarta.persistence.jar:/home/jenkins/agent/workspace/TCK_JSONP_run/jsonp-tck/bin/xml/../../../glassfish5/glassfish/modules/jakarta.servlet-api.jar:/home/jenkins/agent/workspace/TCK_JSONP_run/jsonp-tck/bin/xml/../../../glassfish5/glassfish/modules/jakarta.transaction-api.jar DISPLAY=:0.0 HOME=/home/jenkins windir= SYSTEMROOT= /opt/tools/java/oracle/jdk-8/1.8.0_202/jre/bin/java -Djava.security.policy=/home/jenkins/agent/workspace/TCK_JSONP_run/jsonp-tck/bin/xml/../../bin/harness.policy -Djava.security.manager -Ddeliverable.class=com.sun.ts.lib.deliverable.jsonp.JSONPDeliverable com.sun.ts.tests.common.vehicle.VehicleClient -p /home/jenkins/agent/workspace/TCK_JSONP_run/jsonp-tck/bin/xml/../../tmp/tstest.jte -t jsonProviderTest1 -vehicle standalone
[javatest.batch] ************************************************************
[javatest.batch] * props file set to "/tmp/default-cts-props.txt"
[javatest.batch] ************************************************************
[javatest.batch] 11-29-2019 06:22:23:  TRACE: #######  Value of harness.socket.retry.count is "10"
[javatest.batch] 11-29-2019 06:22:23:  TRACE: #######  Value of harness.log.port is "2000"
[javatest.batch] 11-29-2019 06:22:23:  TRACE: #######  Actual bind value of harness.log.port is "2000"
[javatest.batch] 11-29-2019 06:22:23:  TRACE: in ServiceEETest.run() method
[javatest.batch] 11-29-2019 06:22:23:  TRACE: Vehicle to be used for this test is:  standalone
[javatest.batch] 11-29-2019 06:22:23:  TRACE: in custom vehicle so call on EETest.
[javatest.batch] 11-29-2019 06:22:23:  TRACE: *** in EETest.run(argv,p)
[javatest.batch] 11-29-2019 06:22:23:  TRACE: TESTCLASS=com.sun.ts.tests.jsonp.pluggability.jsonprovidertests.Client
[javatest.batch] 11-29-2019 06:22:23:  TRACE: ** IN getRunMethod: testClass=com.sun.ts.tests.jsonp.pluggability.jsonprovidertests.Client
[javatest.batch] 11-29-2019 06:22:23:  TRACE: ** IN getRunMethod: testname=jsonProviderTest1
[javatest.batch] 11-29-2019 06:22:23:  TRACE: ** GOT RUN METHOD!
[javatest.batch] 11-29-2019 06:22:23:  TRACE: **runmethod=jsonProviderTest1
[javatest.batch] 11-29-2019 06:22:23:  TRACE: ABOUT TO GET SETUP METHOD!
[javatest.batch] 11-29-2019 06:22:23:  TRACE: No setupMethod annotation present
[javatest.batch] 11-29-2019 06:22:23:  TRACE: getSetupMethod - checking for testcase specific setup method:  jsonProviderTest1_setup
[javatest.batch] 11-29-2019 06:22:23:  TRACE: getSetupMethod - checking for default class specific setup method
[javatest.batch] 11-29-2019 06:22:23:  TRACE: GOT SETUP METHOD!
[javatest.batch] 11-29-2019 06:22:23:  TRACE: No cleanupMethod annotation present
[javatest.batch] 11-29-2019 06:22:23:  TRACE: getCleanupMethod - checking for testcase specific cleanup method:  jsonProviderTest1_cleanup
[javatest.batch] 11-29-2019 06:22:23:  TRACE: getCleanupMethod - checking for default class specific cleanup method
[javatest.batch] 11-29-2019 06:22:23:  TRACE: GOT CLEANUP METHOD!
[javatest.batch] 11-29-2019 06:22:23:  TRACE: ABOUT TO INVOKE SETUP METHOD!
[javatest.batch] 11-29-2019 06:22:23:  setup ok
[javatest.batch] 11-29-2019 06:22:23:  TRACE: INVOKED SETUP METHOD!
[javatest.batch] 11-29-2019 06:22:23:  TRACE: ABOUT TO INVOKE EETEST RUN METHOD!
[javatest.batch] 11-29-2019 06:22:23:  provider class=com.sun.ts.tests.jsonp.provider.MyJsonProvider
[javatest.batch] 11-29-2019 06:22:23:  Current provider is my provider - expected.
[javatest.batch] 11-29-2019 06:22:23:  cleanup ok
[javatest.batch] 11-29-2019 06:22:24:  TRACE: SLEPT FOR:  1000
[javatest.batch] STATUS:Passed.
[javatest.batch] Passed.
[javatest.batch] ********************************************************************************
[javatest.batch] Finished Test:  PASSED........com/sun/ts/tests/jsonp/pluggability/jsonprovidertests/Client.java#jsonProviderTest1_from_standalone
[javatest.batch] ********************************************************************************
[javatest.batch] Number of tests completed:  1 (1 passed, 0 failed, 0 with errors)
[javatest.batch] Number of tests remaining:  17
[javatest.batch] ********************************************************************************
[javatest.batch] Beginning Test:  com/sun/ts/tests/jsonp/pluggability/jsonprovidertests/Client.java#jsonProviderTest10_from_standalone
[javatest.batch] ********************************************************************************
[javatest.batch] 
[javatest.batch] 11-29-2019 06:22:24:  Harness - harness.executeMode is set to "2"
[javatest.batch] 11-29-2019 06:22:24:  Harness - keywords (to be passed to tests) set to:  all
[javatest.batch] 11-29-2019 06:22:24:  Harness - sClassPathFromExecProps = 
[javatest.batch] command: com.sun.ts.lib.harness.ExecTSTestCmd CLASSPATH=:/home/jenkins/agent/workspace/TCK_JSONP_run/jsonp-tck/bin/xml/../../lib/tsharness.jar:/home/jenkins/agent/workspace/TCK_JSONP_run/jsonp-tck/bin/xml/../../lib/sigtest.jar:/home/jenkins/agent/workspace/TCK_JSONP_run/jsonp-tck/bin/xml/../../lib/jsonptck.jar:/home/jenkins/agent/workspace/TCK_JSONP_run/jsonp-tck/bin/xml/../../classes:/home/jenkins/agent/workspace/TCK_JSONP_run/jsonp-tck/bin/xml/../../bin:/home/jenkins/agent/workspace/TCK_JSONP_run/jsonp-tck/bin/xml/../../lib/jsonp_alternate_provider.jar:/home/jenkins/agent/workspace/TCK_JSONP_run/jsonp-tck/bin/xml/../../src/com/sun/ts/tests/jsonp/resources:/home/jenkins/agent/workspace/TCK_JSONP_run/jsonp-tck/bin/xml/../../../glassfish5/glassfish/modules/cdi-api.jar:/home/jenkins/agent/workspace/TCK_JSONP_run/jsonp-tck/bin/xml/../../../glassfish5/glassfish/modules/jakarta.ejb-api.jar:/home/jenkins/agent/workspace/TCK_JSONP_run/jsonp-tck/bin/xml/../../../glassfish5/glassfish/modules/jakarta.inject.jar:/home/jenkins/agent/workspace/TCK_JSONP_run/jsonp-tck/bin/xml/../../../glassfish5/glassfish/modules/jakarta.json.jar:/home/jenkins/agent/workspace/TCK_JSONP_run/jsonp-tck/bin/xml/../../../glassfish5/glassfish/modules/jakarta.json-api.jar:/home/jenkins/agent/workspace/TCK_JSONP_run/jsonp-tck/bin/xml/../../../glassfish5/glassfish/modules/jakarta.persistence.jar:/home/jenkins/agent/workspace/TCK_JSONP_run/jsonp-tck/bin/xml/../../../glassfish5/glassfish/modules/jakarta.servlet-api.jar:/home/jenkins/agent/workspace/TCK_JSONP_run/jsonp-tck/bin/xml/../../../glassfish5/glassfish/modules/jakarta.transaction-api.jar DISPLAY=:0.0 HOME=/home/jenkins windir= SYSTEMROOT= /opt/tools/java/oracle/jdk-8/1.8.0_202/jre/bin/java -Djava.security.policy=/home/jenkins/agent/workspace/TCK_JSONP_run/jsonp-tck/bin/xml/../../bin/harness.policy -Djava.security.manager -Ddeliverable.class=com.sun.ts.lib.deliverable.jsonp.JSONPDeliverable com.sun.ts.tests.common.vehicle.VehicleClient -p /home/jenkins/agent/workspace/TCK_JSONP_run/jsonp-tck/bin/xml/../../tmp/tstest.jte -t jsonProviderTest10 -vehicle standalone
[javatest.batch] ************************************************************
[javatest.batch] * props file set to "/tmp/default-cts-props.txt"
[javatest.batch] ************************************************************
[javatest.batch] 11-29-2019 06:22:24:  TRACE: #######  Value of harness.socket.retry.count is "10"
[javatest.batch] 11-29-2019 06:22:24:  TRACE: #######  Value of harness.log.port is "2000"
[javatest.batch] 11-29-2019 06:22:24:  TRACE: #######  Actual bind value of harness.log.port is "2000"
[javatest.batch] 11-29-2019 06:22:24:  TRACE: in ServiceEETest.run() method
[javatest.batch] 11-29-2019 06:22:24:  TRACE: Vehicle to be used for this test is:  standalone
[javatest.batch] 11-29-2019 06:22:24:  TRACE: in custom vehicle so call on EETest.
[javatest.batch] 11-29-2019 06:22:24:  TRACE: *** in EETest.run(argv,p)
[javatest.batch] 11-29-2019 06:22:24:  TRACE: TESTCLASS=com.sun.ts.tests.jsonp.pluggability.jsonprovidertests.Client
[javatest.batch] 11-29-2019 06:22:24:  TRACE: ** IN getRunMethod: testClass=com.sun.ts.tests.jsonp.pluggability.jsonprovidertests.Client
[javatest.batch] 11-29-2019 06:22:24:  TRACE: ** IN getRunMethod: testname=jsonProviderTest10
[javatest.batch] 11-29-2019 06:22:24:  TRACE: ** GOT RUN METHOD!
[javatest.batch] 11-29-2019 06:22:24:  TRACE: **runmethod=jsonProviderTest10
[javatest.batch] 11-29-2019 06:22:24:  TRACE: ABOUT TO GET SETUP METHOD!
[javatest.batch] 11-29-2019 06:22:24:  TRACE: No setupMethod annotation present
[javatest.batch] 11-29-2019 06:22:24:  TRACE: getSetupMethod - checking for testcase specific setup method:  jsonProviderTest10_setup
[javatest.batch] 11-29-2019 06:22:24:  TRACE: getSetupMethod - checking for default class specific setup method
[javatest.batch] 11-29-2019 06:22:24:  TRACE: GOT SETUP METHOD!
[javatest.batch] 11-29-2019 06:22:24:  TRACE: No cleanupMethod annotation present
[javatest.batch] 11-29-2019 06:22:24:  TRACE: getCleanupMethod - checking for testcase specific cleanup method:  jsonProviderTest10_cleanup
[javatest.batch] 11-29-2019 06:22:24:  TRACE: getCleanupMethod - checking for default class specific cleanup method
[javatest.batch] 11-29-2019 06:22:24:  TRACE: GOT CLEANUP METHOD!
[javatest.batch] 11-29-2019 06:22:24:  TRACE: ABOUT TO INVOKE SETUP METHOD!
[javatest.batch] 11-29-2019 06:22:24:  setup ok
[javatest.batch] 11-29-2019 06:22:24:  TRACE: INVOKED SETUP METHOD!
[javatest.batch] 11-29-2019 06:22:24:  TRACE: ABOUT TO INVOKE EETEST RUN METHOD!
[javatest.batch] 11-29-2019 06:22:24:  Calling SPI provider method: public JsonParser createParser(InputStream)
[javatest.batch] 11-29-2019 06:22:24:  TRACE: public JsonParser createParser(InputStream)
[javatest.batch] 11-29-2019 06:22:24:  Caught expected JsonException: javax.json.JsonException: encoding or i/o error
[javatest.batch] 11-29-2019 06:22:24:  cleanup ok
[javatest.batch] 11-29-2019 06:22:25:  TRACE: SLEPT FOR:  1000
[javatest.batch] STATUS:Passed.
[javatest.batch] Passed.
[javatest.batch] ********************************************************************************
[javatest.batch] Finished Test:  PASSED........com/sun/ts/tests/jsonp/pluggability/jsonprovidertests/Client.java#jsonProviderTest10_from_standalone
[javatest.batch] ********************************************************************************
[javatest.batch] Number of tests completed:  2 (2 passed, 0 failed, 0 with errors)
[javatest.batch] Number of tests remaining:  16
[javatest.batch] ********************************************************************************
[javatest.batch] Beginning Test:  com/sun/ts/tests/jsonp/pluggability/jsonprovidertests/Client.java#jsonProviderTest11_from_standalone
[javatest.batch] ********************************************************************************
[javatest.batch] 
[javatest.batch] 11-29-2019 06:22:26:  Harness - harness.executeMode is set to "2"
[javatest.batch] 11-29-2019 06:22:26:  Harness - keywords (to be passed to tests) set to:  all
[javatest.batch] 11-29-2019 06:22:26:  Harness - sClassPathFromExecProps = 
[javatest.batch] command: com.sun.ts.lib.harness.ExecTSTestCmd CLASSPATH=:/home/jenkins/agent/workspace/TCK_JSONP_run/jsonp-tck/bin/xml/../../lib/tsharness.jar:/home/jenkins/agent/workspace/TCK_JSONP_run/jsonp-tck/bin/xml/../../lib/sigtest.jar:/home/jenkins/agent/workspace/TCK_JSONP_run/jsonp-tck/bin/xml/../../lib/jsonptck.jar:/home/jenkins/agent/workspace/TCK_JSONP_run/jsonp-tck/bin/xml/../../classes:/home/jenkins/agent/workspace/TCK_JSONP_run/jsonp-tck/bin/xml/../../bin:/home/jenkins/agent/workspace/TCK_JSONP_run/jsonp-tck/bin/xml/../../lib/jsonp_alternate_provider.jar:/home/jenkins/agent/workspace/TCK_JSONP_run/jsonp-tck/bin/xml/../../src/com/sun/ts/tests/jsonp/resources:/home/jenkins/agent/workspace/TCK_JSONP_run/jsonp-tck/bin/xml/../../../glassfish5/glassfish/modules/cdi-api.jar:/home/jenkins/agent/workspace/TCK_JSONP_run/jsonp-tck/bin/xml/../../../glassfish5/glassfish/modules/jakarta.ejb-api.jar:/home/jenkins/agent/workspace/TCK_JSONP_run/jsonp-tck/bin/xml/../../../glassfish5/glassfish/modules/jakarta.inject.jar:/home/jenkins/agent/workspace/TCK_JSONP_run/jsonp-tck/bin/xml/../../../glassfish5/glassfish/modules/jakarta.json.jar:/home/jenkins/agent/workspace/TCK_JSONP_run/jsonp-tck/bin/xml/../../../glassfish5/glassfish/modules/jakarta.json-api.jar:/home/jenkins/agent/workspace/TCK_JSONP_run/jsonp-tck/bin/xml/../../../glassfish5/glassfish/modules/jakarta.persistence.jar:/home/jenkins/agent/workspace/TCK_JSONP_run/jsonp-tck/bin/xml/../../../glassfish5/glassfish/modules/jakarta.servlet-api.jar:/home/jenkins/agent/workspace/TCK_JSONP_run/jsonp-tck/bin/xml/../../../glassfish5/glassfish/modules/jakarta.transaction-api.jar DISPLAY=:0.0 HOME=/home/jenkins windir= SYSTEMROOT= /opt/tools/java/oracle/jdk-8/1.8.0_202/jre/bin/java -Djava.security.policy=/home/jenkins/agent/workspace/TCK_JSONP_run/jsonp-tck/bin/xml/../../bin/harness.policy -Djava.security.manager -Ddeliverable.class=com.sun.ts.lib.deliverable.jsonp.JSONPDeliverable com.sun.ts.tests.common.vehicle.VehicleClient -p /home/jenkins/agent/workspace/TCK_JSONP_run/jsonp-tck/bin/xml/../../tmp/tstest.jte -t jsonProviderTest11 -vehicle standalone
[javatest.batch] ************************************************************
[javatest.batch] * props file set to "/tmp/default-cts-props.txt"
[javatest.batch] ************************************************************
[javatest.batch] 11-29-2019 06:22:26:  TRACE: #######  Value of harness.socket.retry.count is "10"
[javatest.batch] 11-29-2019 06:22:26:  TRACE: #######  Value of harness.log.port is "2000"
[javatest.batch] 11-29-2019 06:22:26:  TRACE: #######  Actual bind value of harness.log.port is "2000"
[javatest.batch] 11-29-2019 06:22:26:  TRACE: in ServiceEETest.run() method
[javatest.batch] 11-29-2019 06:22:26:  TRACE: Vehicle to be used for this test is:  standalone
[javatest.batch] 11-29-2019 06:22:26:  TRACE: in custom vehicle so call on EETest.
[javatest.batch] 11-29-2019 06:22:26:  TRACE: *** in EETest.run(argv,p)
[javatest.batch] 11-29-2019 06:22:26:  TRACE: TESTCLASS=com.sun.ts.tests.jsonp.pluggability.jsonprovidertests.Client
[javatest.batch] 11-29-2019 06:22:26:  TRACE: ** IN getRunMethod: testClass=com.sun.ts.tests.jsonp.pluggability.jsonprovidertests.Client
[javatest.batch] 11-29-2019 06:22:26:  TRACE: ** IN getRunMethod: testname=jsonProviderTest11
[javatest.batch] 11-29-2019 06:22:26:  TRACE: ** GOT RUN METHOD!
[javatest.batch] 11-29-2019 06:22:26:  TRACE: **runmethod=jsonProviderTest11
[javatest.batch] 11-29-2019 06:22:26:  TRACE: ABOUT TO GET SETUP METHOD!
[javatest.batch] 11-29-2019 06:22:26:  TRACE: No setupMethod annotation present
[javatest.batch] 11-29-2019 06:22:26:  TRACE: getSetupMethod - checking for testcase specific setup method:  jsonProviderTest11_setup
[javatest.batch] 11-29-2019 06:22:26:  TRACE: getSetupMethod - checking for default class specific setup method
[javatest.batch] 11-29-2019 06:22:26:  TRACE: GOT SETUP METHOD!
[javatest.batch] 11-29-2019 06:22:26:  TRACE: No cleanupMethod annotation present
[javatest.batch] 11-29-2019 06:22:26:  TRACE: getCleanupMethod - checking for testcase specific cleanup method:  jsonProviderTest11_cleanup
[javatest.batch] 11-29-2019 06:22:26:  TRACE: getCleanupMethod - checking for default class specific cleanup method
[javatest.batch] 11-29-2019 06:22:26:  TRACE: GOT CLEANUP METHOD!
[javatest.batch] 11-29-2019 06:22:26:  TRACE: ABOUT TO INVOKE SETUP METHOD!
[javatest.batch] 11-29-2019 06:22:26:  setup ok
[javatest.batch] 11-29-2019 06:22:26:  TRACE: INVOKED SETUP METHOD!
[javatest.batch] 11-29-2019 06:22:26:  TRACE: ABOUT TO INVOKE EETEST RUN METHOD!
[javatest.batch] 11-29-2019 06:22:26:  Calling SPI provider method: public JsonArrayBuilder createArrayBuilder()
[javatest.batch] 11-29-2019 06:22:26:  TRACE: public JsonArrayBuilder createArrayBuilder()
[javatest.batch] 11-29-2019 06:22:26:  Verify SPI provider method was called: public JsonArrayBuilder createArrayBuilder()
[javatest.batch] 11-29-2019 06:22:26:  String match
[javatest.batch] 11-29-2019 06:22:26:  Expected: public JsonArrayBuilder createArrayBuilder()
[javatest.batch] 11-29-2019 06:22:26:  Actual:   public JsonArrayBuilder createArrayBuilder()
[javatest.batch] 11-29-2019 06:22:26:  cleanup ok
[javatest.batch] 11-29-2019 06:22:27:  TRACE: SLEPT FOR:  1000
[javatest.batch] STATUS:Passed.
[javatest.batch] Passed.
[javatest.batch] ********************************************************************************
[javatest.batch] Finished Test:  PASSED........com/sun/ts/tests/jsonp/pluggability/jsonprovidertests/Client.java#jsonProviderTest11_from_standalone
[javatest.batch] ********************************************************************************
[javatest.batch] Number of tests completed:  3 (3 passed, 0 failed, 0 with errors)
[javatest.batch] Number of tests remaining:  15
[javatest.batch] ********************************************************************************
[javatest.batch] Beginning Test:  com/sun/ts/tests/jsonp/pluggability/jsonprovidertests/Client.java#jsonProviderTest12_from_standalone
[javatest.batch] ********************************************************************************
[javatest.batch] 
[javatest.batch] 11-29-2019 06:22:27:  Harness - harness.executeMode is set to "2"
[javatest.batch] 11-29-2019 06:22:27:  Harness - keywords (to be passed to tests) set to:  all
[javatest.batch] 11-29-2019 06:22:27:  Harness - sClassPathFromExecProps = 
[javatest.batch] command: com.sun.ts.lib.harness.ExecTSTestCmd CLASSPATH=:/home/jenkins/agent/workspace/TCK_JSONP_run/jsonp-tck/bin/xml/../../lib/tsharness.jar:/home/jenkins/agent/workspace/TCK_JSONP_run/jsonp-tck/bin/xml/../../lib/sigtest.jar:/home/jenkins/agent/workspace/TCK_JSONP_run/jsonp-tck/bin/xml/../../lib/jsonptck.jar:/home/jenkins/agent/workspace/TCK_JSONP_run/jsonp-tck/bin/xml/../../classes:/home/jenkins/agent/workspace/TCK_JSONP_run/jsonp-tck/bin/xml/../../bin:/home/jenkins/agent/workspace/TCK_JSONP_run/jsonp-tck/bin/xml/../../lib/jsonp_alternate_provider.jar:/home/jenkins/agent/workspace/TCK_JSONP_run/jsonp-tck/bin/xml/../../src/com/sun/ts/tests/jsonp/resources:/home/jenkins/agent/workspace/TCK_JSONP_run/jsonp-tck/bin/xml/../../../glassfish5/glassfish/modules/cdi-api.jar:/home/jenkins/agent/workspace/TCK_JSONP_run/jsonp-tck/bin/xml/../../../glassfish5/glassfish/modules/jakarta.ejb-api.jar:/home/jenkins/agent/workspace/TCK_JSONP_run/jsonp-tck/bin/xml/../../../glassfish5/glassfish/modules/jakarta.inject.jar:/home/jenkins/agent/workspace/TCK_JSONP_run/jsonp-tck/bin/xml/../../../glassfish5/glassfish/modules/jakarta.json.jar:/home/jenkins/agent/workspace/TCK_JSONP_run/jsonp-tck/bin/xml/../../../glassfish5/glassfish/modules/jakarta.json-api.jar:/home/jenkins/agent/workspace/TCK_JSONP_run/jsonp-tck/bin/xml/../../../glassfish5/glassfish/modules/jakarta.persistence.jar:/home/jenkins/agent/workspace/TCK_JSONP_run/jsonp-tck/bin/xml/../../../glassfish5/glassfish/modules/jakarta.servlet-api.jar:/home/jenkins/agent/workspace/TCK_JSONP_run/jsonp-tck/bin/xml/../../../glassfish5/glassfish/modules/jakarta.transaction-api.jar DISPLAY=:0.0 HOME=/home/jenkins windir= SYSTEMROOT= /opt/tools/java/oracle/jdk-8/1.8.0_202/jre/bin/java -Djava.security.policy=/home/jenkins/agent/workspace/TCK_JSONP_run/jsonp-tck/bin/xml/../../bin/harness.policy -Djava.security.manager -Ddeliverable.class=com.sun.ts.lib.deliverable.jsonp.JSONPDeliverable com.sun.ts.tests.common.vehicle.VehicleClient -p /home/jenkins/agent/workspace/TCK_JSONP_run/jsonp-tck/bin/xml/../../tmp/tstest.jte -t jsonProviderTest12 -vehicle standalone
[javatest.batch] ************************************************************
[javatest.batch] * props file set to "/tmp/default-cts-props.txt"
[javatest.batch] ************************************************************
[javatest.batch] 11-29-2019 06:22:27:  TRACE: #######  Value of harness.socket.retry.count is "10"
[javatest.batch] 11-29-2019 06:22:27:  TRACE: #######  Value of harness.log.port is "2000"
[javatest.batch] 11-29-2019 06:22:27:  TRACE: #######  Actual bind value of harness.log.port is "2000"
[javatest.batch] 11-29-2019 06:22:27:  TRACE: in ServiceEETest.run() method
[javatest.batch] 11-29-2019 06:22:27:  TRACE: Vehicle to be used for this test is:  standalone
[javatest.batch] 11-29-2019 06:22:27:  TRACE: in custom vehicle so call on EETest.
[javatest.batch] 11-29-2019 06:22:27:  TRACE: *** in EETest.run(argv,p)
[javatest.batch] 11-29-2019 06:22:27:  TRACE: TESTCLASS=com.sun.ts.tests.jsonp.pluggability.jsonprovidertests.Client
[javatest.batch] 11-29-2019 06:22:27:  TRACE: ** IN getRunMethod: testClass=com.sun.ts.tests.jsonp.pluggability.jsonprovidertests.Client
[javatest.batch] 11-29-2019 06:22:27:  TRACE: ** IN getRunMethod: testname=jsonProviderTest12
[javatest.batch] 11-29-2019 06:22:27:  TRACE: ** GOT RUN METHOD!
[javatest.batch] 11-29-2019 06:22:27:  TRACE: **runmethod=jsonProviderTest12
[javatest.batch] 11-29-2019 06:22:27:  TRACE: ABOUT TO GET SETUP METHOD!
[javatest.batch] 11-29-2019 06:22:27:  TRACE: No setupMethod annotation present
[javatest.batch] 11-29-2019 06:22:27:  TRACE: getSetupMethod - checking for testcase specific setup method:  jsonProviderTest12_setup
[javatest.batch] 11-29-2019 06:22:27:  TRACE: getSetupMethod - checking for default class specific setup method
[javatest.batch] 11-29-2019 06:22:27:  TRACE: GOT SETUP METHOD!
[javatest.batch] 11-29-2019 06:22:27:  TRACE: No cleanupMethod annotation present
[javatest.batch] 11-29-2019 06:22:27:  TRACE: getCleanupMethod - checking for testcase specific cleanup method:  jsonProviderTest12_cleanup
[javatest.batch] 11-29-2019 06:22:27:  TRACE: getCleanupMethod - checking for default class specific cleanup method
[javatest.batch] 11-29-2019 06:22:27:  TRACE: GOT CLEANUP METHOD!
[javatest.batch] 11-29-2019 06:22:27:  TRACE: ABOUT TO INVOKE SETUP METHOD!
[javatest.batch] 11-29-2019 06:22:27:  setup ok
[javatest.batch] 11-29-2019 06:22:27:  TRACE: INVOKED SETUP METHOD!
[javatest.batch] 11-29-2019 06:22:27:  TRACE: ABOUT TO INVOKE EETEST RUN METHOD!
[javatest.batch] 11-29-2019 06:22:27:  Calling SPI provider method: public JsonObjectBuilder createObjectBuilder()
[javatest.batch] 11-29-2019 06:22:27:  TRACE: public JsonObjectBuilder createObjectBuilder()
[javatest.batch] 11-29-2019 06:22:27:  Verify SPI provider method was called: public JsonObjectBuilder createObjectBuilder()
[javatest.batch] 11-29-2019 06:22:27:  String match
[javatest.batch] 11-29-2019 06:22:27:  Expected: public JsonObjectBuilder createObjectBuilder()
[javatest.batch] 11-29-2019 06:22:27:  Actual:   public JsonObjectBuilder createObjectBuilder()
[javatest.batch] 11-29-2019 06:22:27:  cleanup ok
[javatest.batch] 11-29-2019 06:22:28:  TRACE: SLEPT FOR:  1000
[javatest.batch] STATUS:Passed.
[javatest.batch] Passed.
[javatest.batch] ********************************************************************************
[javatest.batch] Finished Test:  PASSED........com/sun/ts/tests/jsonp/pluggability/jsonprovidertests/Client.java#jsonProviderTest12_from_standalone
[javatest.batch] ********************************************************************************
[javatest.batch] Number of tests completed:  4 (4 passed, 0 failed, 0 with errors)
[javatest.batch] Number of tests remaining:  14
[javatest.batch] ********************************************************************************
[javatest.batch] Beginning Test:  com/sun/ts/tests/jsonp/pluggability/jsonprovidertests/Client.java#jsonProviderTest13_from_standalone
[javatest.batch] ********************************************************************************
[javatest.batch] 
[javatest.batch] 11-29-2019 06:22:28:  Harness - harness.executeMode is set to "2"
[javatest.batch] 11-29-2019 06:22:28:  Harness - keywords (to be passed to tests) set to:  all
[javatest.batch] 11-29-2019 06:22:28:  Harness - sClassPathFromExecProps = 
[javatest.batch] command: com.sun.ts.lib.harness.ExecTSTestCmd CLASSPATH=:/home/jenkins/agent/workspace/TCK_JSONP_run/jsonp-tck/bin/xml/../../lib/tsharness.jar:/home/jenkins/agent/workspace/TCK_JSONP_run/jsonp-tck/bin/xml/../../lib/sigtest.jar:/home/jenkins/agent/workspace/TCK_JSONP_run/jsonp-tck/bin/xml/../../lib/jsonptck.jar:/home/jenkins/agent/workspace/TCK_JSONP_run/jsonp-tck/bin/xml/../../classes:/home/jenkins/agent/workspace/TCK_JSONP_run/jsonp-tck/bin/xml/../../bin:/home/jenkins/agent/workspace/TCK_JSONP_run/jsonp-tck/bin/xml/../../lib/jsonp_alternate_provider.jar:/home/jenkins/agent/workspace/TCK_JSONP_run/jsonp-tck/bin/xml/../../src/com/sun/ts/tests/jsonp/resources:/home/jenkins/agent/workspace/TCK_JSONP_run/jsonp-tck/bin/xml/../../../glassfish5/glassfish/modules/cdi-api.jar:/home/jenkins/agent/workspace/TCK_JSONP_run/jsonp-tck/bin/xml/../../../glassfish5/glassfish/modules/jakarta.ejb-api.jar:/home/jenkins/agent/workspace/TCK_JSONP_run/jsonp-tck/bin/xml/../../../glassfish5/glassfish/modules/jakarta.inject.jar:/home/jenkins/agent/workspace/TCK_JSONP_run/jsonp-tck/bin/xml/../../../glassfish5/glassfish/modules/jakarta.json.jar:/home/jenkins/agent/workspace/TCK_JSONP_run/jsonp-tck/bin/xml/../../../glassfish5/glassfish/modules/jakarta.json-api.jar:/home/jenkins/agent/workspace/TCK_JSONP_run/jsonp-tck/bin/xml/../../../glassfish5/glassfish/modules/jakarta.persistence.jar:/home/jenkins/agent/workspace/TCK_JSONP_run/jsonp-tck/bin/xml/../../../glassfish5/glassfish/modules/jakarta.servlet-api.jar:/home/jenkins/agent/workspace/TCK_JSONP_run/jsonp-tck/bin/xml/../../../glassfish5/glassfish/modules/jakarta.transaction-api.jar DISPLAY=:0.0 HOME=/home/jenkins windir= SYSTEMROOT= /opt/tools/java/oracle/jdk-8/1.8.0_202/jre/bin/java -Djava.security.policy=/home/jenkins/agent/workspace/TCK_JSONP_run/jsonp-tck/bin/xml/../../bin/harness.policy -Djava.security.manager -Ddeliverable.class=com.sun.ts.lib.deliverable.jsonp.JSONPDeliverable com.sun.ts.tests.common.vehicle.VehicleClient -p /home/jenkins/agent/workspace/TCK_JSONP_run/jsonp-tck/bin/xml/../../tmp/tstest.jte -t jsonProviderTest13 -vehicle standalone
[javatest.batch] ************************************************************
[javatest.batch] * props file set to "/tmp/default-cts-props.txt"
[javatest.batch] ************************************************************
[javatest.batch] 11-29-2019 06:22:28:  TRACE: #######  Value of harness.socket.retry.count is "10"
[javatest.batch] 11-29-2019 06:22:28:  TRACE: #######  Value of harness.log.port is "2000"
[javatest.batch] 11-29-2019 06:22:28:  TRACE: #######  Actual bind value of harness.log.port is "2000"
[javatest.batch] 11-29-2019 06:22:28:  TRACE: in ServiceEETest.run() method
[javatest.batch] 11-29-2019 06:22:28:  TRACE: Vehicle to be used for this test is:  standalone
[javatest.batch] 11-29-2019 06:22:28:  TRACE: in custom vehicle so call on EETest.
[javatest.batch] 11-29-2019 06:22:28:  TRACE: *** in EETest.run(argv,p)
[javatest.batch] 11-29-2019 06:22:28:  TRACE: TESTCLASS=com.sun.ts.tests.jsonp.pluggability.jsonprovidertests.Client
[javatest.batch] 11-29-2019 06:22:28:  TRACE: ** IN getRunMethod: testClass=com.sun.ts.tests.jsonp.pluggability.jsonprovidertests.Client
[javatest.batch] 11-29-2019 06:22:28:  TRACE: ** IN getRunMethod: testname=jsonProviderTest13
[javatest.batch] 11-29-2019 06:22:28:  TRACE: ** GOT RUN METHOD!
[javatest.batch] 11-29-2019 06:22:28:  TRACE: **runmethod=jsonProviderTest13
[javatest.batch] 11-29-2019 06:22:28:  TRACE: ABOUT TO GET SETUP METHOD!
[javatest.batch] 11-29-2019 06:22:28:  TRACE: No setupMethod annotation present
[javatest.batch] 11-29-2019 06:22:28:  TRACE: getSetupMethod - checking for testcase specific setup method:  jsonProviderTest13_setup
[javatest.batch] 11-29-2019 06:22:28:  TRACE: getSetupMethod - checking for default class specific setup method
[javatest.batch] 11-29-2019 06:22:28:  TRACE: GOT SETUP METHOD!
[javatest.batch] 11-29-2019 06:22:28:  TRACE: No cleanupMethod annotation present
[javatest.batch] 11-29-2019 06:22:28:  TRACE: getCleanupMethod - checking for testcase specific cleanup method:  jsonProviderTest13_cleanup
[javatest.batch] 11-29-2019 06:22:28:  TRACE: getCleanupMethod - checking for default class specific cleanup method
[javatest.batch] 11-29-2019 06:22:28:  TRACE: GOT CLEANUP METHOD!
[javatest.batch] 11-29-2019 06:22:28:  TRACE: ABOUT TO INVOKE SETUP METHOD!
[javatest.batch] 11-29-2019 06:22:28:  setup ok
[javatest.batch] 11-29-2019 06:22:28:  TRACE: INVOKED SETUP METHOD!
[javatest.batch] 11-29-2019 06:22:28:  TRACE: ABOUT TO INVOKE EETEST RUN METHOD!
[javatest.batch] 11-29-2019 06:22:28:  Calling SPI provider method: public JsonBuilderFactory createBuilderFactory(Map<String, ?>)
[javatest.batch] 11-29-2019 06:22:28:  getEmptyConfig
[javatest.batch] 11-29-2019 06:22:29:  TRACE: public JsonBuilderFactory createBuilderFactory(Map<String, ?>)
[javatest.batch] 11-29-2019 06:22:29:  Verify SPI provider method was called: public JsonBuilderFactory createBuilderFactory(Map<String, ?>)
[javatest.batch] 11-29-2019 06:22:29:  String match
[javatest.batch] 11-29-2019 06:22:29:  Expected: public JsonBuilderFactory createBuilderFactory(Map<String, ?>)
[javatest.batch] 11-29-2019 06:22:29:  Actual:   public JsonBuilderFactory createBuilderFactory(Map<String, ?>)
[javatest.batch] 11-29-2019 06:22:29:  cleanup ok
[javatest.batch] 11-29-2019 06:22:30:  TRACE: SLEPT FOR:  1000
[javatest.batch] STATUS:Passed.
[javatest.batch] Passed.
[javatest.batch] ********************************************************************************
[javatest.batch] Finished Test:  PASSED........com/sun/ts/tests/jsonp/pluggability/jsonprovidertests/Client.java#jsonProviderTest13_from_standalone
[javatest.batch] ********************************************************************************
[javatest.batch] Number of tests completed:  5 (5 passed, 0 failed, 0 with errors)
[javatest.batch] Number of tests remaining:  13
[javatest.batch] ********************************************************************************
[javatest.batch] Beginning Test:  com/sun/ts/tests/jsonp/pluggability/jsonprovidertests/Client.java#jsonProviderTest14_from_standalone
[javatest.batch] ********************************************************************************
[javatest.batch] 
[javatest.batch] 11-29-2019 06:22:30:  Harness - harness.executeMode is set to "2"
[javatest.batch] 11-29-2019 06:22:30:  Harness - keywords (to be passed to tests) set to:  all
[javatest.batch] 11-29-2019 06:22:30:  Harness - sClassPathFromExecProps = 
[javatest.batch] command: com.sun.ts.lib.harness.ExecTSTestCmd CLASSPATH=:/home/jenkins/agent/workspace/TCK_JSONP_run/jsonp-tck/bin/xml/../../lib/tsharness.jar:/home/jenkins/agent/workspace/TCK_JSONP_run/jsonp-tck/bin/xml/../../lib/sigtest.jar:/home/jenkins/agent/workspace/TCK_JSONP_run/jsonp-tck/bin/xml/../../lib/jsonptck.jar:/home/jenkins/agent/workspace/TCK_JSONP_run/jsonp-tck/bin/xml/../../classes:/home/jenkins/agent/workspace/TCK_JSONP_run/jsonp-tck/bin/xml/../../bin:/home/jenkins/agent/workspace/TCK_JSONP_run/jsonp-tck/bin/xml/../../lib/jsonp_alternate_provider.jar:/home/jenkins/agent/workspace/TCK_JSONP_run/jsonp-tck/bin/xml/../../src/com/sun/ts/tests/jsonp/resources:/home/jenkins/agent/workspace/TCK_JSONP_run/jsonp-tck/bin/xml/../../../glassfish5/glassfish/modules/cdi-api.jar:/home/jenkins/agent/workspace/TCK_JSONP_run/jsonp-tck/bin/xml/../../../glassfish5/glassfish/modules/jakarta.ejb-api.jar:/home/jenkins/agent/workspace/TCK_JSONP_run/jsonp-tck/bin/xml/../../../glassfish5/glassfish/modules/jakarta.inject.jar:/home/jenkins/agent/workspace/TCK_JSONP_run/jsonp-tck/bin/xml/../../../glassfish5/glassfish/modules/jakarta.json.jar:/home/jenkins/agent/workspace/TCK_JSONP_run/jsonp-tck/bin/xml/../../../glassfish5/glassfish/modules/jakarta.json-api.jar:/home/jenkins/agent/workspace/TCK_JSONP_run/jsonp-tck/bin/xml/../../../glassfish5/glassfish/modules/jakarta.persistence.jar:/home/jenkins/agent/workspace/TCK_JSONP_run/jsonp-tck/bin/xml/../../../glassfish5/glassfish/modules/jakarta.servlet-api.jar:/home/jenkins/agent/workspace/TCK_JSONP_run/jsonp-tck/bin/xml/../../../glassfish5/glassfish/modules/jakarta.transaction-api.jar DISPLAY=:0.0 HOME=/home/jenkins windir= SYSTEMROOT= /opt/tools/java/oracle/jdk-8/1.8.0_202/jre/bin/java -Djava.security.policy=/home/jenkins/agent/workspace/TCK_JSONP_run/jsonp-tck/bin/xml/../../bin/harness.policy -Djava.security.manager -Ddeliverable.class=com.sun.ts.lib.deliverable.jsonp.JSONPDeliverable com.sun.ts.tests.common.vehicle.VehicleClient -p /home/jenkins/agent/workspace/TCK_JSONP_run/jsonp-tck/bin/xml/../../tmp/tstest.jte -t jsonProviderTest14 -vehicle standalone
[javatest.batch] ************************************************************
[javatest.batch] * props file set to "/tmp/default-cts-props.txt"
[javatest.batch] ************************************************************
[javatest.batch] 11-29-2019 06:22:30:  TRACE: #######  Value of harness.socket.retry.count is "10"
[javatest.batch] 11-29-2019 06:22:30:  TRACE: #######  Value of harness.log.port is "2000"
[javatest.batch] 11-29-2019 06:22:30:  TRACE: #######  Actual bind value of harness.log.port is "2000"
[javatest.batch] 11-29-2019 06:22:30:  TRACE: in ServiceEETest.run() method
[javatest.batch] 11-29-2019 06:22:30:  TRACE: Vehicle to be used for this test is:  standalone
[javatest.batch] 11-29-2019 06:22:30:  TRACE: in custom vehicle so call on EETest.
[javatest.batch] 11-29-2019 06:22:30:  TRACE: *** in EETest.run(argv,p)
[javatest.batch] 11-29-2019 06:22:30:  TRACE: TESTCLASS=com.sun.ts.tests.jsonp.pluggability.jsonprovidertests.Client
[javatest.batch] 11-29-2019 06:22:30:  TRACE: ** IN getRunMethod: testClass=com.sun.ts.tests.jsonp.pluggability.jsonprovidertests.Client
[javatest.batch] 11-29-2019 06:22:30:  TRACE: ** IN getRunMethod: testname=jsonProviderTest14
[javatest.batch] 11-29-2019 06:22:30:  TRACE: ** GOT RUN METHOD!
[javatest.batch] 11-29-2019 06:22:30:  TRACE: **runmethod=jsonProviderTest14
[javatest.batch] 11-29-2019 06:22:30:  TRACE: ABOUT TO GET SETUP METHOD!
[javatest.batch] 11-29-2019 06:22:30:  TRACE: No setupMethod annotation present
[javatest.batch] 11-29-2019 06:22:30:  TRACE: getSetupMethod - checking for testcase specific setup method:  jsonProviderTest14_setup
[javatest.batch] 11-29-2019 06:22:30:  TRACE: getSetupMethod - checking for default class specific setup method
[javatest.batch] 11-29-2019 06:22:30:  TRACE: GOT SETUP METHOD!
[javatest.batch] 11-29-2019 06:22:30:  TRACE: No cleanupMethod annotation present
[javatest.batch] 11-29-2019 06:22:30:  TRACE: getCleanupMethod - checking for testcase specific cleanup method:  jsonProviderTest14_cleanup
[javatest.batch] 11-29-2019 06:22:30:  TRACE: getCleanupMethod - checking for default class specific cleanup method
[javatest.batch] 11-29-2019 06:22:30:  TRACE: GOT CLEANUP METHOD!
[javatest.batch] 11-29-2019 06:22:30:  TRACE: ABOUT TO INVOKE SETUP METHOD!
[javatest.batch] 11-29-2019 06:22:30:  setup ok
[javatest.batch] 11-29-2019 06:22:30:  TRACE: INVOKED SETUP METHOD!
[javatest.batch] 11-29-2019 06:22:30:  TRACE: ABOUT TO INVOKE EETEST RUN METHOD!
[javatest.batch] 11-29-2019 06:22:30:  Calling SPI provider method: public JsonReader createReader(Reader)
[javatest.batch] 11-29-2019 06:22:30:  TRACE: public JsonReader createReader(Reader)
[javatest.batch] 11-29-2019 06:22:30:  Verify SPI provider method was called: public JsonReader createReader(Reader)
[javatest.batch] 11-29-2019 06:22:30:  String match
[javatest.batch] 11-29-2019 06:22:30:  Expected: public JsonReader createReader(Reader)
[javatest.batch] 11-29-2019 06:22:30:  Actual:   public JsonReader createReader(Reader)
[javatest.batch] 11-29-2019 06:22:30:  cleanup ok
[javatest.batch] 11-29-2019 06:22:31:  TRACE: SLEPT FOR:  1000
[javatest.batch] STATUS:Passed.
[javatest.batch] Passed.
[javatest.batch] ********************************************************************************
[javatest.batch] Finished Test:  PASSED........com/sun/ts/tests/jsonp/pluggability/jsonprovidertests/Client.java#jsonProviderTest14_from_standalone
[javatest.batch] ********************************************************************************
[javatest.batch] Number of tests completed:  6 (6 passed, 0 failed, 0 with errors)
[javatest.batch] Number of tests remaining:  12
[javatest.batch] ********************************************************************************
[javatest.batch] Beginning Test:  com/sun/ts/tests/jsonp/pluggability/jsonprovidertests/Client.java#jsonProviderTest15_from_standalone
[javatest.batch] ********************************************************************************
[javatest.batch] 
[javatest.batch] 11-29-2019 06:22:31:  Harness - harness.executeMode is set to "2"
[javatest.batch] 11-29-2019 06:22:31:  Harness - keywords (to be passed to tests) set to:  all
[javatest.batch] 11-29-2019 06:22:31:  Harness - sClassPathFromExecProps = 
[javatest.batch] command: com.sun.ts.lib.harness.ExecTSTestCmd CLASSPATH=:/home/jenkins/agent/workspace/TCK_JSONP_run/jsonp-tck/bin/xml/../../lib/tsharness.jar:/home/jenkins/agent/workspace/TCK_JSONP_run/jsonp-tck/bin/xml/../../lib/sigtest.jar:/home/jenkins/agent/workspace/TCK_JSONP_run/jsonp-tck/bin/xml/../../lib/jsonptck.jar:/home/jenkins/agent/workspace/TCK_JSONP_run/jsonp-tck/bin/xml/../../classes:/home/jenkins/agent/workspace/TCK_JSONP_run/jsonp-tck/bin/xml/../../bin:/home/jenkins/agent/workspace/TCK_JSONP_run/jsonp-tck/bin/xml/../../lib/jsonp_alternate_provider.jar:/home/jenkins/agent/workspace/TCK_JSONP_run/jsonp-tck/bin/xml/../../src/com/sun/ts/tests/jsonp/resources:/home/jenkins/agent/workspace/TCK_JSONP_run/jsonp-tck/bin/xml/../../../glassfish5/glassfish/modules/cdi-api.jar:/home/jenkins/agent/workspace/TCK_JSONP_run/jsonp-tck/bin/xml/../../../glassfish5/glassfish/modules/jakarta.ejb-api.jar:/home/jenkins/agent/workspace/TCK_JSONP_run/jsonp-tck/bin/xml/../../../glassfish5/glassfish/modules/jakarta.inject.jar:/home/jenkins/agent/workspace/TCK_JSONP_run/jsonp-tck/bin/xml/../../../glassfish5/glassfish/modules/jakarta.json.jar:/home/jenkins/agent/workspace/TCK_JSONP_run/jsonp-tck/bin/xml/../../../glassfish5/glassfish/modules/jakarta.json-api.jar:/home/jenkins/agent/workspace/TCK_JSONP_run/jsonp-tck/bin/xml/../../../glassfish5/glassfish/modules/jakarta.persistence.jar:/home/jenkins/agent/workspace/TCK_JSONP_run/jsonp-tck/bin/xml/../../../glassfish5/glassfish/modules/jakarta.servlet-api.jar:/home/jenkins/agent/workspace/TCK_JSONP_run/jsonp-tck/bin/xml/../../../glassfish5/glassfish/modules/jakarta.transaction-api.jar DISPLAY=:0.0 HOME=/home/jenkins windir= SYSTEMROOT= /opt/tools/java/oracle/jdk-8/1.8.0_202/jre/bin/java -Djava.security.policy=/home/jenkins/agent/workspace/TCK_JSONP_run/jsonp-tck/bin/xml/../../bin/harness.policy -Djava.security.manager -Ddeliverable.class=com.sun.ts.lib.deliverable.jsonp.JSONPDeliverable com.sun.ts.tests.common.vehicle.VehicleClient -p /home/jenkins/agent/workspace/TCK_JSONP_run/jsonp-tck/bin/xml/../../tmp/tstest.jte -t jsonProviderTest15 -vehicle standalone
[javatest.batch] ************************************************************
[javatest.batch] * props file set to "/tmp/default-cts-props.txt"
[javatest.batch] ************************************************************
[javatest.batch] 11-29-2019 06:22:31:  TRACE: #######  Value of harness.socket.retry.count is "10"
[javatest.batch] 11-29-2019 06:22:31:  TRACE: #######  Value of harness.log.port is "2000"
[javatest.batch] 11-29-2019 06:22:31:  TRACE: #######  Actual bind value of harness.log.port is "2000"
[javatest.batch] 11-29-2019 06:22:31:  TRACE: in ServiceEETest.run() method
[javatest.batch] 11-29-2019 06:22:31:  TRACE: Vehicle to be used for this test is:  standalone
[javatest.batch] 11-29-2019 06:22:31:  TRACE: in custom vehicle so call on EETest.
[javatest.batch] 11-29-2019 06:22:31:  TRACE: *** in EETest.run(argv,p)
[javatest.batch] 11-29-2019 06:22:31:  TRACE: TESTCLASS=com.sun.ts.tests.jsonp.pluggability.jsonprovidertests.Client
[javatest.batch] 11-29-2019 06:22:31:  TRACE: ** IN getRunMethod: testClass=com.sun.ts.tests.jsonp.pluggability.jsonprovidertests.Client
[javatest.batch] 11-29-2019 06:22:31:  TRACE: ** IN getRunMethod: testname=jsonProviderTest15
[javatest.batch] 11-29-2019 06:22:31:  TRACE: ** GOT RUN METHOD!
[javatest.batch] 11-29-2019 06:22:31:  TRACE: **runmethod=jsonProviderTest15
[javatest.batch] 11-29-2019 06:22:31:  TRACE: ABOUT TO GET SETUP METHOD!
[javatest.batch] 11-29-2019 06:22:31:  TRACE: No setupMethod annotation present
[javatest.batch] 11-29-2019 06:22:31:  TRACE: getSetupMethod - checking for testcase specific setup method:  jsonProviderTest15_setup
[javatest.batch] 11-29-2019 06:22:31:  TRACE: getSetupMethod - checking for default class specific setup method
[javatest.batch] 11-29-2019 06:22:31:  TRACE: GOT SETUP METHOD!
[javatest.batch] 11-29-2019 06:22:31:  TRACE: No cleanupMethod annotation present
[javatest.batch] 11-29-2019 06:22:31:  TRACE: getCleanupMethod - checking for testcase specific cleanup method:  jsonProviderTest15_cleanup
[javatest.batch] 11-29-2019 06:22:31:  TRACE: getCleanupMethod - checking for default class specific cleanup method
[javatest.batch] 11-29-2019 06:22:31:  TRACE: GOT CLEANUP METHOD!
[javatest.batch] 11-29-2019 06:22:31:  TRACE: ABOUT TO INVOKE SETUP METHOD!
[javatest.batch] 11-29-2019 06:22:31:  setup ok
[javatest.batch] 11-29-2019 06:22:31:  TRACE: INVOKED SETUP METHOD!
[javatest.batch] 11-29-2019 06:22:31:  TRACE: ABOUT TO INVOKE EETEST RUN METHOD!
[javatest.batch] 11-29-2019 06:22:31:  Calling SPI provider method: public JsonReader createReader(InputStream)
[javatest.batch] 11-29-2019 06:22:31:  TRACE: public JsonReader createReader(InputStream)
[javatest.batch] 11-29-2019 06:22:31:  Verify SPI provider method was called: public JsonReader createReader(InputStream)
[javatest.batch] 11-29-2019 06:22:31:  String match
[javatest.batch] 11-29-2019 06:22:31:  Expected: public JsonReader createReader(InputStream)
[javatest.batch] 11-29-2019 06:22:31:  Actual:   public JsonReader createReader(InputStream)
[javatest.batch] 11-29-2019 06:22:31:  cleanup ok
[javatest.batch] 11-29-2019 06:22:32:  TRACE: SLEPT FOR:  1000
[javatest.batch] STATUS:Passed.
[javatest.batch] Passed.
[javatest.batch] ********************************************************************************
[javatest.batch] Finished Test:  PASSED........com/sun/ts/tests/jsonp/pluggability/jsonprovidertests/Client.java#jsonProviderTest15_from_standalone
[javatest.batch] ********************************************************************************
[javatest.batch] Number of tests completed:  7 (7 passed, 0 failed, 0 with errors)
[javatest.batch] Number of tests remaining:  11
[javatest.batch] ********************************************************************************
[javatest.batch] Beginning Test:  com/sun/ts/tests/jsonp/pluggability/jsonprovidertests/Client.java#jsonProviderTest16_from_standalone
[javatest.batch] ********************************************************************************
[javatest.batch] 
[javatest.batch] 11-29-2019 06:22:33:  Harness - harness.executeMode is set to "2"
[javatest.batch] 11-29-2019 06:22:33:  Harness - keywords (to be passed to tests) set to:  all
[javatest.batch] 11-29-2019 06:22:33:  Harness - sClassPathFromExecProps = 
[javatest.batch] command: com.sun.ts.lib.harness.ExecTSTestCmd CLASSPATH=:/home/jenkins/agent/workspace/TCK_JSONP_run/jsonp-tck/bin/xml/../../lib/tsharness.jar:/home/jenkins/agent/workspace/TCK_JSONP_run/jsonp-tck/bin/xml/../../lib/sigtest.jar:/home/jenkins/agent/workspace/TCK_JSONP_run/jsonp-tck/bin/xml/../../lib/jsonptck.jar:/home/jenkins/agent/workspace/TCK_JSONP_run/jsonp-tck/bin/xml/../../classes:/home/jenkins/agent/workspace/TCK_JSONP_run/jsonp-tck/bin/xml/../../bin:/home/jenkins/agent/workspace/TCK_JSONP_run/jsonp-tck/bin/xml/../../lib/jsonp_alternate_provider.jar:/home/jenkins/agent/workspace/TCK_JSONP_run/jsonp-tck/bin/xml/../../src/com/sun/ts/tests/jsonp/resources:/home/jenkins/agent/workspace/TCK_JSONP_run/jsonp-tck/bin/xml/../../../glassfish5/glassfish/modules/cdi-api.jar:/home/jenkins/agent/workspace/TCK_JSONP_run/jsonp-tck/bin/xml/../../../glassfish5/glassfish/modules/jakarta.ejb-api.jar:/home/jenkins/agent/workspace/TCK_JSONP_run/jsonp-tck/bin/xml/../../../glassfish5/glassfish/modules/jakarta.inject.jar:/home/jenkins/agent/workspace/TCK_JSONP_run/jsonp-tck/bin/xml/../../../glassfish5/glassfish/modules/jakarta.json.jar:/home/jenkins/agent/workspace/TCK_JSONP_run/jsonp-tck/bin/xml/../../../glassfish5/glassfish/modules/jakarta.json-api.jar:/home/jenkins/agent/workspace/TCK_JSONP_run/jsonp-tck/bin/xml/../../../glassfish5/glassfish/modules/jakarta.persistence.jar:/home/jenkins/agent/workspace/TCK_JSONP_run/jsonp-tck/bin/xml/../../../glassfish5/glassfish/modules/jakarta.servlet-api.jar:/home/jenkins/agent/workspace/TCK_JSONP_run/jsonp-tck/bin/xml/../../../glassfish5/glassfish/modules/jakarta.transaction-api.jar DISPLAY=:0.0 HOME=/home/jenkins windir= SYSTEMROOT= /opt/tools/java/oracle/jdk-8/1.8.0_202/jre/bin/java -Djava.security.policy=/home/jenkins/agent/workspace/TCK_JSONP_run/jsonp-tck/bin/xml/../../bin/harness.policy -Djava.security.manager -Ddeliverable.class=com.sun.ts.lib.deliverable.jsonp.JSONPDeliverable com.sun.ts.tests.common.vehicle.VehicleClient -p /home/jenkins/agent/workspace/TCK_JSONP_run/jsonp-tck/bin/xml/../../tmp/tstest.jte -t jsonProviderTest16 -vehicle standalone
[javatest.batch] ************************************************************
[javatest.batch] * props file set to "/tmp/default-cts-props.txt"
[javatest.batch] ************************************************************
[javatest.batch] 11-29-2019 06:22:33:  TRACE: #######  Value of harness.socket.retry.count is "10"
[javatest.batch] 11-29-2019 06:22:33:  TRACE: #######  Value of harness.log.port is "2000"
[javatest.batch] 11-29-2019 06:22:33:  TRACE: #######  Actual bind value of harness.log.port is "2000"
[javatest.batch] 11-29-2019 06:22:33:  TRACE: in ServiceEETest.run() method
[javatest.batch] 11-29-2019 06:22:33:  TRACE: Vehicle to be used for this test is:  standalone
[javatest.batch] 11-29-2019 06:22:33:  TRACE: in custom vehicle so call on EETest.
[javatest.batch] 11-29-2019 06:22:33:  TRACE: *** in EETest.run(argv,p)
[javatest.batch] 11-29-2019 06:22:33:  TRACE: TESTCLASS=com.sun.ts.tests.jsonp.pluggability.jsonprovidertests.Client
[javatest.batch] 11-29-2019 06:22:33:  TRACE: ** IN getRunMethod: testClass=com.sun.ts.tests.jsonp.pluggability.jsonprovidertests.Client
[javatest.batch] 11-29-2019 06:22:33:  TRACE: ** IN getRunMethod: testname=jsonProviderTest16
[javatest.batch] 11-29-2019 06:22:33:  TRACE: ** GOT RUN METHOD!
[javatest.batch] 11-29-2019 06:22:33:  TRACE: **runmethod=jsonProviderTest16
[javatest.batch] 11-29-2019 06:22:33:  TRACE: ABOUT TO GET SETUP METHOD!
[javatest.batch] 11-29-2019 06:22:33:  TRACE: No setupMethod annotation present
[javatest.batch] 11-29-2019 06:22:33:  TRACE: getSetupMethod - checking for testcase specific setup method:  jsonProviderTest16_setup
[javatest.batch] 11-29-2019 06:22:33:  TRACE: getSetupMethod - checking for default class specific setup method
[javatest.batch] 11-29-2019 06:22:33:  TRACE: GOT SETUP METHOD!
[javatest.batch] 11-29-2019 06:22:33:  TRACE: No cleanupMethod annotation present
[javatest.batch] 11-29-2019 06:22:33:  TRACE: getCleanupMethod - checking for testcase specific cleanup method:  jsonProviderTest16_cleanup
[javatest.batch] 11-29-2019 06:22:33:  TRACE: getCleanupMethod - checking for default class specific cleanup method
[javatest.batch] 11-29-2019 06:22:33:  TRACE: GOT CLEANUP METHOD!
[javatest.batch] 11-29-2019 06:22:33:  TRACE: ABOUT TO INVOKE SETUP METHOD!
[javatest.batch] 11-29-2019 06:22:33:  setup ok
[javatest.batch] 11-29-2019 06:22:33:  TRACE: INVOKED SETUP METHOD!
[javatest.batch] 11-29-2019 06:22:33:  TRACE: ABOUT TO INVOKE EETEST RUN METHOD!
[javatest.batch] 11-29-2019 06:22:33:  Calling SPI provider method: public JsonWriter createWriter(Writer)
[javatest.batch] 11-29-2019 06:22:33:  TRACE: public JsonWriter createWriter(Writer)
[javatest.batch] 11-29-2019 06:22:33:  Verify SPI provider method was called: public JsonWriter createWriter(Writer)
[javatest.batch] 11-29-2019 06:22:33:  String match
[javatest.batch] 11-29-2019 06:22:33:  Expected: public JsonWriter createWriter(Writer)
[javatest.batch] 11-29-2019 06:22:33:  Actual:   public JsonWriter createWriter(Writer)
[javatest.batch] 11-29-2019 06:22:33:  cleanup ok
[javatest.batch] 11-29-2019 06:22:34:  TRACE: SLEPT FOR:  1000
[javatest.batch] STATUS:Passed.
[javatest.batch] Passed.
[javatest.batch] ********************************************************************************
[javatest.batch] Finished Test:  PASSED........com/sun/ts/tests/jsonp/pluggability/jsonprovidertests/Client.java#jsonProviderTest16_from_standalone
[javatest.batch] ********************************************************************************
[javatest.batch] Number of tests completed:  8 (8 passed, 0 failed, 0 with errors)
[javatest.batch] Number of tests remaining:  10
[javatest.batch] ********************************************************************************
[javatest.batch] Beginning Test:  com/sun/ts/tests/jsonp/pluggability/jsonprovidertests/Client.java#jsonProviderTest17_from_standalone
[javatest.batch] ********************************************************************************
[javatest.batch] 
[javatest.batch] 11-29-2019 06:22:34:  Harness - harness.executeMode is set to "2"
[javatest.batch] 11-29-2019 06:22:34:  Harness - keywords (to be passed to tests) set to:  all
[javatest.batch] 11-29-2019 06:22:34:  Harness - sClassPathFromExecProps = 
[javatest.batch] command: com.sun.ts.lib.harness.ExecTSTestCmd CLASSPATH=:/home/jenkins/agent/workspace/TCK_JSONP_run/jsonp-tck/bin/xml/../../lib/tsharness.jar:/home/jenkins/agent/workspace/TCK_JSONP_run/jsonp-tck/bin/xml/../../lib/sigtest.jar:/home/jenkins/agent/workspace/TCK_JSONP_run/jsonp-tck/bin/xml/../../lib/jsonptck.jar:/home/jenkins/agent/workspace/TCK_JSONP_run/jsonp-tck/bin/xml/../../classes:/home/jenkins/agent/workspace/TCK_JSONP_run/jsonp-tck/bin/xml/../../bin:/home/jenkins/agent/workspace/TCK_JSONP_run/jsonp-tck/bin/xml/../../lib/jsonp_alternate_provider.jar:/home/jenkins/agent/workspace/TCK_JSONP_run/jsonp-tck/bin/xml/../../src/com/sun/ts/tests/jsonp/resources:/home/jenkins/agent/workspace/TCK_JSONP_run/jsonp-tck/bin/xml/../../../glassfish5/glassfish/modules/cdi-api.jar:/home/jenkins/agent/workspace/TCK_JSONP_run/jsonp-tck/bin/xml/../../../glassfish5/glassfish/modules/jakarta.ejb-api.jar:/home/jenkins/agent/workspace/TCK_JSONP_run/jsonp-tck/bin/xml/../../../glassfish5/glassfish/modules/jakarta.inject.jar:/home/jenkins/agent/workspace/TCK_JSONP_run/jsonp-tck/bin/xml/../../../glassfish5/glassfish/modules/jakarta.json.jar:/home/jenkins/agent/workspace/TCK_JSONP_run/jsonp-tck/bin/xml/../../../glassfish5/glassfish/modules/jakarta.json-api.jar:/home/jenkins/agent/workspace/TCK_JSONP_run/jsonp-tck/bin/xml/../../../glassfish5/glassfish/modules/jakarta.persistence.jar:/home/jenkins/agent/workspace/TCK_JSONP_run/jsonp-tck/bin/xml/../../../glassfish5/glassfish/modules/jakarta.servlet-api.jar:/home/jenkins/agent/workspace/TCK_JSONP_run/jsonp-tck/bin/xml/../../../glassfish5/glassfish/modules/jakarta.transaction-api.jar DISPLAY=:0.0 HOME=/home/jenkins windir= SYSTEMROOT= /opt/tools/java/oracle/jdk-8/1.8.0_202/jre/bin/java -Djava.security.policy=/home/jenkins/agent/workspace/TCK_JSONP_run/jsonp-tck/bin/xml/../../bin/harness.policy -Djava.security.manager -Ddeliverable.class=com.sun.ts.lib.deliverable.jsonp.JSONPDeliverable com.sun.ts.tests.common.vehicle.VehicleClient -p /home/jenkins/agent/workspace/TCK_JSONP_run/jsonp-tck/bin/xml/../../tmp/tstest.jte -t jsonProviderTest17 -vehicle standalone
[javatest.batch] ************************************************************
[javatest.batch] * props file set to "/tmp/default-cts-props.txt"
[javatest.batch] ************************************************************
[javatest.batch] 11-29-2019 06:22:34:  TRACE: #######  Value of harness.socket.retry.count is "10"
[javatest.batch] 11-29-2019 06:22:34:  TRACE: #######  Value of harness.log.port is "2000"
[javatest.batch] 11-29-2019 06:22:34:  TRACE: #######  Actual bind value of harness.log.port is "2000"
[javatest.batch] 11-29-2019 06:22:34:  TRACE: in ServiceEETest.run() method
[javatest.batch] 11-29-2019 06:22:34:  TRACE: Vehicle to be used for this test is:  standalone
[javatest.batch] 11-29-2019 06:22:34:  TRACE: in custom vehicle so call on EETest.
[javatest.batch] 11-29-2019 06:22:34:  TRACE: *** in EETest.run(argv,p)
[javatest.batch] 11-29-2019 06:22:34:  TRACE: TESTCLASS=com.sun.ts.tests.jsonp.pluggability.jsonprovidertests.Client
[javatest.batch] 11-29-2019 06:22:34:  TRACE: ** IN getRunMethod: testClass=com.sun.ts.tests.jsonp.pluggability.jsonprovidertests.Client
[javatest.batch] 11-29-2019 06:22:34:  TRACE: ** IN getRunMethod: testname=jsonProviderTest17
[javatest.batch] 11-29-2019 06:22:34:  TRACE: ** GOT RUN METHOD!
[javatest.batch] 11-29-2019 06:22:34:  TRACE: **runmethod=jsonProviderTest17
[javatest.batch] 11-29-2019 06:22:34:  TRACE: ABOUT TO GET SETUP METHOD!
[javatest.batch] 11-29-2019 06:22:34:  TRACE: No setupMethod annotation present
[javatest.batch] 11-29-2019 06:22:34:  TRACE: getSetupMethod - checking for testcase specific setup method:  jsonProviderTest17_setup
[javatest.batch] 11-29-2019 06:22:34:  TRACE: getSetupMethod - checking for default class specific setup method
[javatest.batch] 11-29-2019 06:22:34:  TRACE: GOT SETUP METHOD!
[javatest.batch] 11-29-2019 06:22:34:  TRACE: No cleanupMethod annotation present
[javatest.batch] 11-29-2019 06:22:34:  TRACE: getCleanupMethod - checking for testcase specific cleanup method:  jsonProviderTest17_cleanup
[javatest.batch] 11-29-2019 06:22:34:  TRACE: getCleanupMethod - checking for default class specific cleanup method
[javatest.batch] 11-29-2019 06:22:34:  TRACE: GOT CLEANUP METHOD!
[javatest.batch] 11-29-2019 06:22:34:  TRACE: ABOUT TO INVOKE SETUP METHOD!
[javatest.batch] 11-29-2019 06:22:34:  setup ok
[javatest.batch] 11-29-2019 06:22:34:  TRACE: INVOKED SETUP METHOD!
[javatest.batch] 11-29-2019 06:22:34:  TRACE: ABOUT TO INVOKE EETEST RUN METHOD!
[javatest.batch] 11-29-2019 06:22:34:  Calling SPI provider method: public JsonWriter createWriter(OutputStream)
[javatest.batch] 11-29-2019 06:22:34:  TRACE: public JsonWriter createWriter(OutputStream)
[javatest.batch] 11-29-2019 06:22:34:  Verify SPI provider method was called: public JsonWriter createWriter(OutputStream)
[javatest.batch] 11-29-2019 06:22:34:  String match
[javatest.batch] 11-29-2019 06:22:34:  Expected: public JsonWriter createWriter(OutputStream)
[javatest.batch] 11-29-2019 06:22:34:  Actual:   public JsonWriter createWriter(OutputStream)
[javatest.batch] 11-29-2019 06:22:34:  cleanup ok
[javatest.batch] 11-29-2019 06:22:35:  TRACE: SLEPT FOR:  1000
[javatest.batch] STATUS:Passed.
[javatest.batch] Passed.
[javatest.batch] ********************************************************************************
[javatest.batch] Finished Test:  PASSED........com/sun/ts/tests/jsonp/pluggability/jsonprovidertests/Client.java#jsonProviderTest17_from_standalone
[javatest.batch] ********************************************************************************
[javatest.batch] Number of tests completed:  9 (9 passed, 0 failed, 0 with errors)
[javatest.batch] Number of tests remaining:  9
[javatest.batch] ********************************************************************************
[javatest.batch] Beginning Test:  com/sun/ts/tests/jsonp/pluggability/jsonprovidertests/Client.java#jsonProviderTest18_from_standalone
[javatest.batch] ********************************************************************************
[javatest.batch] 
[javatest.batch] 11-29-2019 06:22:36:  Harness - harness.executeMode is set to "2"
[javatest.batch] 11-29-2019 06:22:36:  Harness - keywords (to be passed to tests) set to:  all
[javatest.batch] 11-29-2019 06:22:36:  Harness - sClassPathFromExecProps = 
[javatest.batch] command: com.sun.ts.lib.harness.ExecTSTestCmd CLASSPATH=:/home/jenkins/agent/workspace/TCK_JSONP_run/jsonp-tck/bin/xml/../../lib/tsharness.jar:/home/jenkins/agent/workspace/TCK_JSONP_run/jsonp-tck/bin/xml/../../lib/sigtest.jar:/home/jenkins/agent/workspace/TCK_JSONP_run/jsonp-tck/bin/xml/../../lib/jsonptck.jar:/home/jenkins/agent/workspace/TCK_JSONP_run/jsonp-tck/bin/xml/../../classes:/home/jenkins/agent/workspace/TCK_JSONP_run/jsonp-tck/bin/xml/../../bin:/home/jenkins/agent/workspace/TCK_JSONP_run/jsonp-tck/bin/xml/../../lib/jsonp_alternate_provider.jar:/home/jenkins/agent/workspace/TCK_JSONP_run/jsonp-tck/bin/xml/../../src/com/sun/ts/tests/jsonp/resources:/home/jenkins/agent/workspace/TCK_JSONP_run/jsonp-tck/bin/xml/../../../glassfish5/glassfish/modules/cdi-api.jar:/home/jenkins/agent/workspace/TCK_JSONP_run/jsonp-tck/bin/xml/../../../glassfish5/glassfish/modules/jakarta.ejb-api.jar:/home/jenkins/agent/workspace/TCK_JSONP_run/jsonp-tck/bin/xml/../../../glassfish5/glassfish/modules/jakarta.inject.jar:/home/jenkins/agent/workspace/TCK_JSONP_run/jsonp-tck/bin/xml/../../../glassfish5/glassfish/modules/jakarta.json.jar:/home/jenkins/agent/workspace/TCK_JSONP_run/jsonp-tck/bin/xml/../../../glassfish5/glassfish/modules/jakarta.json-api.jar:/home/jenkins/agent/workspace/TCK_JSONP_run/jsonp-tck/bin/xml/../../../glassfish5/glassfish/modules/jakarta.persistence.jar:/home/jenkins/agent/workspace/TCK_JSONP_run/jsonp-tck/bin/xml/../../../glassfish5/glassfish/modules/jakarta.servlet-api.jar:/home/jenkins/agent/workspace/TCK_JSONP_run/jsonp-tck/bin/xml/../../../glassfish5/glassfish/modules/jakarta.transaction-api.jar DISPLAY=:0.0 HOME=/home/jenkins windir= SYSTEMROOT= /opt/tools/java/oracle/jdk-8/1.8.0_202/jre/bin/java -Djava.security.policy=/home/jenkins/agent/workspace/TCK_JSONP_run/jsonp-tck/bin/xml/../../bin/harness.policy -Djava.security.manager -Ddeliverable.class=com.sun.ts.lib.deliverable.jsonp.JSONPDeliverable com.sun.ts.tests.common.vehicle.VehicleClient -p /home/jenkins/agent/workspace/TCK_JSONP_run/jsonp-tck/bin/xml/../../tmp/tstest.jte -t jsonProviderTest18 -vehicle standalone
[javatest.batch] ************************************************************
[javatest.batch] * props file set to "/tmp/default-cts-props.txt"
[javatest.batch] ************************************************************
[javatest.batch] 11-29-2019 06:22:36:  TRACE: #######  Value of harness.socket.retry.count is "10"
[javatest.batch] 11-29-2019 06:22:36:  TRACE: #######  Value of harness.log.port is "2000"
[javatest.batch] 11-29-2019 06:22:36:  TRACE: #######  Actual bind value of harness.log.port is "2000"
[javatest.batch] 11-29-2019 06:22:36:  TRACE: in ServiceEETest.run() method
[javatest.batch] 11-29-2019 06:22:36:  TRACE: Vehicle to be used for this test is:  standalone
[javatest.batch] 11-29-2019 06:22:36:  TRACE: in custom vehicle so call on EETest.
[javatest.batch] 11-29-2019 06:22:36:  TRACE: *** in EETest.run(argv,p)
[javatest.batch] 11-29-2019 06:22:36:  TRACE: TESTCLASS=com.sun.ts.tests.jsonp.pluggability.jsonprovidertests.Client
[javatest.batch] 11-29-2019 06:22:36:  TRACE: ** IN getRunMethod: testClass=com.sun.ts.tests.jsonp.pluggability.jsonprovidertests.Client
[javatest.batch] 11-29-2019 06:22:36:  TRACE: ** IN getRunMethod: testname=jsonProviderTest18
[javatest.batch] 11-29-2019 06:22:36:  TRACE: ** GOT RUN METHOD!
[javatest.batch] 11-29-2019 06:22:36:  TRACE: **runmethod=jsonProviderTest18
[javatest.batch] 11-29-2019 06:22:36:  TRACE: ABOUT TO GET SETUP METHOD!
[javatest.batch] 11-29-2019 06:22:36:  TRACE: No setupMethod annotation present
[javatest.batch] 11-29-2019 06:22:36:  TRACE: getSetupMethod - checking for testcase specific setup method:  jsonProviderTest18_setup
[javatest.batch] 11-29-2019 06:22:36:  TRACE: getSetupMethod - checking for default class specific setup method
[javatest.batch] 11-29-2019 06:22:36:  TRACE: GOT SETUP METHOD!
[javatest.batch] 11-29-2019 06:22:36:  TRACE: No cleanupMethod annotation present
[javatest.batch] 11-29-2019 06:22:36:  TRACE: getCleanupMethod - checking for testcase specific cleanup method:  jsonProviderTest18_cleanup
[javatest.batch] 11-29-2019 06:22:36:  TRACE: getCleanupMethod - checking for default class specific cleanup method
[javatest.batch] 11-29-2019 06:22:36:  TRACE: GOT CLEANUP METHOD!
[javatest.batch] 11-29-2019 06:22:36:  TRACE: ABOUT TO INVOKE SETUP METHOD!
[javatest.batch] 11-29-2019 06:22:36:  setup ok
[javatest.batch] 11-29-2019 06:22:36:  TRACE: INVOKED SETUP METHOD!
[javatest.batch] 11-29-2019 06:22:36:  TRACE: ABOUT TO INVOKE EETEST RUN METHOD!
[javatest.batch] 11-29-2019 06:22:36:  Calling SPI provider method: public JsonReaderFactory createReaderFactory(Map<String, ?>)
[javatest.batch] 11-29-2019 06:22:36:  getEmptyConfig
[javatest.batch] 11-29-2019 06:22:36:  TRACE: public JsonReaderFactory createReaderFactory(Map<String, ?>)
[javatest.batch] 11-29-2019 06:22:36:  Verify SPI provider method was called: public JsonReaderFactory createReaderFactory(Map<String, ?>)
[javatest.batch] 11-29-2019 06:22:36:  String match
[javatest.batch] 11-29-2019 06:22:36:  Expected: public JsonReaderFactory createReaderFactory(Map<String, ?>)
[javatest.batch] 11-29-2019 06:22:36:  Actual:   public JsonReaderFactory createReaderFactory(Map<String, ?>)
[javatest.batch] 11-29-2019 06:22:36:  cleanup ok
[javatest.batch] 11-29-2019 06:22:37:  TRACE: SLEPT FOR:  1000
[javatest.batch] STATUS:Passed.
[javatest.batch] Passed.
[javatest.batch] ********************************************************************************
[javatest.batch] Finished Test:  PASSED........com/sun/ts/tests/jsonp/pluggability/jsonprovidertests/Client.java#jsonProviderTest18_from_standalone
[javatest.batch] ********************************************************************************
[javatest.batch] Number of tests completed:  10 (10 passed, 0 failed, 0 with errors)
[javatest.batch] Number of tests remaining:  8
[javatest.batch] ********************************************************************************
[javatest.batch] Beginning Test:  com/sun/ts/tests/jsonp/pluggability/jsonprovidertests/Client.java#jsonProviderTest2_from_standalone
[javatest.batch] ********************************************************************************
[javatest.batch] 
[javatest.batch] 11-29-2019 06:22:37:  Harness - harness.executeMode is set to "2"
[javatest.batch] 11-29-2019 06:22:37:  Harness - keywords (to be passed to tests) set to:  all
[javatest.batch] 11-29-2019 06:22:37:  Harness - sClassPathFromExecProps = 
[javatest.batch] command: com.sun.ts.lib.harness.ExecTSTestCmd CLASSPATH=:/home/jenkins/agent/workspace/TCK_JSONP_run/jsonp-tck/bin/xml/../../lib/tsharness.jar:/home/jenkins/agent/workspace/TCK_JSONP_run/jsonp-tck/bin/xml/../../lib/sigtest.jar:/home/jenkins/agent/workspace/TCK_JSONP_run/jsonp-tck/bin/xml/../../lib/jsonptck.jar:/home/jenkins/agent/workspace/TCK_JSONP_run/jsonp-tck/bin/xml/../../classes:/home/jenkins/agent/workspace/TCK_JSONP_run/jsonp-tck/bin/xml/../../bin:/home/jenkins/agent/workspace/TCK_JSONP_run/jsonp-tck/bin/xml/../../lib/jsonp_alternate_provider.jar:/home/jenkins/agent/workspace/TCK_JSONP_run/jsonp-tck/bin/xml/../../src/com/sun/ts/tests/jsonp/resources:/home/jenkins/agent/workspace/TCK_JSONP_run/jsonp-tck/bin/xml/../../../glassfish5/glassfish/modules/cdi-api.jar:/home/jenkins/agent/workspace/TCK_JSONP_run/jsonp-tck/bin/xml/../../../glassfish5/glassfish/modules/jakarta.ejb-api.jar:/home/jenkins/agent/workspace/TCK_JSONP_run/jsonp-tck/bin/xml/../../../glassfish5/glassfish/modules/jakarta.inject.jar:/home/jenkins/agent/workspace/TCK_JSONP_run/jsonp-tck/bin/xml/../../../glassfish5/glassfish/modules/jakarta.json.jar:/home/jenkins/agent/workspace/TCK_JSONP_run/jsonp-tck/bin/xml/../../../glassfish5/glassfish/modules/jakarta.json-api.jar:/home/jenkins/agent/workspace/TCK_JSONP_run/jsonp-tck/bin/xml/../../../glassfish5/glassfish/modules/jakarta.persistence.jar:/home/jenkins/agent/workspace/TCK_JSONP_run/jsonp-tck/bin/xml/../../../glassfish5/glassfish/modules/jakarta.servlet-api.jar:/home/jenkins/agent/workspace/TCK_JSONP_run/jsonp-tck/bin/xml/../../../glassfish5/glassfish/modules/jakarta.transaction-api.jar DISPLAY=:0.0 HOME=/home/jenkins windir= SYSTEMROOT= /opt/tools/java/oracle/jdk-8/1.8.0_202/jre/bin/java -Djava.security.policy=/home/jenkins/agent/workspace/TCK_JSONP_run/jsonp-tck/bin/xml/../../bin/harness.policy -Djava.security.manager -Ddeliverable.class=com.sun.ts.lib.deliverable.jsonp.JSONPDeliverable com.sun.ts.tests.common.vehicle.VehicleClient -p /home/jenkins/agent/workspace/TCK_JSONP_run/jsonp-tck/bin/xml/../../tmp/tstest.jte -t jsonProviderTest2 -vehicle standalone
[javatest.batch] ************************************************************
[javatest.batch] * props file set to "/tmp/default-cts-props.txt"
[javatest.batch] ************************************************************
[javatest.batch] 11-29-2019 06:22:37:  TRACE: #######  Value of harness.socket.retry.count is "10"
[javatest.batch] 11-29-2019 06:22:37:  TRACE: #######  Value of harness.log.port is "2000"
[javatest.batch] 11-29-2019 06:22:37:  TRACE: #######  Actual bind value of harness.log.port is "2000"
[javatest.batch] 11-29-2019 06:22:37:  TRACE: in ServiceEETest.run() method
[javatest.batch] 11-29-2019 06:22:37:  TRACE: Vehicle to be used for this test is:  standalone
[javatest.batch] 11-29-2019 06:22:37:  TRACE: in custom vehicle so call on EETest.
[javatest.batch] 11-29-2019 06:22:37:  TRACE: *** in EETest.run(argv,p)
[javatest.batch] 11-29-2019 06:22:37:  TRACE: TESTCLASS=com.sun.ts.tests.jsonp.pluggability.jsonprovidertests.Client
[javatest.batch] 11-29-2019 06:22:37:  TRACE: ** IN getRunMethod: testClass=com.sun.ts.tests.jsonp.pluggability.jsonprovidertests.Client
[javatest.batch] 11-29-2019 06:22:37:  TRACE: ** IN getRunMethod: testname=jsonProviderTest2
[javatest.batch] 11-29-2019 06:22:37:  TRACE: ** GOT RUN METHOD!
[javatest.batch] 11-29-2019 06:22:37:  TRACE: **runmethod=jsonProviderTest2
[javatest.batch] 11-29-2019 06:22:37:  TRACE: ABOUT TO GET SETUP METHOD!
[javatest.batch] 11-29-2019 06:22:37:  TRACE: No setupMethod annotation present
[javatest.batch] 11-29-2019 06:22:37:  TRACE: getSetupMethod - checking for testcase specific setup method:  jsonProviderTest2_setup
[javatest.batch] 11-29-2019 06:22:37:  TRACE: getSetupMethod - checking for default class specific setup method
[javatest.batch] 11-29-2019 06:22:37:  TRACE: GOT SETUP METHOD!
[javatest.batch] 11-29-2019 06:22:37:  TRACE: No cleanupMethod annotation present
[javatest.batch] 11-29-2019 06:22:37:  TRACE: getCleanupMethod - checking for testcase specific cleanup method:  jsonProviderTest2_cleanup
[javatest.batch] 11-29-2019 06:22:37:  TRACE: getCleanupMethod - checking for default class specific cleanup method
[javatest.batch] 11-29-2019 06:22:37:  TRACE: GOT CLEANUP METHOD!
[javatest.batch] 11-29-2019 06:22:37:  TRACE: ABOUT TO INVOKE SETUP METHOD!
[javatest.batch] 11-29-2019 06:22:37:  setup ok
[javatest.batch] 11-29-2019 06:22:37:  TRACE: INVOKED SETUP METHOD!
[javatest.batch] 11-29-2019 06:22:37:  TRACE: ABOUT TO INVOKE EETEST RUN METHOD!
[javatest.batch] 11-29-2019 06:22:37:  Calling SPI provider method: public JsonGenerator createGenerator(Writer)
[javatest.batch] 11-29-2019 06:22:37:  TRACE: public JsonGenerator createGenerator(Writer)
[javatest.batch] 11-29-2019 06:22:37:  Verify SPI provider method was called: public JsonGenerator createGenerator(Writer)
[javatest.batch] 11-29-2019 06:22:37:  String match
[javatest.batch] 11-29-2019 06:22:37:  Expected: public JsonGenerator createGenerator(Writer)
[javatest.batch] 11-29-2019 06:22:37:  Actual:   public JsonGenerator createGenerator(Writer)
[javatest.batch] 11-29-2019 06:22:37:  TRACE: public JsonGenerator writeStartArray()
[javatest.batch] 11-29-2019 06:22:37:  Verify SPI generator method was called: public JsonGenerator writeStartArray()
[javatest.batch] 11-29-2019 06:22:37:  String match
[javatest.batch] 11-29-2019 06:22:37:  Expected: public JsonGenerator writeStartArray()
[javatest.batch] 11-29-2019 06:22:37:  Actual:   public JsonGenerator writeStartArray()
[javatest.batch] 11-29-2019 06:22:37:  cleanup ok
[javatest.batch] 11-29-2019 06:22:38:  TRACE: SLEPT FOR:  1000
[javatest.batch] STATUS:Passed.
[javatest.batch] Passed.
[javatest.batch] ********************************************************************************
[javatest.batch] Finished Test:  PASSED........com/sun/ts/tests/jsonp/pluggability/jsonprovidertests/Client.java#jsonProviderTest2_from_standalone
[javatest.batch] ********************************************************************************
[javatest.batch] Number of tests completed:  11 (11 passed, 0 failed, 0 with errors)
[javatest.batch] Number of tests remaining:  7
[javatest.batch] ********************************************************************************
[javatest.batch] Beginning Test:  com/sun/ts/tests/jsonp/pluggability/jsonprovidertests/Client.java#jsonProviderTest3_from_standalone
[javatest.batch] ********************************************************************************
[javatest.batch] 
[javatest.batch] 11-29-2019 06:22:38:  Harness - harness.executeMode is set to "2"
[javatest.batch] 11-29-2019 06:22:38:  Harness - keywords (to be passed to tests) set to:  all
[javatest.batch] 11-29-2019 06:22:38:  Harness - sClassPathFromExecProps = 
[javatest.batch] command: com.sun.ts.lib.harness.ExecTSTestCmd CLASSPATH=:/home/jenkins/agent/workspace/TCK_JSONP_run/jsonp-tck/bin/xml/../../lib/tsharness.jar:/home/jenkins/agent/workspace/TCK_JSONP_run/jsonp-tck/bin/xml/../../lib/sigtest.jar:/home/jenkins/agent/workspace/TCK_JSONP_run/jsonp-tck/bin/xml/../../lib/jsonptck.jar:/home/jenkins/agent/workspace/TCK_JSONP_run/jsonp-tck/bin/xml/../../classes:/home/jenkins/agent/workspace/TCK_JSONP_run/jsonp-tck/bin/xml/../../bin:/home/jenkins/agent/workspace/TCK_JSONP_run/jsonp-tck/bin/xml/../../lib/jsonp_alternate_provider.jar:/home/jenkins/agent/workspace/TCK_JSONP_run/jsonp-tck/bin/xml/../../src/com/sun/ts/tests/jsonp/resources:/home/jenkins/agent/workspace/TCK_JSONP_run/jsonp-tck/bin/xml/../../../glassfish5/glassfish/modules/cdi-api.jar:/home/jenkins/agent/workspace/TCK_JSONP_run/jsonp-tck/bin/xml/../../../glassfish5/glassfish/modules/jakarta.ejb-api.jar:/home/jenkins/agent/workspace/TCK_JSONP_run/jsonp-tck/bin/xml/../../../glassfish5/glassfish/modules/jakarta.inject.jar:/home/jenkins/agent/workspace/TCK_JSONP_run/jsonp-tck/bin/xml/../../../glassfish5/glassfish/modules/jakarta.json.jar:/home/jenkins/agent/workspace/TCK_JSONP_run/jsonp-tck/bin/xml/../../../glassfish5/glassfish/modules/jakarta.json-api.jar:/home/jenkins/agent/workspace/TCK_JSONP_run/jsonp-tck/bin/xml/../../../glassfish5/glassfish/modules/jakarta.persistence.jar:/home/jenkins/agent/workspace/TCK_JSONP_run/jsonp-tck/bin/xml/../../../glassfish5/glassfish/modules/jakarta.servlet-api.jar:/home/jenkins/agent/workspace/TCK_JSONP_run/jsonp-tck/bin/xml/../../../glassfish5/glassfish/modules/jakarta.transaction-api.jar DISPLAY=:0.0 HOME=/home/jenkins windir= SYSTEMROOT= /opt/tools/java/oracle/jdk-8/1.8.0_202/jre/bin/java -Djava.security.policy=/home/jenkins/agent/workspace/TCK_JSONP_run/jsonp-tck/bin/xml/../../bin/harness.policy -Djava.security.manager -Ddeliverable.class=com.sun.ts.lib.deliverable.jsonp.JSONPDeliverable com.sun.ts.tests.common.vehicle.VehicleClient -p /home/jenkins/agent/workspace/TCK_JSONP_run/jsonp-tck/bin/xml/../../tmp/tstest.jte -t jsonProviderTest3 -vehicle standalone
[javatest.batch] ************************************************************
[javatest.batch] * props file set to "/tmp/default-cts-props.txt"
[javatest.batch] ************************************************************
[javatest.batch] 11-29-2019 06:22:38:  TRACE: #######  Value of harness.socket.retry.count is "10"
[javatest.batch] 11-29-2019 06:22:38:  TRACE: #######  Value of harness.log.port is "2000"
[javatest.batch] 11-29-2019 06:22:39:  TRACE: #######  Actual bind value of harness.log.port is "2000"
[javatest.batch] 11-29-2019 06:22:39:  TRACE: in ServiceEETest.run() method
[javatest.batch] 11-29-2019 06:22:39:  TRACE: Vehicle to be used for this test is:  standalone
[javatest.batch] 11-29-2019 06:22:39:  TRACE: in custom vehicle so call on EETest.
[javatest.batch] 11-29-2019 06:22:39:  TRACE: *** in EETest.run(argv,p)
[javatest.batch] 11-29-2019 06:22:39:  TRACE: TESTCLASS=com.sun.ts.tests.jsonp.pluggability.jsonprovidertests.Client
[javatest.batch] 11-29-2019 06:22:39:  TRACE: ** IN getRunMethod: testClass=com.sun.ts.tests.jsonp.pluggability.jsonprovidertests.Client
[javatest.batch] 11-29-2019 06:22:39:  TRACE: ** IN getRunMethod: testname=jsonProviderTest3
[javatest.batch] 11-29-2019 06:22:39:  TRACE: ** GOT RUN METHOD!
[javatest.batch] 11-29-2019 06:22:39:  TRACE: **runmethod=jsonProviderTest3
[javatest.batch] 11-29-2019 06:22:39:  TRACE: ABOUT TO GET SETUP METHOD!
[javatest.batch] 11-29-2019 06:22:39:  TRACE: No setupMethod annotation present
[javatest.batch] 11-29-2019 06:22:39:  TRACE: getSetupMethod - checking for testcase specific setup method:  jsonProviderTest3_setup
[javatest.batch] 11-29-2019 06:22:39:  TRACE: getSetupMethod - checking for default class specific setup method
[javatest.batch] 11-29-2019 06:22:39:  TRACE: GOT SETUP METHOD!
[javatest.batch] 11-29-2019 06:22:39:  TRACE: No cleanupMethod annotation present
[javatest.batch] 11-29-2019 06:22:39:  TRACE: getCleanupMethod - checking for testcase specific cleanup method:  jsonProviderTest3_cleanup
[javatest.batch] 11-29-2019 06:22:39:  TRACE: getCleanupMethod - checking for default class specific cleanup method
[javatest.batch] 11-29-2019 06:22:39:  TRACE: GOT CLEANUP METHOD!
[javatest.batch] 11-29-2019 06:22:39:  TRACE: ABOUT TO INVOKE SETUP METHOD!
[javatest.batch] 11-29-2019 06:22:39:  setup ok
[javatest.batch] 11-29-2019 06:22:39:  TRACE: INVOKED SETUP METHOD!
[javatest.batch] 11-29-2019 06:22:39:  TRACE: ABOUT TO INVOKE EETEST RUN METHOD!
[javatest.batch] 11-29-2019 06:22:39:  Calling SPI provider method: public JsonGenerator createGenerator(OutputStream)
[javatest.batch] 11-29-2019 06:22:39:  TRACE: public JsonGenerator createGenerator(OutputStream)
[javatest.batch] 11-29-2019 06:22:39:  Verify SPI provider method was called: public JsonGenerator createGenerator(OutputStream)
[javatest.batch] 11-29-2019 06:22:39:  String match
[javatest.batch] 11-29-2019 06:22:39:  Expected: public JsonGenerator createGenerator(OutputStream)
[javatest.batch] 11-29-2019 06:22:39:  Actual:   public JsonGenerator createGenerator(OutputStream)
[javatest.batch] 11-29-2019 06:22:39:  TRACE: public JsonGenerator writeStartObject()
[javatest.batch] 11-29-2019 06:22:39:  Verify SPI generator method was called: public JsonGenerator writeStartObject()
[javatest.batch] 11-29-2019 06:22:39:  String match
[javatest.batch] 11-29-2019 06:22:39:  Expected: public JsonGenerator writeStartObject()
[javatest.batch] 11-29-2019 06:22:39:  Actual:   public JsonGenerator writeStartObject()
[javatest.batch] 11-29-2019 06:22:39:  cleanup ok
[javatest.batch] 11-29-2019 06:22:40:  TRACE: SLEPT FOR:  1000
[javatest.batch] STATUS:Passed.
[javatest.batch] Passed.
[javatest.batch] ********************************************************************************
[javatest.batch] Finished Test:  PASSED........com/sun/ts/tests/jsonp/pluggability/jsonprovidertests/Client.java#jsonProviderTest3_from_standalone
[javatest.batch] ********************************************************************************
[javatest.batch] Number of tests completed:  12 (12 passed, 0 failed, 0 with errors)
[javatest.batch] Number of tests remaining:  6
[javatest.batch] ********************************************************************************
[javatest.batch] Beginning Test:  com/sun/ts/tests/jsonp/pluggability/jsonprovidertests/Client.java#jsonProviderTest4_from_standalone
[javatest.batch] ********************************************************************************
[javatest.batch] 
[javatest.batch] 11-29-2019 06:22:40:  Harness - harness.executeMode is set to "2"
[javatest.batch] 11-29-2019 06:22:40:  Harness - keywords (to be passed to tests) set to:  all
[javatest.batch] 11-29-2019 06:22:40:  Harness - sClassPathFromExecProps = 
[javatest.batch] command: com.sun.ts.lib.harness.ExecTSTestCmd CLASSPATH=:/home/jenkins/agent/workspace/TCK_JSONP_run/jsonp-tck/bin/xml/../../lib/tsharness.jar:/home/jenkins/agent/workspace/TCK_JSONP_run/jsonp-tck/bin/xml/../../lib/sigtest.jar:/home/jenkins/agent/workspace/TCK_JSONP_run/jsonp-tck/bin/xml/../../lib/jsonptck.jar:/home/jenkins/agent/workspace/TCK_JSONP_run/jsonp-tck/bin/xml/../../classes:/home/jenkins/agent/workspace/TCK_JSONP_run/jsonp-tck/bin/xml/../../bin:/home/jenkins/agent/workspace/TCK_JSONP_run/jsonp-tck/bin/xml/../../lib/jsonp_alternate_provider.jar:/home/jenkins/agent/workspace/TCK_JSONP_run/jsonp-tck/bin/xml/../../src/com/sun/ts/tests/jsonp/resources:/home/jenkins/agent/workspace/TCK_JSONP_run/jsonp-tck/bin/xml/../../../glassfish5/glassfish/modules/cdi-api.jar:/home/jenkins/agent/workspace/TCK_JSONP_run/jsonp-tck/bin/xml/../../../glassfish5/glassfish/modules/jakarta.ejb-api.jar:/home/jenkins/agent/workspace/TCK_JSONP_run/jsonp-tck/bin/xml/../../../glassfish5/glassfish/modules/jakarta.inject.jar:/home/jenkins/agent/workspace/TCK_JSONP_run/jsonp-tck/bin/xml/../../../glassfish5/glassfish/modules/jakarta.json.jar:/home/jenkins/agent/workspace/TCK_JSONP_run/jsonp-tck/bin/xml/../../../glassfish5/glassfish/modules/jakarta.json-api.jar:/home/jenkins/agent/workspace/TCK_JSONP_run/jsonp-tck/bin/xml/../../../glassfish5/glassfish/modules/jakarta.persistence.jar:/home/jenkins/agent/workspace/TCK_JSONP_run/jsonp-tck/bin/xml/../../../glassfish5/glassfish/modules/jakarta.servlet-api.jar:/home/jenkins/agent/workspace/TCK_JSONP_run/jsonp-tck/bin/xml/../../../glassfish5/glassfish/modules/jakarta.transaction-api.jar DISPLAY=:0.0 HOME=/home/jenkins windir= SYSTEMROOT= /opt/tools/java/oracle/jdk-8/1.8.0_202/jre/bin/java -Djava.security.policy=/home/jenkins/agent/workspace/TCK_JSONP_run/jsonp-tck/bin/xml/../../bin/harness.policy -Djava.security.manager -Ddeliverable.class=com.sun.ts.lib.deliverable.jsonp.JSONPDeliverable com.sun.ts.tests.common.vehicle.VehicleClient -p /home/jenkins/agent/workspace/TCK_JSONP_run/jsonp-tck/bin/xml/../../tmp/tstest.jte -t jsonProviderTest4 -vehicle standalone
[javatest.batch] ************************************************************
[javatest.batch] * props file set to "/tmp/default-cts-props.txt"
[javatest.batch] ************************************************************
[javatest.batch] 11-29-2019 06:22:40:  TRACE: #######  Value of harness.socket.retry.count is "10"
[javatest.batch] 11-29-2019 06:22:40:  TRACE: #######  Value of harness.log.port is "2000"
[javatest.batch] 11-29-2019 06:22:40:  TRACE: #######  Actual bind value of harness.log.port is "2000"
[javatest.batch] 11-29-2019 06:22:40:  TRACE: in ServiceEETest.run() method
[javatest.batch] 11-29-2019 06:22:40:  TRACE: Vehicle to be used for this test is:  standalone
[javatest.batch] 11-29-2019 06:22:40:  TRACE: in custom vehicle so call on EETest.
[javatest.batch] 11-29-2019 06:22:40:  TRACE: *** in EETest.run(argv,p)
[javatest.batch] 11-29-2019 06:22:40:  TRACE: TESTCLASS=com.sun.ts.tests.jsonp.pluggability.jsonprovidertests.Client
[javatest.batch] 11-29-2019 06:22:40:  TRACE: ** IN getRunMethod: testClass=com.sun.ts.tests.jsonp.pluggability.jsonprovidertests.Client
[javatest.batch] 11-29-2019 06:22:40:  TRACE: ** IN getRunMethod: testname=jsonProviderTest4
[javatest.batch] 11-29-2019 06:22:40:  TRACE: ** GOT RUN METHOD!
[javatest.batch] 11-29-2019 06:22:40:  TRACE: **runmethod=jsonProviderTest4
[javatest.batch] 11-29-2019 06:22:40:  TRACE: ABOUT TO GET SETUP METHOD!
[javatest.batch] 11-29-2019 06:22:40:  TRACE: No setupMethod annotation present
[javatest.batch] 11-29-2019 06:22:40:  TRACE: getSetupMethod - checking for testcase specific setup method:  jsonProviderTest4_setup
[javatest.batch] 11-29-2019 06:22:40:  TRACE: getSetupMethod - checking for default class specific setup method
[javatest.batch] 11-29-2019 06:22:40:  TRACE: GOT SETUP METHOD!
[javatest.batch] 11-29-2019 06:22:40:  TRACE: No cleanupMethod annotation present
[javatest.batch] 11-29-2019 06:22:40:  TRACE: getCleanupMethod - checking for testcase specific cleanup method:  jsonProviderTest4_cleanup
[javatest.batch] 11-29-2019 06:22:40:  TRACE: getCleanupMethod - checking for default class specific cleanup method
[javatest.batch] 11-29-2019 06:22:40:  TRACE: GOT CLEANUP METHOD!
[javatest.batch] 11-29-2019 06:22:40:  TRACE: ABOUT TO INVOKE SETUP METHOD!
[javatest.batch] 11-29-2019 06:22:40:  setup ok
[javatest.batch] 11-29-2019 06:22:40:  TRACE: INVOKED SETUP METHOD!
[javatest.batch] 11-29-2019 06:22:40:  TRACE: ABOUT TO INVOKE EETEST RUN METHOD!
[javatest.batch] 11-29-2019 06:22:40:  Calling SPI provider method: public JsonParser createParser(Reader)
[javatest.batch] 11-29-2019 06:22:40:  TRACE: public JsonParser createParser(Reader)
[javatest.batch] 11-29-2019 06:22:40:  Verify SPI provider method was called: public JsonParser createParser(Reader)
[javatest.batch] 11-29-2019 06:22:40:  String match
[javatest.batch] 11-29-2019 06:22:40:  Expected: public JsonParser createParser(Reader)
[javatest.batch] 11-29-2019 06:22:40:  Actual:   public JsonParser createParser(Reader)
[javatest.batch] 11-29-2019 06:22:40:  cleanup ok
[javatest.batch] 11-29-2019 06:22:41:  TRACE: SLEPT FOR:  1000
[javatest.batch] STATUS:Passed.
[javatest.batch] Passed.
[javatest.batch] ********************************************************************************
[javatest.batch] Finished Test:  PASSED........com/sun/ts/tests/jsonp/pluggability/jsonprovidertests/Client.java#jsonProviderTest4_from_standalone
[javatest.batch] ********************************************************************************
[javatest.batch] Number of tests completed:  13 (13 passed, 0 failed, 0 with errors)
[javatest.batch] Number of tests remaining:  5
[javatest.batch] ********************************************************************************
[javatest.batch] Beginning Test:  com/sun/ts/tests/jsonp/pluggability/jsonprovidertests/Client.java#jsonProviderTest5_from_standalone
[javatest.batch] ********************************************************************************
[javatest.batch] 
[javatest.batch] 11-29-2019 06:22:41:  Harness - harness.executeMode is set to "2"
[javatest.batch] 11-29-2019 06:22:41:  Harness - keywords (to be passed to tests) set to:  all
[javatest.batch] 11-29-2019 06:22:41:  Harness - sClassPathFromExecProps = 
[javatest.batch] command: com.sun.ts.lib.harness.ExecTSTestCmd CLASSPATH=:/home/jenkins/agent/workspace/TCK_JSONP_run/jsonp-tck/bin/xml/../../lib/tsharness.jar:/home/jenkins/agent/workspace/TCK_JSONP_run/jsonp-tck/bin/xml/../../lib/sigtest.jar:/home/jenkins/agent/workspace/TCK_JSONP_run/jsonp-tck/bin/xml/../../lib/jsonptck.jar:/home/jenkins/agent/workspace/TCK_JSONP_run/jsonp-tck/bin/xml/../../classes:/home/jenkins/agent/workspace/TCK_JSONP_run/jsonp-tck/bin/xml/../../bin:/home/jenkins/agent/workspace/TCK_JSONP_run/jsonp-tck/bin/xml/../../lib/jsonp_alternate_provider.jar:/home/jenkins/agent/workspace/TCK_JSONP_run/jsonp-tck/bin/xml/../../src/com/sun/ts/tests/jsonp/resources:/home/jenkins/agent/workspace/TCK_JSONP_run/jsonp-tck/bin/xml/../../../glassfish5/glassfish/modules/cdi-api.jar:/home/jenkins/agent/workspace/TCK_JSONP_run/jsonp-tck/bin/xml/../../../glassfish5/glassfish/modules/jakarta.ejb-api.jar:/home/jenkins/agent/workspace/TCK_JSONP_run/jsonp-tck/bin/xml/../../../glassfish5/glassfish/modules/jakarta.inject.jar:/home/jenkins/agent/workspace/TCK_JSONP_run/jsonp-tck/bin/xml/../../../glassfish5/glassfish/modules/jakarta.json.jar:/home/jenkins/agent/workspace/TCK_JSONP_run/jsonp-tck/bin/xml/../../../glassfish5/glassfish/modules/jakarta.json-api.jar:/home/jenkins/agent/workspace/TCK_JSONP_run/jsonp-tck/bin/xml/../../../glassfish5/glassfish/modules/jakarta.persistence.jar:/home/jenkins/agent/workspace/TCK_JSONP_run/jsonp-tck/bin/xml/../../../glassfish5/glassfish/modules/jakarta.servlet-api.jar:/home/jenkins/agent/workspace/TCK_JSONP_run/jsonp-tck/bin/xml/../../../glassfish5/glassfish/modules/jakarta.transaction-api.jar DISPLAY=:0.0 HOME=/home/jenkins windir= SYSTEMROOT= /opt/tools/java/oracle/jdk-8/1.8.0_202/jre/bin/java -Djava.security.policy=/home/jenkins/agent/workspace/TCK_JSONP_run/jsonp-tck/bin/xml/../../bin/harness.policy -Djava.security.manager -Ddeliverable.class=com.sun.ts.lib.deliverable.jsonp.JSONPDeliverable com.sun.ts.tests.common.vehicle.VehicleClient -p /home/jenkins/agent/workspace/TCK_JSONP_run/jsonp-tck/bin/xml/../../tmp/tstest.jte -t jsonProviderTest5 -vehicle standalone
[javatest.batch] ************************************************************
[javatest.batch] * props file set to "/tmp/default-cts-props.txt"
[javatest.batch] ************************************************************
[javatest.batch] 11-29-2019 06:22:41:  TRACE: #######  Value of harness.socket.retry.count is "10"
[javatest.batch] 11-29-2019 06:22:41:  TRACE: #######  Value of harness.log.port is "2000"
[javatest.batch] 11-29-2019 06:22:41:  TRACE: #######  Actual bind value of harness.log.port is "2000"
[javatest.batch] 11-29-2019 06:22:41:  TRACE: in ServiceEETest.run() method
[javatest.batch] 11-29-2019 06:22:41:  TRACE: Vehicle to be used for this test is:  standalone
[javatest.batch] 11-29-2019 06:22:41:  TRACE: in custom vehicle so call on EETest.
[javatest.batch] 11-29-2019 06:22:41:  TRACE: *** in EETest.run(argv,p)
[javatest.batch] 11-29-2019 06:22:41:  TRACE: TESTCLASS=com.sun.ts.tests.jsonp.pluggability.jsonprovidertests.Client
[javatest.batch] 11-29-2019 06:22:41:  TRACE: ** IN getRunMethod: testClass=com.sun.ts.tests.jsonp.pluggability.jsonprovidertests.Client
[javatest.batch] 11-29-2019 06:22:41:  TRACE: ** IN getRunMethod: testname=jsonProviderTest5
[javatest.batch] 11-29-2019 06:22:41:  TRACE: ** GOT RUN METHOD!
[javatest.batch] 11-29-2019 06:22:41:  TRACE: **runmethod=jsonProviderTest5
[javatest.batch] 11-29-2019 06:22:41:  TRACE: ABOUT TO GET SETUP METHOD!
[javatest.batch] 11-29-2019 06:22:41:  TRACE: No setupMethod annotation present
[javatest.batch] 11-29-2019 06:22:41:  TRACE: getSetupMethod - checking for testcase specific setup method:  jsonProviderTest5_setup
[javatest.batch] 11-29-2019 06:22:41:  TRACE: getSetupMethod - checking for default class specific setup method
[javatest.batch] 11-29-2019 06:22:41:  TRACE: GOT SETUP METHOD!
[javatest.batch] 11-29-2019 06:22:41:  TRACE: No cleanupMethod annotation present
[javatest.batch] 11-29-2019 06:22:41:  TRACE: getCleanupMethod - checking for testcase specific cleanup method:  jsonProviderTest5_cleanup
[javatest.batch] 11-29-2019 06:22:41:  TRACE: getCleanupMethod - checking for default class specific cleanup method
[javatest.batch] 11-29-2019 06:22:41:  TRACE: GOT CLEANUP METHOD!
[javatest.batch] 11-29-2019 06:22:41:  TRACE: ABOUT TO INVOKE SETUP METHOD!
[javatest.batch] 11-29-2019 06:22:41:  setup ok
[javatest.batch] 11-29-2019 06:22:41:  TRACE: INVOKED SETUP METHOD!
[javatest.batch] 11-29-2019 06:22:41:  TRACE: ABOUT TO INVOKE EETEST RUN METHOD!
[javatest.batch] 11-29-2019 06:22:41:  Calling SPI provider method: public JsonParser createParser(InputStream)
[javatest.batch] 11-29-2019 06:22:41:  TRACE: public JsonParser createParser(InputStream)
[javatest.batch] 11-29-2019 06:22:41:  Verify SPI provider method was called: public JsonParser createParser(InputStream)
[javatest.batch] 11-29-2019 06:22:41:  String match
[javatest.batch] 11-29-2019 06:22:41:  Expected: public JsonParser createParser(InputStream)
[javatest.batch] 11-29-2019 06:22:41:  Actual:   public JsonParser createParser(InputStream)
[javatest.batch] 11-29-2019 06:22:41:  cleanup ok
[javatest.batch] 11-29-2019 06:22:42:  TRACE: SLEPT FOR:  1000
[javatest.batch] STATUS:Passed.
[javatest.batch] Passed.
[javatest.batch] ********************************************************************************
[javatest.batch] Finished Test:  PASSED........com/sun/ts/tests/jsonp/pluggability/jsonprovidertests/Client.java#jsonProviderTest5_from_standalone
[javatest.batch] ********************************************************************************
[javatest.batch] Number of tests completed:  14 (14 passed, 0 failed, 0 with errors)
[javatest.batch] Number of tests remaining:  4
[javatest.batch] ********************************************************************************
[javatest.batch] Beginning Test:  com/sun/ts/tests/jsonp/pluggability/jsonprovidertests/Client.java#jsonProviderTest6_from_standalone
[javatest.batch] ********************************************************************************
[javatest.batch] 
[javatest.batch] 11-29-2019 06:22:43:  Harness - harness.executeMode is set to "2"
[javatest.batch] 11-29-2019 06:22:43:  Harness - keywords (to be passed to tests) set to:  all
[javatest.batch] 11-29-2019 06:22:43:  Harness - sClassPathFromExecProps = 
[javatest.batch] command: com.sun.ts.lib.harness.ExecTSTestCmd CLASSPATH=:/home/jenkins/agent/workspace/TCK_JSONP_run/jsonp-tck/bin/xml/../../lib/tsharness.jar:/home/jenkins/agent/workspace/TCK_JSONP_run/jsonp-tck/bin/xml/../../lib/sigtest.jar:/home/jenkins/agent/workspace/TCK_JSONP_run/jsonp-tck/bin/xml/../../lib/jsonptck.jar:/home/jenkins/agent/workspace/TCK_JSONP_run/jsonp-tck/bin/xml/../../classes:/home/jenkins/agent/workspace/TCK_JSONP_run/jsonp-tck/bin/xml/../../bin:/home/jenkins/agent/workspace/TCK_JSONP_run/jsonp-tck/bin/xml/../../lib/jsonp_alternate_provider.jar:/home/jenkins/agent/workspace/TCK_JSONP_run/jsonp-tck/bin/xml/../../src/com/sun/ts/tests/jsonp/resources:/home/jenkins/agent/workspace/TCK_JSONP_run/jsonp-tck/bin/xml/../../../glassfish5/glassfish/modules/cdi-api.jar:/home/jenkins/agent/workspace/TCK_JSONP_run/jsonp-tck/bin/xml/../../../glassfish5/glassfish/modules/jakarta.ejb-api.jar:/home/jenkins/agent/workspace/TCK_JSONP_run/jsonp-tck/bin/xml/../../../glassfish5/glassfish/modules/jakarta.inject.jar:/home/jenkins/agent/workspace/TCK_JSONP_run/jsonp-tck/bin/xml/../../../glassfish5/glassfish/modules/jakarta.json.jar:/home/jenkins/agent/workspace/TCK_JSONP_run/jsonp-tck/bin/xml/../../../glassfish5/glassfish/modules/jakarta.json-api.jar:/home/jenkins/agent/workspace/TCK_JSONP_run/jsonp-tck/bin/xml/../../../glassfish5/glassfish/modules/jakarta.persistence.jar:/home/jenkins/agent/workspace/TCK_JSONP_run/jsonp-tck/bin/xml/../../../glassfish5/glassfish/modules/jakarta.servlet-api.jar:/home/jenkins/agent/workspace/TCK_JSONP_run/jsonp-tck/bin/xml/../../../glassfish5/glassfish/modules/jakarta.transaction-api.jar DISPLAY=:0.0 HOME=/home/jenkins windir= SYSTEMROOT= /opt/tools/java/oracle/jdk-8/1.8.0_202/jre/bin/java -Djava.security.policy=/home/jenkins/agent/workspace/TCK_JSONP_run/jsonp-tck/bin/xml/../../bin/harness.policy -Djava.security.manager -Ddeliverable.class=com.sun.ts.lib.deliverable.jsonp.JSONPDeliverable com.sun.ts.tests.common.vehicle.VehicleClient -p /home/jenkins/agent/workspace/TCK_JSONP_run/jsonp-tck/bin/xml/../../tmp/tstest.jte -t jsonProviderTest6 -vehicle standalone
[javatest.batch] ************************************************************
[javatest.batch] * props file set to "/tmp/default-cts-props.txt"
[javatest.batch] ************************************************************
[javatest.batch] 11-29-2019 06:22:43:  TRACE: #######  Value of harness.socket.retry.count is "10"
[javatest.batch] 11-29-2019 06:22:43:  TRACE: #######  Value of harness.log.port is "2000"
[javatest.batch] 11-29-2019 06:22:43:  TRACE: #######  Actual bind value of harness.log.port is "2000"
[javatest.batch] 11-29-2019 06:22:43:  TRACE: in ServiceEETest.run() method
[javatest.batch] 11-29-2019 06:22:43:  TRACE: Vehicle to be used for this test is:  standalone
[javatest.batch] 11-29-2019 06:22:43:  TRACE: in custom vehicle so call on EETest.
[javatest.batch] 11-29-2019 06:22:43:  TRACE: *** in EETest.run(argv,p)
[javatest.batch] 11-29-2019 06:22:43:  TRACE: TESTCLASS=com.sun.ts.tests.jsonp.pluggability.jsonprovidertests.Client
[javatest.batch] 11-29-2019 06:22:43:  TRACE: ** IN getRunMethod: testClass=com.sun.ts.tests.jsonp.pluggability.jsonprovidertests.Client
[javatest.batch] 11-29-2019 06:22:43:  TRACE: ** IN getRunMethod: testname=jsonProviderTest6
[javatest.batch] 11-29-2019 06:22:43:  TRACE: ** GOT RUN METHOD!
[javatest.batch] 11-29-2019 06:22:43:  TRACE: **runmethod=jsonProviderTest6
[javatest.batch] 11-29-2019 06:22:43:  TRACE: ABOUT TO GET SETUP METHOD!
[javatest.batch] 11-29-2019 06:22:43:  TRACE: No setupMethod annotation present
[javatest.batch] 11-29-2019 06:22:43:  TRACE: getSetupMethod - checking for testcase specific setup method:  jsonProviderTest6_setup
[javatest.batch] 11-29-2019 06:22:43:  TRACE: getSetupMethod - checking for default class specific setup method
[javatest.batch] 11-29-2019 06:22:43:  TRACE: GOT SETUP METHOD!
[javatest.batch] 11-29-2019 06:22:43:  TRACE: No cleanupMethod annotation present
[javatest.batch] 11-29-2019 06:22:43:  TRACE: getCleanupMethod - checking for testcase specific cleanup method:  jsonProviderTest6_cleanup
[javatest.batch] 11-29-2019 06:22:43:  TRACE: getCleanupMethod - checking for default class specific cleanup method
[javatest.batch] 11-29-2019 06:22:43:  TRACE: GOT CLEANUP METHOD!
[javatest.batch] 11-29-2019 06:22:43:  TRACE: ABOUT TO INVOKE SETUP METHOD!
[javatest.batch] 11-29-2019 06:22:43:  setup ok
[javatest.batch] 11-29-2019 06:22:43:  TRACE: INVOKED SETUP METHOD!
[javatest.batch] 11-29-2019 06:22:43:  TRACE: ABOUT TO INVOKE EETEST RUN METHOD!
[javatest.batch] 11-29-2019 06:22:43:  Calling SPI provider method: public JsonParserFactory createParserFactory(Map<String, ?>)
[javatest.batch] 11-29-2019 06:22:43:  getEmptyConfig
[javatest.batch] 11-29-2019 06:22:43:  TRACE: public JsonParserFactory createParserFactory(Map<String, ?>)
[javatest.batch] 11-29-2019 06:22:43:  Verify SPI provider method was called: public JsonParserFactory createParserFactory(Map<String, ?>)
[javatest.batch] 11-29-2019 06:22:43:  String match
[javatest.batch] 11-29-2019 06:22:43:  Expected: public JsonParserFactory createParserFactory(Map<String, ?>)
[javatest.batch] 11-29-2019 06:22:43:  Actual:   public JsonParserFactory createParserFactory(Map<String, ?>)
[javatest.batch] 11-29-2019 06:22:43:  cleanup ok
[javatest.batch] 11-29-2019 06:22:44:  TRACE: SLEPT FOR:  1000
[javatest.batch] STATUS:Passed.
[javatest.batch] Passed.
[javatest.batch] ********************************************************************************
[javatest.batch] Finished Test:  PASSED........com/sun/ts/tests/jsonp/pluggability/jsonprovidertests/Client.java#jsonProviderTest6_from_standalone
[javatest.batch] ********************************************************************************
[javatest.batch] Number of tests completed:  15 (15 passed, 0 failed, 0 with errors)
[javatest.batch] Number of tests remaining:  3
[javatest.batch] ********************************************************************************
[javatest.batch] Beginning Test:  com/sun/ts/tests/jsonp/pluggability/jsonprovidertests/Client.java#jsonProviderTest7_from_standalone
[javatest.batch] ********************************************************************************
[javatest.batch] 
[javatest.batch] 11-29-2019 06:22:44:  Harness - harness.executeMode is set to "2"
[javatest.batch] 11-29-2019 06:22:44:  Harness - keywords (to be passed to tests) set to:  all
[javatest.batch] 11-29-2019 06:22:44:  Harness - sClassPathFromExecProps = 
[javatest.batch] command: com.sun.ts.lib.harness.ExecTSTestCmd CLASSPATH=:/home/jenkins/agent/workspace/TCK_JSONP_run/jsonp-tck/bin/xml/../../lib/tsharness.jar:/home/jenkins/agent/workspace/TCK_JSONP_run/jsonp-tck/bin/xml/../../lib/sigtest.jar:/home/jenkins/agent/workspace/TCK_JSONP_run/jsonp-tck/bin/xml/../../lib/jsonptck.jar:/home/jenkins/agent/workspace/TCK_JSONP_run/jsonp-tck/bin/xml/../../classes:/home/jenkins/agent/workspace/TCK_JSONP_run/jsonp-tck/bin/xml/../../bin:/home/jenkins/agent/workspace/TCK_JSONP_run/jsonp-tck/bin/xml/../../lib/jsonp_alternate_provider.jar:/home/jenkins/agent/workspace/TCK_JSONP_run/jsonp-tck/bin/xml/../../src/com/sun/ts/tests/jsonp/resources:/home/jenkins/agent/workspace/TCK_JSONP_run/jsonp-tck/bin/xml/../../../glassfish5/glassfish/modules/cdi-api.jar:/home/jenkins/agent/workspace/TCK_JSONP_run/jsonp-tck/bin/xml/../../../glassfish5/glassfish/modules/jakarta.ejb-api.jar:/home/jenkins/agent/workspace/TCK_JSONP_run/jsonp-tck/bin/xml/../../../glassfish5/glassfish/modules/jakarta.inject.jar:/home/jenkins/agent/workspace/TCK_JSONP_run/jsonp-tck/bin/xml/../../../glassfish5/glassfish/modules/jakarta.json.jar:/home/jenkins/agent/workspace/TCK_JSONP_run/jsonp-tck/bin/xml/../../../glassfish5/glassfish/modules/jakarta.json-api.jar:/home/jenkins/agent/workspace/TCK_JSONP_run/jsonp-tck/bin/xml/../../../glassfish5/glassfish/modules/jakarta.persistence.jar:/home/jenkins/agent/workspace/TCK_JSONP_run/jsonp-tck/bin/xml/../../../glassfish5/glassfish/modules/jakarta.servlet-api.jar:/home/jenkins/agent/workspace/TCK_JSONP_run/jsonp-tck/bin/xml/../../../glassfish5/glassfish/modules/jakarta.transaction-api.jar DISPLAY=:0.0 HOME=/home/jenkins windir= SYSTEMROOT= /opt/tools/java/oracle/jdk-8/1.8.0_202/jre/bin/java -Djava.security.policy=/home/jenkins/agent/workspace/TCK_JSONP_run/jsonp-tck/bin/xml/../../bin/harness.policy -Djava.security.manager -Ddeliverable.class=com.sun.ts.lib.deliverable.jsonp.JSONPDeliverable com.sun.ts.tests.common.vehicle.VehicleClient -p /home/jenkins/agent/workspace/TCK_JSONP_run/jsonp-tck/bin/xml/../../tmp/tstest.jte -t jsonProviderTest7 -vehicle standalone
[javatest.batch] ************************************************************
[javatest.batch] * props file set to "/tmp/default-cts-props.txt"
[javatest.batch] ************************************************************
[javatest.batch] 11-29-2019 06:22:44:  TRACE: #######  Value of harness.socket.retry.count is "10"
[javatest.batch] 11-29-2019 06:22:44:  TRACE: #######  Value of harness.log.port is "2000"
[javatest.batch] 11-29-2019 06:22:44:  TRACE: #######  Actual bind value of harness.log.port is "2000"
[javatest.batch] 11-29-2019 06:22:44:  TRACE: in ServiceEETest.run() method
[javatest.batch] 11-29-2019 06:22:44:  TRACE: Vehicle to be used for this test is:  standalone
[javatest.batch] 11-29-2019 06:22:44:  TRACE: in custom vehicle so call on EETest.
[javatest.batch] 11-29-2019 06:22:44:  TRACE: *** in EETest.run(argv,p)
[javatest.batch] 11-29-2019 06:22:44:  TRACE: TESTCLASS=com.sun.ts.tests.jsonp.pluggability.jsonprovidertests.Client
[javatest.batch] 11-29-2019 06:22:44:  TRACE: ** IN getRunMethod: testClass=com.sun.ts.tests.jsonp.pluggability.jsonprovidertests.Client
[javatest.batch] 11-29-2019 06:22:44:  TRACE: ** IN getRunMethod: testname=jsonProviderTest7
[javatest.batch] 11-29-2019 06:22:44:  TRACE: ** GOT RUN METHOD!
[javatest.batch] 11-29-2019 06:22:44:  TRACE: **runmethod=jsonProviderTest7
[javatest.batch] 11-29-2019 06:22:44:  TRACE: ABOUT TO GET SETUP METHOD!
[javatest.batch] 11-29-2019 06:22:44:  TRACE: No setupMethod annotation present
[javatest.batch] 11-29-2019 06:22:44:  TRACE: getSetupMethod - checking for testcase specific setup method:  jsonProviderTest7_setup
[javatest.batch] 11-29-2019 06:22:44:  TRACE: getSetupMethod - checking for default class specific setup method
[javatest.batch] 11-29-2019 06:22:44:  TRACE: GOT SETUP METHOD!
[javatest.batch] 11-29-2019 06:22:44:  TRACE: No cleanupMethod annotation present
[javatest.batch] 11-29-2019 06:22:44:  TRACE: getCleanupMethod - checking for testcase specific cleanup method:  jsonProviderTest7_cleanup
[javatest.batch] 11-29-2019 06:22:44:  TRACE: getCleanupMethod - checking for default class specific cleanup method
[javatest.batch] 11-29-2019 06:22:44:  TRACE: GOT CLEANUP METHOD!
[javatest.batch] 11-29-2019 06:22:44:  TRACE: ABOUT TO INVOKE SETUP METHOD!
[javatest.batch] 11-29-2019 06:22:44:  setup ok
[javatest.batch] 11-29-2019 06:22:44:  TRACE: INVOKED SETUP METHOD!
[javatest.batch] 11-29-2019 06:22:44:  TRACE: ABOUT TO INVOKE EETEST RUN METHOD!
[javatest.batch] 11-29-2019 06:22:44:  Calling SPI provider method: public JsonParserFactory createParserFactory(Map<String, ?>)
[javatest.batch] 11-29-2019 06:22:44:  TRACE: public JsonParserFactory createParserFactory(Map<String, ?>)
[javatest.batch] 11-29-2019 06:22:44:  Verify SPI provider method was called: public JsonParserFactory createParserFactory(Map<String, ?>)
[javatest.batch] 11-29-2019 06:22:44:  String match
[javatest.batch] 11-29-2019 06:22:44:  Expected: public JsonParserFactory createParserFactory(Map<String, ?>)
[javatest.batch] 11-29-2019 06:22:44:  Actual:   public JsonParserFactory createParserFactory(Map<String, ?>)
[javatest.batch] 11-29-2019 06:22:44:  cleanup ok
[javatest.batch] 11-29-2019 06:22:45:  TRACE: SLEPT FOR:  1000
[javatest.batch] STATUS:Passed.
[javatest.batch] Passed.
[javatest.batch] ********************************************************************************
[javatest.batch] Finished Test:  PASSED........com/sun/ts/tests/jsonp/pluggability/jsonprovidertests/Client.java#jsonProviderTest7_from_standalone
[javatest.batch] ********************************************************************************
[javatest.batch] Number of tests completed:  16 (16 passed, 0 failed, 0 with errors)
[javatest.batch] Number of tests remaining:  2
[javatest.batch] ********************************************************************************
[javatest.batch] Beginning Test:  com/sun/ts/tests/jsonp/pluggability/jsonprovidertests/Client.java#jsonProviderTest8_from_standalone
[javatest.batch] ********************************************************************************
[javatest.batch] 
[javatest.batch] 11-29-2019 06:22:46:  Harness - harness.executeMode is set to "2"
[javatest.batch] 11-29-2019 06:22:46:  Harness - keywords (to be passed to tests) set to:  all
[javatest.batch] 11-29-2019 06:22:46:  Harness - sClassPathFromExecProps = 
[javatest.batch] command: com.sun.ts.lib.harness.ExecTSTestCmd CLASSPATH=:/home/jenkins/agent/workspace/TCK_JSONP_run/jsonp-tck/bin/xml/../../lib/tsharness.jar:/home/jenkins/agent/workspace/TCK_JSONP_run/jsonp-tck/bin/xml/../../lib/sigtest.jar:/home/jenkins/agent/workspace/TCK_JSONP_run/jsonp-tck/bin/xml/../../lib/jsonptck.jar:/home/jenkins/agent/workspace/TCK_JSONP_run/jsonp-tck/bin/xml/../../classes:/home/jenkins/agent/workspace/TCK_JSONP_run/jsonp-tck/bin/xml/../../bin:/home/jenkins/agent/workspace/TCK_JSONP_run/jsonp-tck/bin/xml/../../lib/jsonp_alternate_provider.jar:/home/jenkins/agent/workspace/TCK_JSONP_run/jsonp-tck/bin/xml/../../src/com/sun/ts/tests/jsonp/resources:/home/jenkins/agent/workspace/TCK_JSONP_run/jsonp-tck/bin/xml/../../../glassfish5/glassfish/modules/cdi-api.jar:/home/jenkins/agent/workspace/TCK_JSONP_run/jsonp-tck/bin/xml/../../../glassfish5/glassfish/modules/jakarta.ejb-api.jar:/home/jenkins/agent/workspace/TCK_JSONP_run/jsonp-tck/bin/xml/../../../glassfish5/glassfish/modules/jakarta.inject.jar:/home/jenkins/agent/workspace/TCK_JSONP_run/jsonp-tck/bin/xml/../../../glassfish5/glassfish/modules/jakarta.json.jar:/home/jenkins/agent/workspace/TCK_JSONP_run/jsonp-tck/bin/xml/../../../glassfish5/glassfish/modules/jakarta.json-api.jar:/home/jenkins/agent/workspace/TCK_JSONP_run/jsonp-tck/bin/xml/../../../glassfish5/glassfish/modules/jakarta.persistence.jar:/home/jenkins/agent/workspace/TCK_JSONP_run/jsonp-tck/bin/xml/../../../glassfish5/glassfish/modules/jakarta.servlet-api.jar:/home/jenkins/agent/workspace/TCK_JSONP_run/jsonp-tck/bin/xml/../../../glassfish5/glassfish/modules/jakarta.transaction-api.jar DISPLAY=:0.0 HOME=/home/jenkins windir= SYSTEMROOT= /opt/tools/java/oracle/jdk-8/1.8.0_202/jre/bin/java -Djava.security.policy=/home/jenkins/agent/workspace/TCK_JSONP_run/jsonp-tck/bin/xml/../../bin/harness.policy -Djava.security.manager -Ddeliverable.class=com.sun.ts.lib.deliverable.jsonp.JSONPDeliverable com.sun.ts.tests.common.vehicle.VehicleClient -p /home/jenkins/agent/workspace/TCK_JSONP_run/jsonp-tck/bin/xml/../../tmp/tstest.jte -t jsonProviderTest8 -vehicle standalone
[javatest.batch] ************************************************************
[javatest.batch] * props file set to "/tmp/default-cts-props.txt"
[javatest.batch] ************************************************************
[javatest.batch] 11-29-2019 06:22:46:  TRACE: #######  Value of harness.socket.retry.count is "10"
[javatest.batch] 11-29-2019 06:22:46:  TRACE: #######  Value of harness.log.port is "2000"
[javatest.batch] 11-29-2019 06:22:46:  TRACE: #######  Actual bind value of harness.log.port is "2000"
[javatest.batch] 11-29-2019 06:22:46:  TRACE: in ServiceEETest.run() method
[javatest.batch] 11-29-2019 06:22:46:  TRACE: Vehicle to be used for this test is:  standalone
[javatest.batch] 11-29-2019 06:22:46:  TRACE: in custom vehicle so call on EETest.
[javatest.batch] 11-29-2019 06:22:46:  TRACE: *** in EETest.run(argv,p)
[javatest.batch] 11-29-2019 06:22:46:  TRACE: TESTCLASS=com.sun.ts.tests.jsonp.pluggability.jsonprovidertests.Client
[javatest.batch] 11-29-2019 06:22:46:  TRACE: ** IN getRunMethod: testClass=com.sun.ts.tests.jsonp.pluggability.jsonprovidertests.Client
[javatest.batch] 11-29-2019 06:22:46:  TRACE: ** IN getRunMethod: testname=jsonProviderTest8
[javatest.batch] 11-29-2019 06:22:46:  TRACE: ** GOT RUN METHOD!
[javatest.batch] 11-29-2019 06:22:46:  TRACE: **runmethod=jsonProviderTest8
[javatest.batch] 11-29-2019 06:22:46:  TRACE: ABOUT TO GET SETUP METHOD!
[javatest.batch] 11-29-2019 06:22:46:  TRACE: No setupMethod annotation present
[javatest.batch] 11-29-2019 06:22:46:  TRACE: getSetupMethod - checking for testcase specific setup method:  jsonProviderTest8_setup
[javatest.batch] 11-29-2019 06:22:46:  TRACE: getSetupMethod - checking for default class specific setup method
[javatest.batch] 11-29-2019 06:22:46:  TRACE: GOT SETUP METHOD!
[javatest.batch] 11-29-2019 06:22:46:  TRACE: No cleanupMethod annotation present
[javatest.batch] 11-29-2019 06:22:46:  TRACE: getCleanupMethod - checking for testcase specific cleanup method:  jsonProviderTest8_cleanup
[javatest.batch] 11-29-2019 06:22:46:  TRACE: getCleanupMethod - checking for default class specific cleanup method
[javatest.batch] 11-29-2019 06:22:46:  TRACE: GOT CLEANUP METHOD!
[javatest.batch] 11-29-2019 06:22:46:  TRACE: ABOUT TO INVOKE SETUP METHOD!
[javatest.batch] 11-29-2019 06:22:46:  setup ok
[javatest.batch] 11-29-2019 06:22:46:  TRACE: INVOKED SETUP METHOD!
[javatest.batch] 11-29-2019 06:22:46:  TRACE: ABOUT TO INVOKE EETEST RUN METHOD!
[javatest.batch] 11-29-2019 06:22:46:  Calling SPI provider method: public JsonGeneratorFactory createGeneratorFactory(Map<String, ?>)
[javatest.batch] 11-29-2019 06:22:46:  TRACE: public JsonGeneratorFactory createGeneratorFactory(Map<String, ?>)
[javatest.batch] 11-29-2019 06:22:46:  Verify SPI provider method was called: public JsonGeneratorFactory createGeneratorFactory(Map<String, ?>)
[javatest.batch] 11-29-2019 06:22:46:  String match
[javatest.batch] 11-29-2019 06:22:46:  Expected: public JsonGeneratorFactory createGeneratorFactory(Map<String, ?>)
[javatest.batch] 11-29-2019 06:22:46:  Actual:   public JsonGeneratorFactory createGeneratorFactory(Map<String, ?>)
[javatest.batch] 11-29-2019 06:22:46:  cleanup ok
[javatest.batch] 11-29-2019 06:22:47:  TRACE: SLEPT FOR:  1000
[javatest.batch] STATUS:Passed.
[javatest.batch] Passed.
[javatest.batch] ********************************************************************************
[javatest.batch] Finished Test:  PASSED........com/sun/ts/tests/jsonp/pluggability/jsonprovidertests/Client.java#jsonProviderTest8_from_standalone
[javatest.batch] ********************************************************************************
[javatest.batch] Number of tests completed:  17 (17 passed, 0 failed, 0 with errors)
[javatest.batch] Number of tests remaining:  1
[javatest.batch] ********************************************************************************
[javatest.batch] Beginning Test:  com/sun/ts/tests/jsonp/pluggability/jsonprovidertests/Client.java#jsonProviderTest9_from_standalone
[javatest.batch] ********************************************************************************
[javatest.batch] 
[javatest.batch] 11-29-2019 06:22:47:  Harness - harness.executeMode is set to "2"
[javatest.batch] 11-29-2019 06:22:47:  Harness - keywords (to be passed to tests) set to:  all
[javatest.batch] 11-29-2019 06:22:47:  Harness - sClassPathFromExecProps = 
[javatest.batch] command: com.sun.ts.lib.harness.ExecTSTestCmd CLASSPATH=:/home/jenkins/agent/workspace/TCK_JSONP_run/jsonp-tck/bin/xml/../../lib/tsharness.jar:/home/jenkins/agent/workspace/TCK_JSONP_run/jsonp-tck/bin/xml/../../lib/sigtest.jar:/home/jenkins/agent/workspace/TCK_JSONP_run/jsonp-tck/bin/xml/../../lib/jsonptck.jar:/home/jenkins/agent/workspace/TCK_JSONP_run/jsonp-tck/bin/xml/../../classes:/home/jenkins/agent/workspace/TCK_JSONP_run/jsonp-tck/bin/xml/../../bin:/home/jenkins/agent/workspace/TCK_JSONP_run/jsonp-tck/bin/xml/../../lib/jsonp_alternate_provider.jar:/home/jenkins/agent/workspace/TCK_JSONP_run/jsonp-tck/bin/xml/../../src/com/sun/ts/tests/jsonp/resources:/home/jenkins/agent/workspace/TCK_JSONP_run/jsonp-tck/bin/xml/../../../glassfish5/glassfish/modules/cdi-api.jar:/home/jenkins/agent/workspace/TCK_JSONP_run/jsonp-tck/bin/xml/../../../glassfish5/glassfish/modules/jakarta.ejb-api.jar:/home/jenkins/agent/workspace/TCK_JSONP_run/jsonp-tck/bin/xml/../../../glassfish5/glassfish/modules/jakarta.inject.jar:/home/jenkins/agent/workspace/TCK_JSONP_run/jsonp-tck/bin/xml/../../../glassfish5/glassfish/modules/jakarta.json.jar:/home/jenkins/agent/workspace/TCK_JSONP_run/jsonp-tck/bin/xml/../../../glassfish5/glassfish/modules/jakarta.json-api.jar:/home/jenkins/agent/workspace/TCK_JSONP_run/jsonp-tck/bin/xml/../../../glassfish5/glassfish/modules/jakarta.persistence.jar:/home/jenkins/agent/workspace/TCK_JSONP_run/jsonp-tck/bin/xml/../../../glassfish5/glassfish/modules/jakarta.servlet-api.jar:/home/jenkins/agent/workspace/TCK_JSONP_run/jsonp-tck/bin/xml/../../../glassfish5/glassfish/modules/jakarta.transaction-api.jar DISPLAY=:0.0 HOME=/home/jenkins windir= SYSTEMROOT= /opt/tools/java/oracle/jdk-8/1.8.0_202/jre/bin/java -Djava.security.policy=/home/jenkins/agent/workspace/TCK_JSONP_run/jsonp-tck/bin/xml/../../bin/harness.policy -Djava.security.manager -Ddeliverable.class=com.sun.ts.lib.deliverable.jsonp.JSONPDeliverable com.sun.ts.tests.common.vehicle.VehicleClient -p /home/jenkins/agent/workspace/TCK_JSONP_run/jsonp-tck/bin/xml/../../tmp/tstest.jte -t jsonProviderTest9 -vehicle standalone
[javatest.batch] ************************************************************
[javatest.batch] * props file set to "/tmp/default-cts-props.txt"
[javatest.batch] ************************************************************
[javatest.batch] 11-29-2019 06:22:47:  TRACE: #######  Value of harness.socket.retry.count is "10"
[javatest.batch] 11-29-2019 06:22:47:  TRACE: #######  Value of harness.log.port is "2000"
[javatest.batch] 11-29-2019 06:22:47:  TRACE: #######  Actual bind value of harness.log.port is "2000"
[javatest.batch] 11-29-2019 06:22:47:  TRACE: in ServiceEETest.run() method
[javatest.batch] 11-29-2019 06:22:47:  TRACE: Vehicle to be used for this test is:  standalone
[javatest.batch] 11-29-2019 06:22:47:  TRACE: in custom vehicle so call on EETest.
[javatest.batch] 11-29-2019 06:22:47:  TRACE: *** in EETest.run(argv,p)
[javatest.batch] 11-29-2019 06:22:47:  TRACE: TESTCLASS=com.sun.ts.tests.jsonp.pluggability.jsonprovidertests.Client
[javatest.batch] 11-29-2019 06:22:47:  TRACE: ** IN getRunMethod: testClass=com.sun.ts.tests.jsonp.pluggability.jsonprovidertests.Client
[javatest.batch] 11-29-2019 06:22:47:  TRACE: ** IN getRunMethod: testname=jsonProviderTest9
[javatest.batch] 11-29-2019 06:22:47:  TRACE: ** GOT RUN METHOD!
[javatest.batch] 11-29-2019 06:22:47:  TRACE: **runmethod=jsonProviderTest9
[javatest.batch] 11-29-2019 06:22:47:  TRACE: ABOUT TO GET SETUP METHOD!
[javatest.batch] 11-29-2019 06:22:47:  TRACE: No setupMethod annotation present
[javatest.batch] 11-29-2019 06:22:47:  TRACE: getSetupMethod - checking for testcase specific setup method:  jsonProviderTest9_setup
[javatest.batch] 11-29-2019 06:22:47:  TRACE: getSetupMethod - checking for default class specific setup method
[javatest.batch] 11-29-2019 06:22:47:  TRACE: GOT SETUP METHOD!
[javatest.batch] 11-29-2019 06:22:47:  TRACE: No cleanupMethod annotation present
[javatest.batch] 11-29-2019 06:22:47:  TRACE: getCleanupMethod - checking for testcase specific cleanup method:  jsonProviderTest9_cleanup
[javatest.batch] 11-29-2019 06:22:47:  TRACE: getCleanupMethod - checking for default class specific cleanup method
[javatest.batch] 11-29-2019 06:22:47:  TRACE: GOT CLEANUP METHOD!
[javatest.batch] 11-29-2019 06:22:47:  TRACE: ABOUT TO INVOKE SETUP METHOD!
[javatest.batch] 11-29-2019 06:22:47:  setup ok
[javatest.batch] 11-29-2019 06:22:47:  TRACE: INVOKED SETUP METHOD!
[javatest.batch] 11-29-2019 06:22:47:  TRACE: ABOUT TO INVOKE EETEST RUN METHOD!
[javatest.batch] 11-29-2019 06:22:47:  Calling SPI provider method: public JsonWriterFactory createWriterFactory(Map<String, ?>)
[javatest.batch] 11-29-2019 06:22:47:  getEmptyConfig
[javatest.batch] 11-29-2019 06:22:47:  TRACE: public JsonWriterFactory createWriterFactory(Map<String, ?>)
[javatest.batch] 11-29-2019 06:22:47:  Verify SPI provider method was called: public JsonWriterFactory createWriterFactory(Map<String, ?>)
[javatest.batch] 11-29-2019 06:22:47:  String match
[javatest.batch] 11-29-2019 06:22:47:  Expected: public JsonWriterFactory createWriterFactory(Map<String, ?>)
[javatest.batch] 11-29-2019 06:22:47:  Actual:   public JsonWriterFactory createWriterFactory(Map<String, ?>)
[javatest.batch] 11-29-2019 06:22:47:  cleanup ok
[javatest.batch] 11-29-2019 06:22:48:  TRACE: SLEPT FOR:  1000
[javatest.batch] STATUS:Passed.
[javatest.batch] Nov 29, 2019 6:22:48 AM Finished executing all tests, wait for cleanup...
[javatest.batch] Nov 29, 2019 6:22:48 AM Harness done with cleanup from test run.
[javatest.batch] Passed.
[javatest.batch] ********************************************************************************
[javatest.batch] Finished Test:  PASSED........com/sun/ts/tests/jsonp/pluggability/jsonprovidertests/Client.java#jsonProviderTest9_from_standalone
[javatest.batch] ********************************************************************************
[javatest.batch] Number of tests completed:  18 (18 passed, 0 failed, 0 with errors)
[javatest.batch] Number of tests remaining:  0
[javatest.batch] ********************************************************************************
[javatest.batch] Completed running 18 tests.
[javatest.batch] Number of Tests Passed      = 18
[javatest.batch] Number of Tests Failed      = 0
[javatest.batch] Number of Tests with Errors = 0
[javatest.batch] ********************************************************************************
[javatest.batch] PASSED........com/sun/ts/tests/jsonp/pluggability/jsonprovidertests/Client.java#jsonProviderTest1_from_standalone
[javatest.batch] PASSED........com/sun/ts/tests/jsonp/pluggability/jsonprovidertests/Client.java#jsonProviderTest10_from_standalone
[javatest.batch] PASSED........com/sun/ts/tests/jsonp/pluggability/jsonprovidertests/Client.java#jsonProviderTest11_from_standalone
[javatest.batch] PASSED........com/sun/ts/tests/jsonp/pluggability/jsonprovidertests/Client.java#jsonProviderTest12_from_standalone
[javatest.batch] PASSED........com/sun/ts/tests/jsonp/pluggability/jsonprovidertests/Client.java#jsonProviderTest13_from_standalone
[javatest.batch] PASSED........com/sun/ts/tests/jsonp/pluggability/jsonprovidertests/Client.java#jsonProviderTest14_from_standalone
[javatest.batch] PASSED........com/sun/ts/tests/jsonp/pluggability/jsonprovidertests/Client.java#jsonProviderTest15_from_standalone
[javatest.batch] PASSED........com/sun/ts/tests/jsonp/pluggability/jsonprovidertests/Client.java#jsonProviderTest16_from_standalone
[javatest.batch] PASSED........com/sun/ts/tests/jsonp/pluggability/jsonprovidertests/Client.java#jsonProviderTest17_from_standalone
[javatest.batch] PASSED........com/sun/ts/tests/jsonp/pluggability/jsonprovidertests/Client.java#jsonProviderTest18_from_standalone
[javatest.batch] PASSED........com/sun/ts/tests/jsonp/pluggability/jsonprovidertests/Client.java#jsonProviderTest2_from_standalone
[javatest.batch] PASSED........com/sun/ts/tests/jsonp/pluggability/jsonprovidertests/Client.java#jsonProviderTest3_from_standalone
[javatest.batch] PASSED........com/sun/ts/tests/jsonp/pluggability/jsonprovidertests/Client.java#jsonProviderTest4_from_standalone
[javatest.batch] PASSED........com/sun/ts/tests/jsonp/pluggability/jsonprovidertests/Client.java#jsonProviderTest5_from_standalone
[javatest.batch] PASSED........com/sun/ts/tests/jsonp/pluggability/jsonprovidertests/Client.java#jsonProviderTest6_from_standalone
[javatest.batch] PASSED........com/sun/ts/tests/jsonp/pluggability/jsonprovidertests/Client.java#jsonProviderTest7_from_standalone
[javatest.batch] PASSED........com/sun/ts/tests/jsonp/pluggability/jsonprovidertests/Client.java#jsonProviderTest8_from_standalone
[javatest.batch] PASSED........com/sun/ts/tests/jsonp/pluggability/jsonprovidertests/Client.java#jsonProviderTest9_from_standalone
[javatest.batch] 
[javatest.batch] Total time = 25s
[javatest.batch] Setup time = 0s
[javatest.batch] Cleanup time = 0s
[javatest.batch] Test results: passed: 18
[javatest.batch] Results written to /home/jenkins/agent/workspace/TCK_JSONP_run/JTworkjsonp.
[javatest.batch] Report written to /home/jenkins/agent/workspace/TCK_JSONP_run/JTreportjsonp
     [echo] ts.home = /home/jenkins/agent/workspace/TCK_JSONP_run/jsonp-tck/bin/xml/../..
     [echo] In a bundle
     [echo] The deliverable currently in use is /home/jenkins/agent/workspace/TCK_JSONP_run/jsonp-tck/bin/xml/../../bin.

disable.alternate.jsonp.provider:
     [echo] Disable our alternate JsonProvider class for the pluggability tests ...
     [echo] ts.home = /home/jenkins/agent/workspace/TCK_JSONP_run/jsonp-tck/bin/xml/../..
     [echo] In a bundle
     [echo] The deliverable currently in use is /home/jenkins/agent/workspace/TCK_JSONP_run/jsonp-tck/bin/xml/../../bin.

run.report:
     [echo] Running JavaTest report followed by a summary report
     [echo] ts.home = /home/jenkins/agent/workspace/TCK_JSONP_run/jsonp-tck/bin/xml/../..
     [echo] In a bundle
     [echo] The deliverable currently in use is /home/jenkins/agent/workspace/TCK_JSONP_run/jsonp-tck/bin/xml/../../bin.

set.report.prop:

init:

check.existing.dirs:

backup.report.dir:

set.report.arg:

translatepath:

report:
[javatest.report] Picked up JAVA_TOOL_OPTIONS: -XX:+IgnoreUnrecognizedVMOptions -XX:+UseContainerSupport -XX:+UnlockExperimentalVMOptions -XX:+UseCGroupMemoryLimitForHeap
[javatest.report] Picked up _JAVA_OPTIONS: -XX:MaxRAMPercentage=64.0
[javatest.report] ************************************************************
[javatest.report] * props file set to "/tmp/default-cts-props.txt"
[javatest.report] ************************************************************
[javatest.report] 11-29-2019 06:22:49:  Harness - Use BinaryTestFinder...
[javatest.report] Report written to /home/jenkins/agent/workspace/TCK_JSONP_run/JTreportjsonp
     [echo] com/sun/ts/tests/jsonp/api/collectortests/CollectorTests.java#jsonCollectorTest_from_standalone...................Passed.
     [echo] com/sun/ts/tests/jsonp/api/exceptiontests/Client.java#jsonExceptionConstructorTest1_from_standalone...............Passed.
     [echo] com/sun/ts/tests/jsonp/api/exceptiontests/Client.java#jsonExceptionConstructorTest2_from_standalone...............Passed.
     [echo] com/sun/ts/tests/jsonp/api/exceptiontests/Client.java#jsonGenerationExceptionConstructorTest1_from_standalone.....Passed.
     [echo] com/sun/ts/tests/jsonp/api/exceptiontests/Client.java#jsonGenerationExceptionConstructorTest2_from_standalone.....Passed.
     [echo] com/sun/ts/tests/jsonp/api/exceptiontests/Client.java#jsonParsingExceptionConstructorTest1_from_standalone........Passed.
     [echo] com/sun/ts/tests/jsonp/api/exceptiontests/Client.java#jsonParsingExceptionConstructorTest2_from_standalone........Passed.
     [echo] com/sun/ts/tests/jsonp/api/jsonarraytests/Client.java#jsonArrayBuilder11AddTest_from_standalone...................Passed.
     [echo] com/sun/ts/tests/jsonp/api/jsonarraytests/Client.java#jsonArrayBuilder11RemoveTest_from_standalone................Passed.
     [echo] com/sun/ts/tests/jsonp/api/jsonarraytests/Client.java#jsonArrayBuilder11SetTest_from_standalone...................Passed.
     [echo] com/sun/ts/tests/jsonp/api/jsonarraytests/Client.java#jsonArrayExceptionTests_from_standalone.....................Passed.
     [echo] com/sun/ts/tests/jsonp/api/jsonarraytests/Client.java#jsonArrayGetValuesAsTest_from_standalone....................Passed.
     [echo] com/sun/ts/tests/jsonp/api/jsonarraytests/Client.java#jsonArrayNullValueExceptionTests_from_standalone............Passed.
     [echo] com/sun/ts/tests/jsonp/api/jsonarraytests/Client.java#jsonArrayTest1_from_standalone..............................Passed.
     [echo] com/sun/ts/tests/jsonp/api/jsonarraytests/Client.java#jsonArrayTest2_from_standalone..............................Passed.
     [echo] com/sun/ts/tests/jsonp/api/jsonarraytests/Client.java#jsonArrayTest3_from_standalone..............................Passed.
     [echo] com/sun/ts/tests/jsonp/api/jsonarraytests/Client.java#jsonArrayTest4_from_standalone..............................Passed.
     [echo] com/sun/ts/tests/jsonp/api/jsonarraytests/Client.java#jsonCreateArrayBuilder11Test_from_standalone................Passed.
     [echo] com/sun/ts/tests/jsonp/api/jsonbuilderfactorytests/Client.java#jsonBuilderFactory11Test_from_standalone...........Passed.
     [echo] com/sun/ts/tests/jsonp/api/jsonbuilderfactorytests/Client.java#jsonBuilderFactoryTest1_from_standalone............Passed.
     [echo] com/sun/ts/tests/jsonp/api/jsonbuilderfactorytests/Client.java#jsonBuilderFactoryTest2_from_standalone............Passed.
     [echo] com/sun/ts/tests/jsonp/api/jsoncoding/Client.java#jsonEncodeTest_from_standalone..................................Passed.
     [echo] com/sun/ts/tests/jsonp/api/jsongeneratorfactorytests/Client.java#jsonGeneratorFactoryTest1_from_standalone........Passed.
     [echo] com/sun/ts/tests/jsonp/api/jsongeneratorfactorytests/Client.java#jsonGeneratorFactoryTest2_from_standalone........Passed.
     [echo] com/sun/ts/tests/jsonp/api/jsongeneratorfactorytests/Client.java#jsonGeneratorFactoryTest3_from_standalone........Passed.
     [echo] com/sun/ts/tests/jsonp/api/jsongeneratorfactorytests/Client.java#jsonGeneratorFactoryTest4_from_standalone........Passed.
     [echo] com/sun/ts/tests/jsonp/api/jsongeneratortests/Client.java#flushTest_from_standalone...............................Passed.
     [echo] com/sun/ts/tests/jsonp/api/jsongeneratortests/Client.java#jsonGeneratorArrayTest1_from_standalone.................Passed.
     [echo] com/sun/ts/tests/jsonp/api/jsongeneratortests/Client.java#jsonGeneratorArrayTest2_from_standalone.................Passed.
     [echo] com/sun/ts/tests/jsonp/api/jsongeneratortests/Client.java#jsonGeneratorArrayTest3_from_standalone.................Passed.
     [echo] com/sun/ts/tests/jsonp/api/jsongeneratortests/Client.java#jsonGeneratorArrayTest4_from_standalone.................Passed.
     [echo] com/sun/ts/tests/jsonp/api/jsongeneratortests/Client.java#jsonGeneratorArrayTest5_from_standalone.................Passed.
     [echo] com/sun/ts/tests/jsonp/api/jsongeneratortests/Client.java#jsonGeneratorDocumentRootTest_from_standalone...........Passed.
     [echo] com/sun/ts/tests/jsonp/api/jsongeneratortests/Client.java#jsonGeneratorExceptionTests_from_standalone.............Passed.
     [echo] com/sun/ts/tests/jsonp/api/jsongeneratortests/Client.java#jsonGeneratorIOErrorTests_from_standalone...............Passed.
     [echo] com/sun/ts/tests/jsonp/api/jsongeneratortests/Client.java#jsonGeneratorObjectConfigTest1_from_standalone..........Passed.
     [echo] com/sun/ts/tests/jsonp/api/jsongeneratortests/Client.java#jsonGeneratorObjectConfigTest2_from_standalone..........Passed.
     [echo] com/sun/ts/tests/jsonp/api/jsongeneratortests/Client.java#jsonGeneratorObjectEncodingTest1_from_standalone........Passed.
     [echo] com/sun/ts/tests/jsonp/api/jsongeneratortests/Client.java#jsonGeneratorObjectEncodingTest2_from_standalone........Passed.
     [echo] com/sun/ts/tests/jsonp/api/jsongeneratortests/Client.java#jsonGeneratorObjectTest1_from_standalone................Passed.
     [echo] com/sun/ts/tests/jsonp/api/jsongeneratortests/Client.java#jsonGeneratorObjectTest2_from_standalone................Passed.
     [echo] com/sun/ts/tests/jsonp/api/jsongeneratortests/Client.java#jsonGeneratorObjectTest3_from_standalone................Passed.
     [echo] com/sun/ts/tests/jsonp/api/jsongeneratortests/Client.java#jsonGeneratorObjectTest4_from_standalone................Passed.
     [echo] com/sun/ts/tests/jsonp/api/jsongeneratortests/Client.java#jsonGeneratorObjectTest5_from_standalone................Passed.
     [echo] com/sun/ts/tests/jsonp/api/jsongeneratortests/Client.java#jsonGeneratorUTFEncodedTests_from_standalone............Passed.
     [echo] com/sun/ts/tests/jsonp/api/jsonnumbertests/Client.java#jsonNumberEqualsTest_from_standalone.......................Passed.
     [echo] com/sun/ts/tests/jsonp/api/jsonnumbertests/Client.java#jsonNumberHashCodeTest_from_standalone.....................Passed.
     [echo] com/sun/ts/tests/jsonp/api/jsonnumbertests/Client.java#jsonNumberIsIntegralTest_from_standalone...................Passed.
     [echo] com/sun/ts/tests/jsonp/api/jsonobjecttests/Client.java#jsonCreateObjectBuilder11Test_from_standalone..............Passed.
     [echo] com/sun/ts/tests/jsonp/api/jsonobjecttests/Client.java#jsonObjectBuilder11Test_from_standalone....................Passed.
     [echo] com/sun/ts/tests/jsonp/api/jsonobjecttests/Client.java#jsonObjectExceptionTests_from_standalone...................Passed.
     [echo] com/sun/ts/tests/jsonp/api/jsonobjecttests/Client.java#jsonObjectNullNameValueExceptionTests_from_standalone......Passed.
     [echo] com/sun/ts/tests/jsonp/api/jsonobjecttests/Client.java#jsonObjectTest1_from_standalone............................Passed.
     [echo] com/sun/ts/tests/jsonp/api/jsonobjecttests/Client.java#jsonObjectTest2_from_standalone............................Passed.
     [echo] com/sun/ts/tests/jsonp/api/jsonobjecttests/Client.java#jsonObjectTest3_from_standalone............................Passed.
     [echo] com/sun/ts/tests/jsonp/api/jsonobjecttests/Client.java#jsonObjectTest4_from_standalone............................Passed.
     [echo] com/sun/ts/tests/jsonp/api/jsonparsereventtests/Client.java#jsonValueOfTest_from_standalone.......................Passed.
     [echo] com/sun/ts/tests/jsonp/api/jsonparsereventtests/Client.java#jsonValuesTest_from_standalone........................Passed.
     [echo] com/sun/ts/tests/jsonp/api/jsonparserfactorytests/Client.java#jsonParserFactoryExceptionTest_from_standalone......Passed.
     [echo] com/sun/ts/tests/jsonp/api/jsonparserfactorytests/Client.java#jsonParserFactoryTest1_from_standalone..............Passed.
     [echo] com/sun/ts/tests/jsonp/api/jsonparserfactorytests/Client.java#jsonParserFactoryTest2_from_standalone..............Passed.
     [echo] com/sun/ts/tests/jsonp/api/jsonparserfactorytests/Client.java#jsonParserFactoryTest3_from_standalone..............Passed.
     [echo] com/sun/ts/tests/jsonp/api/jsonparserfactorytests/Client.java#jsonParserFactoryTest4_from_standalone..............Passed.
     [echo] com/sun/ts/tests/jsonp/api/jsonparserfactorytests/Client.java#jsonParserFactoryTest5_from_standalone..............Passed.
     [echo] com/sun/ts/tests/jsonp/api/jsonparserfactorytests/Client.java#jsonParserFactoryTest6_from_standalone..............Passed.
     [echo] com/sun/ts/tests/jsonp/api/jsonparsertests/Client.java#invalidLiteralNamesTest_from_standalone....................Passed.
     [echo] com/sun/ts/tests/jsonp/api/jsonparsertests/Client.java#jsonParser11Test_from_standalone...........................Passed.
     [echo] com/sun/ts/tests/jsonp/api/jsonparsertests/Client.java#jsonParserExceptionTests_from_standalone...................Passed.
     [echo] com/sun/ts/tests/jsonp/api/jsonparsertests/Client.java#jsonParserIOErrorTests_from_standalone.....................Passed.
     [echo] com/sun/ts/tests/jsonp/api/jsonparsertests/Client.java#jsonParserIllegalExceptionTests_from_standalone............Passed.
     [echo] com/sun/ts/tests/jsonp/api/jsonparsertests/Client.java#jsonParserIsIntegralNumberTest_from_standalone.............Passed.
     [echo] com/sun/ts/tests/jsonp/api/jsonparsertests/Client.java#jsonParserTest10_from_standalone...........................Passed.
     [echo] com/sun/ts/tests/jsonp/api/jsonparsertests/Client.java#jsonParserTest11_from_standalone...........................Passed.
     [echo] com/sun/ts/tests/jsonp/api/jsonparsertests/Client.java#jsonParserTest12_from_standalone...........................Passed.
     [echo] com/sun/ts/tests/jsonp/api/jsonparsertests/Client.java#jsonParserTest13_from_standalone...........................Passed.
     [echo] com/sun/ts/tests/jsonp/api/jsonparsertests/Client.java#jsonParserTest14_from_standalone...........................Passed.
     [echo] com/sun/ts/tests/jsonp/api/jsonparsertests/Client.java#jsonParserTest1_from_standalone............................Passed.
     [echo] com/sun/ts/tests/jsonp/api/jsonparsertests/Client.java#jsonParserTest2_from_standalone............................Passed.
     [echo] com/sun/ts/tests/jsonp/api/jsonparsertests/Client.java#jsonParserTest3_from_standalone............................Passed.
     [echo] com/sun/ts/tests/jsonp/api/jsonparsertests/Client.java#jsonParserTest4_from_standalone............................Passed.
     [echo] com/sun/ts/tests/jsonp/api/jsonparsertests/Client.java#jsonParserTest5_from_standalone............................Passed.
     [echo] com/sun/ts/tests/jsonp/api/jsonparsertests/Client.java#jsonParserTest6_from_standalone............................Passed.
     [echo] com/sun/ts/tests/jsonp/api/jsonparsertests/Client.java#jsonParserTest7_from_standalone............................Passed.
     [echo] com/sun/ts/tests/jsonp/api/jsonparsertests/Client.java#jsonParserTest8_from_standalone............................Passed.
     [echo] com/sun/ts/tests/jsonp/api/jsonparsertests/Client.java#jsonParserTest9_from_standalone............................Passed.
     [echo] com/sun/ts/tests/jsonp/api/jsonparsertests/Client.java#parseUTFEncodedTests2_from_standalone......................Passed.
     [echo] com/sun/ts/tests/jsonp/api/jsonparsertests/Client.java#parseUTFEncodedTests_from_standalone.......................Passed.
     [echo] com/sun/ts/tests/jsonp/api/jsonreaderfactorytests/Client.java#jsonReaderFactoryTest1_from_standalone..............Passed.
     [echo] com/sun/ts/tests/jsonp/api/jsonreaderfactorytests/Client.java#jsonReaderFactoryTest2_from_standalone..............Passed.
     [echo] com/sun/ts/tests/jsonp/api/jsonreaderfactorytests/Client.java#jsonReaderFactoryTest3_from_standalone..............Passed.
     [echo] com/sun/ts/tests/jsonp/api/jsonreaderfactorytests/Client.java#jsonReaderFactoryTest4_from_standalone..............Passed.
     [echo] com/sun/ts/tests/jsonp/api/jsonreadertests/Client.java#illegalStateExceptionTests_from_standalone.................Passed.
     [echo] com/sun/ts/tests/jsonp/api/jsonreadertests/Client.java#invalidLiteralNamesTest_from_standalone....................Passed.
     [echo] com/sun/ts/tests/jsonp/api/jsonreadertests/Client.java#jsonReader11Test_from_standalone...........................Passed.
     [echo] com/sun/ts/tests/jsonp/api/jsonreadertests/Client.java#jsonReaderIOErrorTests_from_standalone.....................Passed.
     [echo] com/sun/ts/tests/jsonp/api/jsonreadertests/Client.java#negativeArrayTests_from_standalone.........................Passed.
     [echo] com/sun/ts/tests/jsonp/api/jsonreadertests/Client.java#negativeJsonStructureTests_from_standalone.................Passed.
     [echo] com/sun/ts/tests/jsonp/api/jsonreadertests/Client.java#negativeObjectTests_from_standalone........................Passed.
     [echo] com/sun/ts/tests/jsonp/api/jsonreadertests/Client.java#readArrayEncodingTest_from_standalone......................Passed.
     [echo] com/sun/ts/tests/jsonp/api/jsonreadertests/Client.java#readArrayTest2_from_standalone.............................Passed.
     [echo] com/sun/ts/tests/jsonp/api/jsonreadertests/Client.java#readArrayTest3_from_standalone.............................Passed.
     [echo] com/sun/ts/tests/jsonp/api/jsonreadertests/Client.java#readArrayTest4_from_standalone.............................Passed.
     [echo] com/sun/ts/tests/jsonp/api/jsonreadertests/Client.java#readArrayTest5_from_standalone.............................Passed.
     [echo] com/sun/ts/tests/jsonp/api/jsonreadertests/Client.java#readArrayTest_from_standalone..............................Passed.
     [echo] com/sun/ts/tests/jsonp/api/jsonreadertests/Client.java#readEmptyArrayTest_from_standalone.........................Passed.
     [echo] com/sun/ts/tests/jsonp/api/jsonreadertests/Client.java#readEmptyObjectTest_from_standalone........................Passed.
     [echo] com/sun/ts/tests/jsonp/api/jsonreadertests/Client.java#readEscapeCharsInArrayTest_from_standalone.................Passed.
     [echo] com/sun/ts/tests/jsonp/api/jsonreadertests/Client.java#readEscapeCharsInObjectTest_from_standalone................Passed.
     [echo] com/sun/ts/tests/jsonp/api/jsonreadertests/Client.java#readEscapeUnicodeCharsInArrayTest_from_standalone..........Passed.
     [echo] com/sun/ts/tests/jsonp/api/jsonreadertests/Client.java#readEscapeUnicodeCharsInObjectTest_from_standalone.........Passed.
     [echo] com/sun/ts/tests/jsonp/api/jsonreadertests/Client.java#readEscapeUnicodeControlCharsInArrayTest_from_standalone...Passed.
     [echo] com/sun/ts/tests/jsonp/api/jsonreadertests/Client.java#readEscapeUnicodeControlCharsInObjectTest_from_standalone..Passed.
     [echo] com/sun/ts/tests/jsonp/api/jsonreadertests/Client.java#readObjectEncodingTest_from_standalone.....................Passed.
     [echo] com/sun/ts/tests/jsonp/api/jsonreadertests/Client.java#readObjectTest2_from_standalone............................Passed.
     [echo] com/sun/ts/tests/jsonp/api/jsonreadertests/Client.java#readObjectTest3_from_standalone............................Passed.
     [echo] com/sun/ts/tests/jsonp/api/jsonreadertests/Client.java#readObjectTest4_from_standalone............................Passed.
     [echo] com/sun/ts/tests/jsonp/api/jsonreadertests/Client.java#readObjectTest5_from_standalone............................Passed.
     [echo] com/sun/ts/tests/jsonp/api/jsonreadertests/Client.java#readObjectTest_from_standalone.............................Passed.
     [echo] com/sun/ts/tests/jsonp/api/jsonreadertests/Client.java#readUTFEncodedTests2_from_standalone.......................Passed.
     [echo] com/sun/ts/tests/jsonp/api/jsonreadertests/Client.java#readUTFEncodedTests_from_standalone........................Passed.
     [echo] com/sun/ts/tests/jsonp/api/jsonstreamingtests/Client.java#streamingTest1_from_standalone..........................Passed.
     [echo] com/sun/ts/tests/jsonp/api/jsonstreamingtests/Client.java#streamingTest2_from_standalone..........................Passed.
     [echo] com/sun/ts/tests/jsonp/api/jsonstreamingtests/Client.java#streamingTest3_from_standalone..........................Passed.
     [echo] com/sun/ts/tests/jsonp/api/jsonstreamingtests/Client.java#streamingTest4_from_standalone..........................Passed.
     [echo] com/sun/ts/tests/jsonp/api/jsonstringtests/Client.java#jsonStringEqualsTest_from_standalone.......................Passed.
     [echo] com/sun/ts/tests/jsonp/api/jsonstringtests/Client.java#jsonStringGetCharsTest_from_standalone.....................Passed.
     [echo] com/sun/ts/tests/jsonp/api/jsonstringtests/Client.java#jsonStringHashCodeTest_from_standalone.....................Passed.
     [echo] com/sun/ts/tests/jsonp/api/jsonvaluetests/Client.java#jsonStructure11Test_from_standalone.........................Passed.
     [echo] com/sun/ts/tests/jsonp/api/jsonvaluetests/Client.java#jsonValue11Test_from_standalone.............................Passed.
     [echo] com/sun/ts/tests/jsonp/api/jsonvaluetests/Client.java#jsonValueOfTest_from_standalone.............................Passed.
     [echo] com/sun/ts/tests/jsonp/api/jsonvaluetests/Client.java#jsonValueToStringTest_from_standalone.......................Passed.
     [echo] com/sun/ts/tests/jsonp/api/jsonvaluetests/Client.java#jsonValueTypesTest_from_standalone..........................Passed.
     [echo] com/sun/ts/tests/jsonp/api/jsonvaluetests/Client.java#jsonValuesTest_from_standalone..............................Passed.
     [echo] com/sun/ts/tests/jsonp/api/jsonwriterfactorytests/Client.java#jsonWriterFactoryTest1_from_standalone..............Passed.
     [echo] com/sun/ts/tests/jsonp/api/jsonwriterfactorytests/Client.java#jsonWriterFactoryTest2_from_standalone..............Passed.
     [echo] com/sun/ts/tests/jsonp/api/jsonwriterfactorytests/Client.java#jsonWriterFactoryTest3_from_standalone..............Passed.
     [echo] com/sun/ts/tests/jsonp/api/jsonwriterfactorytests/Client.java#jsonWriterFactoryTest4_from_standalone..............Passed.
     [echo] com/sun/ts/tests/jsonp/api/jsonwritertests/Client.java#jsonWriter11Test_from_standalone...........................Passed.
     [echo] com/sun/ts/tests/jsonp/api/jsonwritertests/Client.java#jsonWriterExceptionTests_from_standalone...................Passed.
     [echo] com/sun/ts/tests/jsonp/api/jsonwritertests/Client.java#jsonWriterIOErrorTests_from_standalone.....................Passed.
     [echo] com/sun/ts/tests/jsonp/api/jsonwritertests/Client.java#jsonWriterTest1_from_standalone............................Passed.
     [echo] com/sun/ts/tests/jsonp/api/jsonwritertests/Client.java#jsonWriterTest2_from_standalone............................Passed.
     [echo] com/sun/ts/tests/jsonp/api/jsonwritertests/Client.java#jsonWriterTest3_from_standalone............................Passed.
     [echo] com/sun/ts/tests/jsonp/api/jsonwritertests/Client.java#jsonWriterTest4_from_standalone............................Passed.
     [echo] com/sun/ts/tests/jsonp/api/jsonwritertests/Client.java#jsonWriterTest5_from_standalone............................Passed.
     [echo] com/sun/ts/tests/jsonp/api/jsonwritertests/Client.java#jsonWriterTest6_from_standalone............................Passed.
     [echo] com/sun/ts/tests/jsonp/api/jsonwritertests/Client.java#jsonWriterTest7_from_standalone............................Passed.
     [echo] com/sun/ts/tests/jsonp/api/jsonwritertests/Client.java#jsonWriterTest8_from_standalone............................Passed.
     [echo] com/sun/ts/tests/jsonp/api/jsonwritertests/Client.java#jsonWriterUTFEncodedTests_from_standalone..................Passed.
     [echo] com/sun/ts/tests/jsonp/api/jsonwritertests/Client.java#jsonWriterWithConfigTest1_from_standalone..................Passed.
     [echo] com/sun/ts/tests/jsonp/api/jsonwritertests/Client.java#jsonWriterWithConfigTest2_from_standalone..................Passed.
     [echo] com/sun/ts/tests/jsonp/api/mergetests/MergeTests.java#jsonMergeAddValueTest_from_standalone.......................Passed.
     [echo] com/sun/ts/tests/jsonp/api/mergetests/MergeTests.java#jsonMergeNonObjectTest_from_standalone......................Passed.
     [echo] com/sun/ts/tests/jsonp/api/mergetests/MergeTests.java#jsonMergeRFCSampleTest_from_standalone......................Passed.
     [echo] com/sun/ts/tests/jsonp/api/mergetests/MergeTests.java#jsonMergeRemoveValueTest_from_standalone....................Passed.
     [echo] com/sun/ts/tests/jsonp/api/mergetests/MergeTests.java#jsonMergeReplaceValueTest_from_standalone...................Passed.
     [echo] com/sun/ts/tests/jsonp/api/patchtests/PatchTests.java#jsonCreatePatch11Test_from_standalone.......................Passed.
     [echo] com/sun/ts/tests/jsonp/api/patchtests/PatchTests.java#jsonJsonPatchOperation11Test_from_standalone................Passed.
     [echo] com/sun/ts/tests/jsonp/api/patchtests/PatchTests.java#jsonPatchAddTest_from_standalone............................Passed.
     [echo] com/sun/ts/tests/jsonp/api/patchtests/PatchTests.java#jsonPatchCopyTest_from_standalone...........................Passed.
     [echo] com/sun/ts/tests/jsonp/api/patchtests/PatchTests.java#jsonPatchMoveTest_from_standalone...........................Passed.
     [echo] com/sun/ts/tests/jsonp/api/patchtests/PatchTests.java#jsonPatchRemoveTest_from_standalone.........................Passed.
     [echo] com/sun/ts/tests/jsonp/api/patchtests/PatchTests.java#jsonPatchReplaceTest_from_standalone........................Passed.
     [echo] com/sun/ts/tests/jsonp/api/patchtests/PatchTests.java#jsonPatchTestTest_from_standalone...........................Passed.
     [echo] com/sun/ts/tests/jsonp/api/pointertests/PointerTests.java#jsonPointerAddOperationTest_from_standalone.............Passed.
     [echo] com/sun/ts/tests/jsonp/api/pointertests/PointerTests.java#jsonPointerRemoveOperationTest_from_standalone..........Passed.
     [echo] com/sun/ts/tests/jsonp/api/pointertests/PointerTests.java#jsonPointerReplaceOperationTest_from_standalone.........Passed.
     [echo] com/sun/ts/tests/jsonp/api/pointertests/PointerTests.java#jsonPointerResolveTest_from_standalone..................Passed.
     [echo] com/sun/ts/tests/jsonp/pluggability/jsonprovidertests/Client.java#jsonProviderTest10_from_standalone..............Passed.
     [echo] com/sun/ts/tests/jsonp/pluggability/jsonprovidertests/Client.java#jsonProviderTest11_from_standalone..............Passed.
     [echo] com/sun/ts/tests/jsonp/pluggability/jsonprovidertests/Client.java#jsonProviderTest12_from_standalone..............Passed.
     [echo] com/sun/ts/tests/jsonp/pluggability/jsonprovidertests/Client.java#jsonProviderTest13_from_standalone..............Passed.
     [echo] com/sun/ts/tests/jsonp/pluggability/jsonprovidertests/Client.java#jsonProviderTest14_from_standalone..............Passed.
     [echo] com/sun/ts/tests/jsonp/pluggability/jsonprovidertests/Client.java#jsonProviderTest15_from_standalone..............Passed.
     [echo] com/sun/ts/tests/jsonp/pluggability/jsonprovidertests/Client.java#jsonProviderTest16_from_standalone..............Passed.
     [echo] com/sun/ts/tests/jsonp/pluggability/jsonprovidertests/Client.java#jsonProviderTest17_from_standalone..............Passed.
     [echo] com/sun/ts/tests/jsonp/pluggability/jsonprovidertests/Client.java#jsonProviderTest18_from_standalone..............Passed.
     [echo] com/sun/ts/tests/jsonp/pluggability/jsonprovidertests/Client.java#jsonProviderTest1_from_standalone...............Passed.
     [echo] com/sun/ts/tests/jsonp/pluggability/jsonprovidertests/Client.java#jsonProviderTest2_from_standalone...............Passed.
     [echo] com/sun/ts/tests/jsonp/pluggability/jsonprovidertests/Client.java#jsonProviderTest3_from_standalone...............Passed.
     [echo] com/sun/ts/tests/jsonp/pluggability/jsonprovidertests/Client.java#jsonProviderTest4_from_standalone...............Passed.
     [echo] com/sun/ts/tests/jsonp/pluggability/jsonprovidertests/Client.java#jsonProviderTest5_from_standalone...............Passed.
     [echo] com/sun/ts/tests/jsonp/pluggability/jsonprovidertests/Client.java#jsonProviderTest6_from_standalone...............Passed.
     [echo] com/sun/ts/tests/jsonp/pluggability/jsonprovidertests/Client.java#jsonProviderTest7_from_standalone...............Passed.
     [echo] com/sun/ts/tests/jsonp/pluggability/jsonprovidertests/Client.java#jsonProviderTest8_from_standalone...............Passed.
     [echo] com/sun/ts/tests/jsonp/pluggability/jsonprovidertests/Client.java#jsonProviderTest9_from_standalone...............Passed.
     [echo] com/sun/ts/tests/signaturetest/jsonp/JSONPSigTest.java#signatureTest_from_standalone..............................Passed.
     [echo] ********************************************************************************
     [echo] Completed running 187 tests.
     [echo] Number of Tests Passed = 187
     [echo] Number of Tests Failed = 0
     [echo] Number of Tests with Errors = 0
     [echo] ********************************************************************************

BUILD SUCCESSFUL
Total time: 4 minutes 36 seconds
